#
# A fatal error has been detected by the Java Runtime Environment:
#
#  EXCEPTION_ACCESS_VIOLATION (0xc0000005) at pc=0x00007ff8c81f6fd4, pid=22120, tid=22364
#
# JRE version: OpenJDK Runtime Environment (26.0+27) (build 26-ea+27-2778)
# Java VM: OpenJDK 64-Bit Server VM (26-ea+27-2778, mixed mode, emulated-client, sharing, tiered, compressed oops, compressed class ptrs, g1 gc, windows-amd64)
# Problematic frame:
# C  [libasyncProfiler.dll+0x46fd4]
#
# No core dump will be written. Minidumps are not enabled by default on client versions of Windows
#
# If you would like to submit a bug report, please visit:
#   https://bugreport.java.com/bugreport/crash.jsp
# The crash happened outside the Java Virtual Machine in native code.
# See problematic frame for where to report the bug.
#

---------------  S U M M A R Y ------------

Command Line: -XX:TieredStopAtLevel=1 -Dspring.output.ansi.enabled=always -Dcom.sun.management.jmxremote -Dspring.jmx.enabled=true -Dspring.liveBeansView.mbeanDomain -Dspring.application.admin.enabled=true -Dmanagement.endpoints.jmx.exposure.include=* -javaagent:C:\Program Files\JetBrains\IntelliJ IDEA 2025.2.5\lib\idea_rt.jar=58682 -Dfile.encoding=UTF-8 -Dsun.stdout.encoding=UTF-8 -Dsun.stderr.encoding=UTF-8 kg.attractor.jobsearch_remake.JobSearchRemakeApplication

Host: 13th Gen Intel(R) Core(TM) i7-13620H, 16 cores, 15G,  Windows 11 , 64 bit Build 26100 (10.0.26100.8246)
Time: Wed Apr 15 20:15:37 2026 elapsed time: 166.111052 seconds (0d 0h 2m 46s)

---------------  T H R E A D  ---------------

Current thread (0x00000234d4d303a0):  JavaThread "Attach Listener" daemon [_thread_in_native, id=22364, stack(0x000000ea52900000,0x000000ea52a00000) (1024K)]

Stack: [0x000000ea52900000,0x000000ea52a00000],  sp=0x000000ea529fee30,  free space=1019k
Native frames: (J=compiled Java code, j=interpreted, Vv=VM code, C=native code)
C  [libasyncProfiler.dll+0x46fd4]  (no source info available)
C  [libasyncProfiler.dll+0x4a10c]  (no source info available)
C  [libasyncProfiler.dll+0x4fb2d]  (no source info available)
C  [libasyncProfiler.dll+0x4bd31]  (no source info available)
C  [libasyncProfiler.dll+0x47f86]  (no source info available)
C  [libasyncProfiler.dll+0x45ab7]  (no source info available)
C  [libasyncProfiler.dll+0x4b1ba]  (no source info available)
C  [libasyncProfiler.dll+0x81596]  (no source info available)
C  [libasyncProfiler.dll+0x7f84d]  (no source info available)
C  [libasyncProfiler.dll+0x7f6b3]  (no source info available)
C  [libasyncProfiler.dll+0x86aae]  (no source info available)
V  [jvm.dll+0x61beb6]  (no source info available)
V  [jvm.dll+0x61cbf7]  (no source info available)
V  [jvm.dll+0x1a6777]  (no source info available)
V  [jvm.dll+0x1a8204]  (no source info available)
V  [jvm.dll+0x4a3cf1]  (no source info available)
V  [jvm.dll+0x94ec89]  (no source info available)
V  [jvm.dll+0x7d6988]  (no source info available)
C  [ucrtbase.dll+0x37b0]  (no source info available)
C  [KERNEL32.DLL+0x2e8d7]  (no source info available)
C  [ntdll.dll+0x8c3fc]  (no source info available)


siginfo: EXCEPTION_ACCESS_VIOLATION (0xc0000005), reading address 0x0000000000014ab5


Registers:
RAX=0x0000000000000014, RBX=0x0000000000014ab5, RCX=0x000000ea529ff000, RDX=0x00000234db9442c8
RSP=0x000000ea529fee30, RBP=0x000000ea529ff000, RSI=0x00000234db9442c8, RDI=0x0000000000000000
R8 =0x0000000000014ab5, R9 =0x0000000000000001, R10=0x00000234de2a65e0, R11=0x00000234db9442a0
R12=0x00000234de2a65c8, R13=0x00000234dc6a78e8, R14=0x0000000000014ab5, R15=0x0000000000000001
RIP=0x00007ff8c81f6fd4, EFLAGS=0x0000000000010202

XMM[0]=0x0000000000000000 0x00000234ddf1c310
XMM[1]=0x74202c6461657268 0x742065766974616e
XMM[2]=0x306537357830203a 0x646974202c646165
XMM[3]=0x0000000000000000 0x0000000000000000
XMM[4]=0x0000000000000000 0x0000000000000000
XMM[5]=0x656b616d65525f68 0x6372616553626f4a
XMM[6]=0x0000000000000000 0x0000000000000000
XMM[7]=0x0000000000000000 0x0000000000000000
XMM[8]=0x0000000000000000 0x0000000000000000
XMM[9]=0x0000000000000000 0x0000000000000000
XMM[10]=0x0000000000000000 0x0000000000000000
XMM[11]=0x0000000000000000 0x0000000000000000
XMM[12]=0x0000000000000000 0x0000000000000000
XMM[13]=0x0000000000000000 0x0000000000000000
XMM[14]=0x0000000000000000 0x0000000000000000
XMM[15]=0x0000000000000000 0x0000000000000000
  MXCSR=0x00001fa0


Register to memory mapping:

RAX=0x0000000000000014 is an unknown value
RBX=0x0000000000014ab5 is an unknown value
RCX=0x000000ea529ff000 is pointing into the stack for thread: 0x00000234d4d303a0
RDX=0x00000234db9442c8 points into unknown readable memory: 0x0000000173616201 | 01 62 61 73 01 00 00 00
RSP=0x000000ea529fee30 is pointing into the stack for thread: 0x00000234d4d303a0
RBP=0x000000ea529ff000 is pointing into the stack for thread: 0x00000234d4d303a0
RSI=0x00000234db9442c8 points into unknown readable memory: 0x0000000173616201 | 01 62 61 73 01 00 00 00
RDI=0x0 is null
R8 =0x0000000000014ab5 is an unknown value
R9 =0x0000000000000001 is an unknown value
R10=0x00000234de2a65e0 points into unknown readable memory: 0x000000003f800000 | 00 00 80 3f 00 00 00 00
R11=0x00000234db9442a0 points into unknown readable memory: 0x00000234ddf1c310 | 10 c3 f1 dd 34 02 00 00
R12=0x00000234de2a65c8 points into unknown readable memory: 0x00000234ddf1c310 | 10 c3 f1 dd 34 02 00 00
R13=0x00000234dc6a78e8 points into unknown readable memory: 0x0000000000000014 | 14 00 00 00 00 00 00 00
R14=0x0000000000014ab5 is an unknown value
R15=0x0000000000000001 is an unknown value

Top of Stack: (sp=0x000000ea529fee30)
0x000000ea529fee30:   0000000000000000 00007ff8c830e3ec   ..........0.....
0x000000ea529fee40:   0000000000000148 0000000000000058   H.......X.......
0x000000ea529fee50:   00000234ddf1c310 0000000000000020   ....4... .......
0x000000ea529fee60:   0000000000000058 00007ff8c829a557   X.......W.).....
0x000000ea529fee70:   00000234de19e040 000000000000014c   @...4...L.......
0x000000ea529fee80:   00000234ddf1c310 000000ea529ff000   ....4......R....
0x000000ea529fee90:   00000234db9442c8 00007ff8c81fa10c   .B..4...........
0x000000ea529feea0:   0000000000014ab5 0000000000000000   .J..............
0x000000ea529feeb0:   00000234d5a36920 000000ea529fef10    i..4......R....
0x000000ea529feec0:   00000234de2a65e0 00007ff8c82009c8   .e*.4..... .....
0x000000ea529feed0:   00000234ddf1c310 0000000000000000   ....4...........
0x000000ea529feee0:   00007ff8c8346498 00000234ddf1c310   .d4.........4...
0x000000ea529feef0:   0000000000000000 00000234d5a36920   ........ i..4...
0x000000ea529fef00:   00000234d5a36a6c 000018dc7a215f0e   lj..4...._!z....
0x000000ea529fef10:   00000234dc6a78e8 0000000000000000   .xj.4...........
0x000000ea529fef20:   00000234d4d31a50 00000234dc6a78e0   P...4....xj.4...
0x000000ea529fef30:   00000234de19e040 000000ea529ff090   @...4......R....
0x000000ea529fef40:   00000234de19e040 00007ff8c81ffb2d   @...4...-.......
0x000000ea529fef50:   00000234db9288f0 0000000000000000   ....4...........
0x000000ea529fef60:   3532323d6469745b 000000ea529ff000   [tid=225...R....
0x000000ea529fef70:   00000234db928df0 0000000000001008   ....4...........
0x000000ea529fef80:   000018dc7a215f7e 00007ff8c82dc587   ~_!z......-.....
0x000000ea529fef90:   0000000000000000 000000ea529ff090   ...........R....
0x000000ea529fefa0:   00000234d4d31a50 0000000000000000   P...4...........
0x000000ea529fefb0:   00000234de19e040 000000ea529ff0a0   @...4......R....
0x000000ea529fefc0:   00000234de19e040 00007ff8c81fbd31   @...4...1.......
0x000000ea529fefd0:   00007ff8c81b21f8 0000000000000000   .!..............
0x000000ea529fefe0:   000000ea529ff000 000000ea529ff090   ...R.......R....
0x000000ea529feff0:   000000ea529ff0a0 00007ff800000000   ...R............
0x000000ea529ff000:   00000234de2a65c8 00000234dbcf3990   .e*.4....9..4...
0x000000ea529ff010:   00000234dba080b0 00000234d58b9ab0   ....4.......4...
0x000000ea529ff020:   0000000000000001 00000234d58675a0   .........u..4...

Instructions: (pc=0x00007ff8c81f6fd4)
  0x00007ff8c81f6ed4:   08 8b 8b 6c 05 10 00 eb 06 8b 8b 68 05 10 00 48
  0x00007ff8c81f6ee4:   8d 57 04 e8 a9 d9 fb ff 85 c0 7e 0b 48 98 f0 48
  0x00007ff8c81f6ef4:   0f c1 83 f0 86 10 00 c7 07 00 00 00 00 48 8b 0d
  0x00007ff8c81f6f04:   18 71 1a 00 49 03 ce e8 31 b5 fb ff b9 ff ff ff
  0x00007ff8c81f6f14:   ff f0 0f c1 08 49 83 c6 04 48 81 c7 00 00 01 00
  0x00007ff8c81f6f24:   49 83 ed 01 0f 85 52 ff ff ff 4c 8b 74 24 20 4c
  0x00007ff8c81f6f34:   8b 6c 24 28 4c 8b 64 24 30 48 8b 7c 24 38 48 8b
  0x00007ff8c81f6f44:   74 24 40 48 8b 6c 24 68 48 83 c4 48 41 5f 5b c3
  0x00007ff8c81f6f54:   cc cc cc cc cc cc cc cc cc cc cc cc cc cc cc cc
  0x00007ff8c81f6f64:   cc cc cc cc cc cc cc cc cc cc cc cc cc cc cc cc
  0x00007ff8c81f6f74:   cc cc cc cc cc cc cc cc cc cc cc cc cc cc cc cc
  0x00007ff8c81f6f84:   cc cc cc cc cc cc cc cc cc cc cc cc cc cc cc cc
  0x00007ff8c81f6f94:   cc cc cc cc cc cc cc cc cc cc cc cc cc cc cc cc
  0x00007ff8c81f6fa4:   cc cc cc cc cc cc cc cc cc cc cc cc 48 89 6c 24
  0x00007ff8c81f6fb4:   20 56 41 56 41 57 48 83 ec 50 80 3d f4 71 1a 00
  0x00007ff8c81f6fc4:   00 45 0f b6 f9 4d 8b f0 48 8b f2 48 8b e9 74 26
=>0x00007ff8c81f6fd4:   49 8b 08 48 85 c9 74 0a e8 b6 a4 fb ff 48 85 c0
  0x00007ff8c81f6fe4:   75 14 32 c0 48 8b ac 24 88 00 00 00 48 83 c4 50
  0x00007ff8c81f6ff4:   41 5f 41 5e 5e c3 48 89 5c 24 70 4c 8d 4c 24 38
  0x00007ff8c81f7004:   48 89 7c 24 78 4c 8d 44 24 40 48 8b 3d 4b 71 1a
  0x00007ff8c81f7014:   00 49 8b d6 4c 89 a4 24 80 00 00 00 48 8b cf 45
  0x00007ff8c81f7024:   33 e4 4c 89 64 24 30 4c 89 64 24 48 4c 89 64 24
  0x00007ff8c81f7034:   40 4c 89 64 24 38 48 8b 07 4c 89 64 24 20 4c 8b
  0x00007ff8c81f7044:   90 f8 01 00 00 41 ff d2 85 c0 0f 85 7d 00 00 00
  0x00007ff8c81f7054:   48 8b 07 4c 8d 44 24 30 49 8b d6 48 8b cf 4c 8b
  0x00007ff8c81f7064:   88 00 02 00 00 41 ff d1 85 c0 75 61 48 8b 07 4c
  0x00007ff8c81f7074:   8d 44 24 48 48 8b 54 24 30 45 33 c9 48 8b cf 4c
  0x00007ff8c81f7084:   8b 90 78 01 00 00 41 ff d2 85 c0 75 40 48 8b 54
  0x00007ff8c81f7094:   24 48 49 c7 c0 ff ff ff ff 0f 1f 00 49 ff c0 46
  0x00007ff8c81f70a4:   38 24 02 75 f7 48 8b 4d 10 49 83 e8 02 48 ff c2
  0x00007ff8c81f70b4:   e8 14 cd fb ff 48 8b 54 24 40 48 8d 4d 28 89 46
  0x00007ff8c81f70c4:   08 e8 97 01 fc ff 48 8b 54 24 38 eb 2a 48 8b 4d


Stack slot to memory mapping:

stack at sp + 0 slots: 0x0 is null
stack at sp + 1 slots: 0x00007ff8c830e3ec libasyncProfiler.dll
stack at sp + 2 slots: 0x0000000000000148 is an unknown value
stack at sp + 3 slots: 0x0000000000000058 is an unknown value
stack at sp + 4 slots: 0x00000234ddf1c310 points into unknown readable memory: 0x00000234db9442a0 | a0 42 94 db 34 02 00 00
stack at sp + 5 slots: 0x0000000000000020 is an unknown value
stack at sp + 6 slots: 0x0000000000000058 is an unknown value
stack at sp + 7 slots: 0x00007ff8c829a557 libasyncProfiler.dll

Lock stack of current Java thread (top to bottom):


---------------  P R O C E S S  ---------------

Threads class SMR info:
_java_thread_list=0x00000234d5b0d4e0, length=41, elements={
0x00000234d4d2b480, 0x00000234d4d2bd80, 0x00000234d4d2e7e0, 0x00000234d4d303a0,
0x00000234d4d32f60, 0x00000234d4d34b20, 0x00000234d4d4b560, 0x00000234d51e8ae0,
0x00000234d5403300, 0x00000234d552bec0, 0x00000234d5c82de0, 0x00000234d5c695c0,
0x00000234d5cdeae0, 0x00000234da8d8590, 0x00000234da7ca200, 0x00000234da7c9a30,
0x00000234da7c7af0, 0x00000234da7c9260, 0x00000234db86fda0, 0x00000234db870d40,
0x00000234db871510, 0x00000234db909e20, 0x00000234db90adc0, 0x00000234db90ec40,
0x00000234db90cd00, 0x00000234de0e2330, 0x00000234de0df450, 0x00000234de0e2b00,
0x00000234de0e32d0, 0x00000234de0dfc20, 0x00000234de0e3aa0, 0x00000234de0e4a40,
0x00000234de4ce5a0, 0x00000234de4cc660, 0x00000234de4cbe90, 0x00000234de52f710,
0x00000234de52d000, 0x00000234de52c060, 0x00000234de52fee0, 0x00000234ddf71110,
0x00000234de531e20
}

Java Threads: ( => current thread )
  0x00000234d4d2b480 JavaThread "Reference Handler"          daemon [_thread_blocked, id=15916, stack(0x000000ea52600000,0x000000ea52700000) (1024K)]
  0x00000234d4d2bd80 JavaThread "Finalizer"                  daemon [_thread_blocked, id=21004, stack(0x000000ea52700000,0x000000ea52800000) (1024K)]
  0x00000234d4d2e7e0 JavaThread "Signal Dispatcher"          daemon [_thread_blocked, id=16628, stack(0x000000ea52800000,0x000000ea52900000) (1024K)]
=>0x00000234d4d303a0 JavaThread "Attach Listener"            daemon [_thread_in_native, id=22364, stack(0x000000ea52900000,0x000000ea52a00000) (1024K)]
  0x00000234d4d32f60 JavaThread "Service Thread"             daemon [_thread_blocked, id=11148, stack(0x000000ea52a00000,0x000000ea52b00000) (1024K)]
  0x00000234d4d34b20 JavaThread "Monitor Deflation Thread"   daemon [_thread_blocked, id=2688, stack(0x000000ea52b00000,0x000000ea52c00000) (1024K)]
  0x00000234d4d4b560 JavaThread "C1 CompilerThread0"         daemon [_thread_blocked, id=20832, stack(0x000000ea52c00000,0x000000ea52d00000) (1024K)]
  0x00000234d51e8ae0 JavaThread "Common-Cleaner"             daemon [_thread_blocked, id=9304, stack(0x000000ea52f00000,0x000000ea53000000) (1024K)]
  0x00000234d5403300 JavaThread "Monitor Ctrl-Break"         daemon [_thread_in_native, id=2448, stack(0x000000ea53100000,0x000000ea53200000) (1024K)]
  0x00000234d552bec0 JavaThread "Notification Thread"        daemon [_thread_blocked, id=14036, stack(0x000000ea53200000,0x000000ea53300000) (1024K)]
  0x00000234d5c82de0 JavaThread "RMI TCP Accept-0"           daemon [_thread_in_native, id=7176, stack(0x000000ea53800000,0x000000ea53900000) (1024K)]
  0x00000234d5c695c0 JavaThread "RMI Scheduler(0)"           daemon [_thread_blocked, id=19960, stack(0x000000ea53a00000,0x000000ea53b00000) (1024K)]
  0x00000234d5cdeae0 JavaThread "JMX server connection timeout 39" daemon [_thread_blocked, id=2572, stack(0x000000ea53b00000,0x000000ea53c00000) (1024K)]
  0x00000234da8d8590 JavaThread "RMI TCP Connection(4)-192.168.0.103" daemon [_thread_in_native, id=3260, stack(0x000000ea54800000,0x000000ea54900000) (1024K)]
  0x00000234da7ca200 JavaThread "Catalina-utility-1"                [_thread_blocked, id=9148, stack(0x000000ea54200000,0x000000ea54300000) (1024K)]
  0x00000234da7c9a30 JavaThread "Catalina-utility-2"                [_thread_blocked, id=16500, stack(0x000000ea54900000,0x000000ea54a00000) (1024K)]
  0x00000234da7c7af0 JavaThread "container-0"                       [_thread_blocked, id=16252, stack(0x000000ea54b00000,0x000000ea54c00000) (1024K)]
  0x00000234da7c9260 JavaThread "H2 File Lock Watchdog C:/Users/User/OneDrive/Desktop/JobSearch_Remake/db/test.lock.db" daemon [_thread_blocked, id=21652, stack(0x000000ea54c00000,0x000000ea54d00000) (1024K)]
  0x00000234db86fda0 JavaThread "H2 TCP Server (tcp://192.168.0.103:58693)" daemon [_thread_in_native, id=17876, stack(0x000000ea54d00000,0x000000ea54e00000) (1024K)]
  0x00000234db870d40 JavaThread "MVStore background writer C:/Users/User/OneDrive/Desktop/JobSearch_Remake/db/test.mv.db" daemon [_thread_blocked, id=10924, stack(0x000000ea54f00000,0x000000ea55000000) (1024K)]
  0x00000234db871510 JavaThread "HikariPool-1:housekeeper"   daemon [_thread_blocked, id=19080, stack(0x000000ea55000000,0x000000ea55100000) (1024K)]
  0x00000234db909e20 JavaThread "H2-serialization"           daemon [_thread_blocked, id=6100, stack(0x000000ea55200000,0x000000ea55300000) (1024K)]
  0x00000234db90adc0 JavaThread "H2-save"                    daemon [_thread_blocked, id=14384, stack(0x000000ea55300000,0x000000ea55400000) (1024K)]
  0x00000234db90ec40 JavaThread "JFR Recorder Thread"        daemon [_thread_in_native, id=14676, stack(0x000000ea55400000,0x000000ea55500000) (1024K)]
  0x00000234db90cd00 JavaThread "JFR Periodic Tasks"         daemon [_thread_blocked, id=5232, stack(0x000000ea55500000,0x000000ea55600000) (1024K)]
  0x00000234de0e2330 JavaThread "http-nio-9092-exec-1"       daemon [_thread_blocked, id=22156, stack(0x000000ea55900000,0x000000ea55a00000) (1024K)]
  0x00000234de0df450 JavaThread "http-nio-9092-exec-2"       daemon [_thread_blocked, id=12684, stack(0x000000ea55a00000,0x000000ea55b00000) (1024K)]
  0x00000234de0e2b00 JavaThread "http-nio-9092-exec-3"       daemon [_thread_blocked, id=15948, stack(0x000000ea55b00000,0x000000ea55c00000) (1024K)]
  0x00000234de0e32d0 JavaThread "http-nio-9092-exec-4"       daemon [_thread_blocked, id=21216, stack(0x000000ea55c00000,0x000000ea55d00000) (1024K)]
  0x00000234de0dfc20 JavaThread "http-nio-9092-exec-5"       daemon [_thread_blocked, id=1156, stack(0x000000ea55d00000,0x000000ea55e00000) (1024K)]
  0x00000234de0e3aa0 JavaThread "http-nio-9092-exec-6"       daemon [_thread_blocked, id=16484, stack(0x000000ea55e00000,0x000000ea55f00000) (1024K)]
  0x00000234de0e4a40 JavaThread "http-nio-9092-exec-7"       daemon [_thread_blocked, id=6424, stack(0x000000ea55f00000,0x000000ea56000000) (1024K)]
  0x00000234de4ce5a0 JavaThread "http-nio-9092-exec-8"       daemon [_thread_blocked, id=11728, stack(0x000000ea56000000,0x000000ea56100000) (1024K)]
  0x00000234de4cc660 JavaThread "http-nio-9092-exec-9"       daemon [_thread_blocked, id=9956, stack(0x000000ea56100000,0x000000ea56200000) (1024K)]
  0x00000234de4cbe90 JavaThread "http-nio-9092-exec-10"      daemon [_thread_blocked, id=16908, stack(0x000000ea56200000,0x000000ea56300000) (1024K)]
  0x00000234de52f710 JavaThread "http-nio-9092-Poller"       daemon [_thread_in_native, id=16380, stack(0x000000ea56300000,0x000000ea56400000) (1024K)]
  0x00000234de52d000 JavaThread "http-nio-9092-Acceptor"     daemon [_thread_in_native, id=11740, stack(0x000000ea56400000,0x000000ea56500000) (1024K)]
  0x00000234de52c060 JavaThread "DestroyJavaVM"                     [_thread_blocked, id=21804, stack(0x000000ea51d00000,0x000000ea51e00000) (1024K)]
  0x00000234de52fee0 JavaThread "RMI TCP Connection(3)-192.168.0.103" daemon [_thread_in_native, id=4980, stack(0x000000ea56500000,0x000000ea56600000) (1024K)]
  0x00000234ddf71110 JavaThread "C1 CompilerThread1"         daemon [_thread_blocked, id=22440, stack(0x000000ea53400000,0x000000ea53500000) (1024K)]
  0x00000234de531e20 JavaThread "InnocuousThread-1"          daemon [_thread_blocked, id=19864, stack(0x000000ea53500000,0x000000ea53600000) (1024K)]
Total: 41

Other Threads:
  0x00000234d4d1aab0 VMThread "VM Thread"                           [id=21768, stack(0x000000ea52500000,0x000000ea52600000) (1024K)]
  0x00000234d4be80a0 WatcherThread "VM Periodic Task Thread"        [id=19920, stack(0x000000ea52400000,0x000000ea52500000) (1024K)]
  0x00000234c06e9fd0 WorkerThread "GC Thread#0"                     [id=11756, stack(0x000000ea51e00000,0x000000ea51f00000) (1024K)]
  0x00000234d54018c0 WorkerThread "GC Thread#1"                     [id=16232, stack(0x000000ea53000000,0x000000ea53100000) (1024K)]
  0x00000234d54e99c0 WorkerThread "GC Thread#2"                     [id=17404, stack(0x000000ea53300000,0x000000ea53400000) (1024K)]
  0x00000234d54e6ea0 WorkerThread "GC Thread#3"                     [id=22496, stack(0x000000ea53c00000,0x000000ea53d00000) (1024K)]
  0x00000234d54e8880 WorkerThread "GC Thread#4"                     [id=18908, stack(0x000000ea53d00000,0x000000ea53e00000) (1024K)]
  0x00000234d54e7b90 WorkerThread "GC Thread#5"                     [id=2840, stack(0x000000ea53e00000,0x000000ea53f00000) (1024K)]
  0x00000234d54e8cd0 WorkerThread "GC Thread#6"                     [id=18240, stack(0x000000ea53f00000,0x000000ea54000000) (1024K)]
  0x00000234d54e9570 WorkerThread "GC Thread#7"                     [id=7304, stack(0x000000ea54000000,0x000000ea54100000) (1024K)]
  0x00000234da5e1af0 WorkerThread "GC Thread#8"                     [id=21752, stack(0x000000ea54100000,0x000000ea54200000) (1024K)]
  0x00000234da5e0560 WorkerThread "GC Thread#9"                     [id=19760, stack(0x000000ea54300000,0x000000ea54400000) (1024K)]
  0x00000234da5e1f40 WorkerThread "GC Thread#10"                    [id=10384, stack(0x000000ea54400000,0x000000ea54500000) (1024K)]
  0x00000234da5e1250 WorkerThread "GC Thread#11"                    [id=19560, stack(0x000000ea54500000,0x000000ea54600000) (1024K)]
  0x00000234da5df420 WorkerThread "GC Thread#12"                    [id=12428, stack(0x000000ea54a00000,0x000000ea54b00000) (1024K)]
  0x00000234c07032e0 ConcurrentGCThread "G1 Main Marker"            [id=14348, stack(0x000000ea51f00000,0x000000ea52000000) (1024K)]
  0x00000234c0704cb0 WorkerThread "G1 Conc#0"                       [id=12392, stack(0x000000ea52000000,0x000000ea52100000) (1024K)]
  0x00000234da5e09b0 WorkerThread "G1 Conc#1"                       [id=11112, stack(0x000000ea54600000,0x000000ea54700000) (1024K)]
  0x00000234da5e2390 WorkerThread "G1 Conc#2"                       [id=21144, stack(0x000000ea54700000,0x000000ea54800000) (1024K)]
  0x00000234c074bfc0 WorkerThread "G1 Refinement Workers#0"         [id=17680, stack(0x000000ea52200000,0x000000ea52300000) (1024K)]
  0x00000234c074b600 ConcurrentGCThread "G1 Refine Control"         [id=21124, stack(0x000000ea52100000,0x000000ea52200000) (1024K)]
  0x00000234c074ca90 ConcurrentGCThread "G1 Service"                [id=12304, stack(0x000000ea52300000,0x000000ea52400000) (1024K)]
Total: 22

Threads with active compile tasks:
Total: 0

VM state: not at safepoint (normal execution)

VM Mutex/Monitor currently owned by a thread: None

Heap address: 0x0000000704400000, size: 4028 MB, Compressed Oops mode: Zero based, Oop shift amount: 3

CDS archive(s) mapped at: [0x0000000083000000-0x0000000083de0000-0x0000000083de0000), size 14548992, SharedBaseAddress: 0x0000000083000000, ArchiveRelocationMode: 1.
Compressed class space mapped at: 0x0000000084000000-0x00000000c4000000, reserved size: 1073741824
UseCompressedClassPointers 1, UseCompactObjectHeaders 0
Narrow klass pointer bits 32, Max shift 3
Narrow klass base: 0x0000000083000000, Narrow klass shift: 0
Encoding Range: [0x0000000083000000 - 0x0000000183000000), (4294967296 bytes)
Klass Range:    [0x0000000083000000 - 0x00000000c4000000), (1090519040 bytes)
Klass ID Range:  [8 - 1090519033) (1090519025)
Protection zone: [0x0000000083000000 - 0x0000000083010000), (65536 bytes)

GC Precious Log:
 CardTable entry size: 512
 Card Set container configuration: InlinePtr #cards 4 size 8 Array Of Cards #cards 16 size 48 Howl #buckets 8 coarsen threshold 3686 Howl Bitmap #cards 512 size 80 coarsen threshold 460 Card regions per heap region 1 cards per card region 4096
 CPUs: 16 total, 16 available
 Memory: 16108M
 Large Page Support: Disabled
 NUMA Support: Disabled
 Compressed Oops: Enabled (Zero based)
 Heap Region Size: 2M
 Heap Min Capacity: 8M
 Heap Initial Capacity: 8M
 Heap Max Capacity: 4028M
 Pre-touch: Disabled
 Parallel Workers: 13
 Concurrent Workers: 3
 Concurrent Refinement Workers: 13
 Periodic GC: Disabled

Heap:
 garbage-first heap   total reserved 4124672K, committed 110592K, used 43854K [0x0000000704400000, 0x0000000800000000)
  region size 2M, 4 eden (8M), 3 survivor (6M), 16 old (32M), 1 humongous (2M), 30 free (60M)

Heap Regions: E=young(eden), S=young(survivor), O=old, HS=humongous(starts), HC=humongous(continues), CS=collection set, F=free, TAMS=top-at-mark-start, PB=parsable bottom
|    0|0x0000000704400000, 0x0000000704600000, 0x0000000704600000|100%| O|  |TAMS 0x0000000704400000| PB 0x0000000704400000| Untracked |  0
|    1|0x0000000704600000, 0x0000000704800000, 0x0000000704800000|100%| O|  |TAMS 0x0000000704600000| PB 0x0000000704600000| Untracked |  0
|    2|0x0000000704800000, 0x0000000704a00000, 0x0000000704a00000|100%| O|  |TAMS 0x0000000704800000| PB 0x0000000704800000| Untracked |  0
|    3|0x0000000704a00000, 0x0000000704c00000, 0x0000000704c00000|100%| O|  |TAMS 0x0000000704a00000| PB 0x0000000704a00000| Untracked |  0
|    4|0x0000000704c00000, 0x0000000704e00000, 0x0000000704e00000|100%| O|  |TAMS 0x0000000704c00000| PB 0x0000000704c00000| Untracked |  0
|    5|0x0000000704e00000, 0x0000000705000000, 0x0000000705000000|100%| O|  |TAMS 0x0000000704e00000| PB 0x0000000704e00000| Untracked |  0
|    6|0x0000000705000000, 0x0000000705200000, 0x0000000705200000|100%| O|  |TAMS 0x0000000705000000| PB 0x0000000705000000| Untracked |  0
|    7|0x0000000705200000, 0x0000000705400000, 0x0000000705400000|100%| O|  |TAMS 0x0000000705200000| PB 0x0000000705200000| Untracked |  0
|    8|0x0000000705400000, 0x0000000705600000, 0x0000000705600000|100%| O|  |TAMS 0x0000000705400000| PB 0x0000000705400000| Untracked |  0
|    9|0x0000000705600000, 0x0000000705800000, 0x0000000705800000|100%|HS|  |TAMS 0x0000000705600000| PB 0x0000000705600000| Complete  |  0
|   10|0x0000000705800000, 0x0000000705a00000, 0x0000000705a00000|100%| O|  |TAMS 0x0000000705800000| PB 0x0000000705800000| Untracked |  0
|   11|0x0000000705a00000, 0x0000000705c00000, 0x0000000705c00000|100%| O|  |TAMS 0x0000000705a00000| PB 0x0000000705a00000| Untracked |  0
|   12|0x0000000705c00000, 0x0000000705e00000, 0x0000000705e00000|100%| O|  |TAMS 0x0000000705c00000| PB 0x0000000705c00000| Untracked |  0
|   13|0x0000000705e00000, 0x0000000706000000, 0x0000000706000000|100%| O|  |TAMS 0x0000000705e00000| PB 0x0000000705e00000| Untracked |  0
|   14|0x0000000706000000, 0x0000000706200000, 0x0000000706200000|100%| O|  |TAMS 0x0000000706000000| PB 0x0000000706000000| Untracked |  0
|   15|0x0000000706200000, 0x000000070623a758, 0x0000000706400000| 11%| O|  |TAMS 0x0000000706200000| PB 0x0000000706200000| Untracked |  0
|   16|0x0000000706400000, 0x0000000706400000, 0x0000000706600000|  0%| F|  |TAMS 0x0000000706400000| PB 0x0000000706400000| Untracked |  0
|   17|0x0000000706600000, 0x0000000706600000, 0x0000000706800000|  0%| F|  |TAMS 0x0000000706600000| PB 0x0000000706600000| Untracked |  0
|   18|0x0000000706800000, 0x0000000706800000, 0x0000000706a00000|  0%| F|  |TAMS 0x0000000706800000| PB 0x0000000706800000| Untracked |  0
|   19|0x0000000706a00000, 0x0000000706a00000, 0x0000000706c00000|  0%| F|  |TAMS 0x0000000706a00000| PB 0x0000000706a00000| Untracked |  0
|   20|0x0000000706c00000, 0x0000000706c00000, 0x0000000706e00000|  0%| F|  |TAMS 0x0000000706c00000| PB 0x0000000706c00000| Untracked |  0
|   21|0x0000000706e00000, 0x0000000706e00000, 0x0000000707000000|  0%| F|  |TAMS 0x0000000706e00000| PB 0x0000000706e00000| Untracked |  0
|   22|0x0000000707000000, 0x0000000707000000, 0x0000000707200000|  0%| F|  |TAMS 0x0000000707000000| PB 0x0000000707000000| Untracked |  0
|   23|0x0000000707200000, 0x0000000707299360, 0x0000000707400000| 29%| S|CS|TAMS 0x0000000707200000| PB 0x0000000707200000| Complete  |  0
|   24|0x0000000707400000, 0x0000000707600000, 0x0000000707600000|100%| S|CS|TAMS 0x0000000707400000| PB 0x0000000707400000| Complete  |  0
|   25|0x0000000707600000, 0x0000000707800000, 0x0000000707800000|100%| S|CS|TAMS 0x0000000707600000| PB 0x0000000707600000| Complete  |  0
|   26|0x0000000707800000, 0x0000000707800000, 0x0000000707a00000|  0%| F|  |TAMS 0x0000000707800000| PB 0x0000000707800000| Untracked |  0
|   27|0x0000000707a00000, 0x0000000707a00000, 0x0000000707c00000|  0%| F|  |TAMS 0x0000000707a00000| PB 0x0000000707a00000| Untracked |  0
|   28|0x0000000707c00000, 0x0000000707c00000, 0x0000000707e00000|  0%| F|  |TAMS 0x0000000707c00000| PB 0x0000000707c00000| Untracked |  0
|   29|0x0000000707e00000, 0x0000000707e00000, 0x0000000708000000|  0%| F|  |TAMS 0x0000000707e00000| PB 0x0000000707e00000| Untracked |  0
|   30|0x0000000708000000, 0x0000000708000000, 0x0000000708200000|  0%| F|  |TAMS 0x0000000708000000| PB 0x0000000708000000| Untracked |  0
|   31|0x0000000708200000, 0x0000000708200000, 0x0000000708400000|  0%| F|  |TAMS 0x0000000708200000| PB 0x0000000708200000| Untracked |  0
|   32|0x0000000708400000, 0x0000000708400000, 0x0000000708600000|  0%| F|  |TAMS 0x0000000708400000| PB 0x0000000708400000| Untracked |  0
|   33|0x0000000708600000, 0x0000000708600000, 0x0000000708800000|  0%| F|  |TAMS 0x0000000708600000| PB 0x0000000708600000| Untracked |  0
|   34|0x0000000708800000, 0x0000000708800000, 0x0000000708a00000|  0%| F|  |TAMS 0x0000000708800000| PB 0x0000000708800000| Untracked |  0
|   35|0x0000000708a00000, 0x0000000708a00000, 0x0000000708c00000|  0%| F|  |TAMS 0x0000000708a00000| PB 0x0000000708a00000| Untracked |  0
|   36|0x0000000708c00000, 0x0000000708c00000, 0x0000000708e00000|  0%| F|  |TAMS 0x0000000708c00000| PB 0x0000000708c00000| Untracked |  0
|   37|0x0000000708e00000, 0x0000000708e00000, 0x0000000709000000|  0%| F|  |TAMS 0x0000000708e00000| PB 0x0000000708e00000| Untracked |  0
|   38|0x0000000709000000, 0x0000000709000000, 0x0000000709200000|  0%| F|  |TAMS 0x0000000709000000| PB 0x0000000709000000| Untracked |  0
|   39|0x0000000709200000, 0x0000000709200000, 0x0000000709400000|  0%| F|  |TAMS 0x0000000709200000| PB 0x0000000709200000| Untracked |  0
|   40|0x0000000709400000, 0x0000000709400000, 0x0000000709600000|  0%| F|  |TAMS 0x0000000709400000| PB 0x0000000709400000| Untracked |  0
|   41|0x0000000709600000, 0x0000000709600000, 0x0000000709800000|  0%| F|  |TAMS 0x0000000709600000| PB 0x0000000709600000| Untracked |  0
|   42|0x0000000709800000, 0x0000000709800000, 0x0000000709a00000|  0%| F|  |TAMS 0x0000000709800000| PB 0x0000000709800000| Untracked |  0
|   43|0x0000000709a00000, 0x0000000709a00000, 0x0000000709c00000|  0%| F|  |TAMS 0x0000000709a00000| PB 0x0000000709a00000| Untracked |  0
|   44|0x0000000709c00000, 0x0000000709c00000, 0x0000000709e00000|  0%| F|  |TAMS 0x0000000709c00000| PB 0x0000000709c00000| Untracked |  0
|   45|0x0000000709e00000, 0x0000000709e00000, 0x000000070a000000|  0%| F|  |TAMS 0x0000000709e00000| PB 0x0000000709e00000| Untracked |  0
|   46|0x000000070a000000, 0x000000070a000000, 0x000000070a200000|  0%| F|  |TAMS 0x000000070a000000| PB 0x000000070a000000| Untracked |  0
|   47|0x000000070a200000, 0x000000070a200000, 0x000000070a400000|  0%| F|  |TAMS 0x000000070a200000| PB 0x000000070a200000| Untracked |  0
|   48|0x000000070a400000, 0x000000070a400000, 0x000000070a600000|  0%| F|  |TAMS 0x000000070a400000| PB 0x000000070a400000| Untracked |  0
|   49|0x000000070a600000, 0x000000070a6dfb78, 0x000000070a800000| 43%| E|CS|TAMS 0x000000070a600000| PB 0x000000070a600000| Complete  |  0
|   50|0x000000070a800000, 0x000000070aa00000, 0x000000070aa00000|100%| E|CS|TAMS 0x000000070a800000| PB 0x000000070a800000| Complete  |  0
|   51|0x000000070aa00000, 0x000000070ac00000, 0x000000070ac00000|100%| E|CS|TAMS 0x000000070aa00000| PB 0x000000070aa00000| Complete  |  0
| 2012|0x00000007ffc00000, 0x00000007ffe00000, 0x00000007ffe00000|100%| O|  |TAMS 0x00000007ffc00000| PB 0x00000007ffc00000| Untracked |  0
| 2013|0x00000007ffe00000, 0x0000000800000000, 0x0000000800000000|100%| E|CS|TAMS 0x00000007ffe00000| PB 0x00000007ffe00000| Complete  |  0

Card table byte_map: [0x00000234cd270000,0x00000234cda50000] _byte_map_base: 0x00000234c9a4e000
Refinement table byte_map: [0x00000234cda50000,0x00000234ce230000] _byte_map_base: 0x00000234ca22e000

Marking Bits: (CMBitMap*) 0x00000234c06eaf60
 Bits: [0x00000234ce230000, 0x00000234d2120000)

Polling page: 0x00000234be6b0000

Metaspace:
Metaspace        used 62632K, committed 63296K, reserved 1114112K
 class space     used 8493K, committed 8768K, reserved 1048576K

Usage:
  Non-class:     52.87 MB used.
      Class:      8.29 MB used.
       Both:     61.16 MB used.

Virtual space:
  Non-class space:       64.00 MB reserved,      53.25 MB ( 83%) committed,  1 nodes.
      Class space:        1.00 GB reserved,       8.56 MB ( <1%) committed,  1 nodes.
             Both:        1.06 GB reserved,      61.81 MB (  6%) committed. 

Chunk freelists:
   Non-Class:  9.97 MB
       Class:  7.44 MB
        Both:  17.41 MB

MaxMetaspaceSize: unlimited
CompressedClassSpaceSize: 1.00 GB
Initial GC threshold: 21.00 MB
Current GC threshold: 73.06 MB
CDS: on
 - commit_granule_bytes: 65536.
 - commit_granule_words: 8192.
 - virtual_space_node_default_size: 8388608.
 - enlarge_chunks_in_place: 1.
UseCompressedClassPointers 1, UseCompactObjectHeaders 0
Narrow klass pointer bits 32, Max shift 3
Narrow klass base: 0x0000000083000000, Narrow klass shift: 0
Encoding Range: [0x0000000083000000 - 0x0000000183000000), (4294967296 bytes)
Klass Range:    [0x0000000083000000 - 0x00000000c4000000), (1090519040 bytes)
Klass ID Range:  [8 - 1090519033) (1090519025)
Protection zone: [0x0000000083000000 - 0x0000000083010000), (65536 bytes)


Internal statistics:

num_allocs_failed_limit: 14.
num_arena_births: 874.
num_arena_deaths: 0.
num_vsnodes_births: 2.
num_vsnodes_deaths: 0.
num_space_committed: 989.
num_space_uncommitted: 0.
num_chunks_returned_to_freelist: 14.
num_chunks_taken_from_freelist: 2846.
num_chunk_merges: 14.
num_chunk_splits: 2063.
num_chunks_enlarged: 1648.
num_inconsistent_stats: 0.

CodeCache: size=49152Kb used=10596Kb max_used=12901Kb free=38556Kb
 bounds [0x00000234c9320000, 0x00000234c9fc0000, 0x00000234cc320000]
 total_blobs=8377, nmethods=7643, adapters=658, full_count=0
Compilation: enabled, stopped_count=0, restarted_count=0

Compilation events (20 events):
Event: 163.343 Thread 0x00000234d4d4b560 7679       1       java.util.concurrent.ThreadPoolExecutor::ensurePrestart (41 bytes)
Event: 163.344 Thread 0x00000234d4d4b560 nmethod 7679 0x00000234c9672808 code [0x00000234c9672900, 0x00000234c9672a58]
Event: 166.032 Thread 0x00000234d4d4b560 7682       1       jdk.jfr.internal.settings.BooleanSetting::setValue (27 bytes)
Event: 166.032 Thread 0x00000234d4d4b560 nmethod 7682 0x00000234c9672108 code [0x00000234c9672200, 0x00000234c9672400]
Event: 166.032 Thread 0x00000234d4d4b560 7683       1       jdk.jfr.internal.PlatformEventType::setEnabled (126 bytes)
Event: 166.032 Thread 0x00000234ddf71110 7684       1       jdk.jfr.internal.PlatformEventType::updateCommittable (24 bytes)
Event: 166.032 Thread 0x00000234ddf71110 nmethod 7684 0x00000234c9671e08 code [0x00000234c9671f00, 0x00000234c9671fe0]
Event: 166.032 Thread 0x00000234ddf71110 7689       1       jdk.jfr.internal.Control::isType (17 bytes)
Event: 166.033 Thread 0x00000234d4d4b560 nmethod 7683 0x00000234c9671a88 code [0x00000234c9671b80, 0x00000234c9671dd0]
Event: 166.033 Thread 0x00000234d4d4b560 7685       1       jdk.jfr.internal.settings.EnabledSetting::setValue (6 bytes)
Event: 166.033 Thread 0x00000234ddf71110 nmethod 7689 0x00000234c9671788 code [0x00000234c9671880, 0x00000234c9671968]
Event: 166.033 Thread 0x00000234ddf71110 7686       1       jdk.jfr.internal.settings.EnabledSetting::apply (32 bytes)
Event: 166.033 Thread 0x00000234ddf71110 nmethod 7686 0x00000234c9671488 code [0x00000234c9671580, 0x00000234c96716a0]
Event: 166.033 Thread 0x00000234ddf71110 7687       1       jdk.jfr.internal.settings.EnabledSetting::getValue (5 bytes)
Event: 166.033 Thread 0x00000234ddf71110 nmethod 7687 0x00000234c9671188 code [0x00000234c9671280, 0x00000234c9671338]
Event: 166.033 Thread 0x00000234ddf71110 7690       1       jdk.jfr.internal.Control::getDefaultValue (5 bytes)
Event: 166.033 Thread 0x00000234ddf71110 nmethod 7690 0x00000234c9670e88 code [0x00000234c9670f80, 0x00000234c9671038]
Event: 166.033 Thread 0x00000234d4d4b560 nmethod 7685 0x00000234c9670b88 code [0x00000234c9670c80, 0x00000234c9670e70]
Event: 166.033 Thread 0x00000234ddf71110 7688       1       jdk.jfr.internal.settings.PeriodSetting::getValue (5 bytes)
Event: 166.033 Thread 0x00000234ddf71110 nmethod 7688 0x00000234c9670888 code [0x00000234c9670980, 0x00000234c9670a38]

GC Heap Usage History (20 events):
Event: 0.803 {heap Before GC invocations=4 (full 0):
 garbage-first heap   total reserved 4124672K, committed 36864K, used 19324K [0x0000000704400000, 0x0000000800000000)
  region size 2M, 6 eden (12M), 1 survivor (2M), 3 old (6M), 0 humongous (0M), 8 free (16M)
}
Event: 0.808 {heap After GC invocations=5 (full 0):
 garbage-first heap   total reserved 4124672K, committed 36864K, used 8181K [0x0000000704400000, 0x0000000800000000)
  region size 2M, 0 eden (0M), 1 survivor (2M), 4 old (8M), 0 humongous (0M), 13 free (26M)
}
Event: 1.017 {heap Before GC invocations=5 (full 0):
 garbage-first heap   total reserved 4124672K, committed 36864K, used 18421K [0x0000000704400000, 0x0000000800000000)
  region size 2M, 6 eden (12M), 1 survivor (2M), 4 old (8M), 0 humongous (0M), 7 free (14M)
}
Event: 1.020 {heap After GC invocations=6 (full 0):
 garbage-first heap   total reserved 4124672K, committed 36864K, used 8904K [0x0000000704400000, 0x0000000800000000)
  region size 2M, 0 eden (0M), 1 survivor (2M), 4 old (8M), 0 humongous (0M), 13 free (26M)
}
Event: 1.267 {heap Before GC invocations=6 (full 0):
 garbage-first heap   total reserved 4124672K, committed 36864K, used 21192K [0x0000000704400000, 0x0000000800000000)
  region size 2M, 7 eden (14M), 1 survivor (2M), 4 old (8M), 0 humongous (0M), 6 free (12M)
}
Event: 1.273 {heap After GC invocations=7 (full 0):
 garbage-first heap   total reserved 4124672K, committed 110592K, used 10314K [0x0000000704400000, 0x0000000800000000)
  region size 2M, 0 eden (0M), 1 survivor (2M), 5 old (10M), 0 humongous (0M), 48 free (96M)
}
Event: 1.707 {heap Before GC invocations=8 (full 0):
 garbage-first heap   total reserved 4124672K, committed 110592K, used 49226K [0x0000000704400000, 0x0000000800000000)
  region size 2M, 21 eden (42M), 1 survivor (2M), 5 old (10M), 0 humongous (0M), 27 free (54M)
}
Event: 1.711 {heap After GC invocations=9 (full 0):
 garbage-first heap   total reserved 4124672K, committed 110592K, used 13854K [0x0000000704400000, 0x0000000800000000)
  region size 2M, 0 eden (0M), 3 survivor (6M), 5 old (10M), 0 humongous (0M), 46 free (92M)
}
Event: 1.725 {heap Before GC invocations=9 (full 0):
 garbage-first heap   total reserved 4124672K, committed 110592K, used 15902K [0x0000000704400000, 0x0000000800000000)
  region size 2M, 2 eden (4M), 3 survivor (6M), 5 old (10M), 0 humongous (0M), 44 free (88M)
}
Event: 1.731 {heap After GC invocations=10 (full 0):
 garbage-first heap   total reserved 4124672K, committed 110592K, used 14186K [0x0000000704400000, 0x0000000800000000)
  region size 2M, 0 eden (0M), 2 survivor (4M), 5 old (10M), 0 humongous (0M), 47 free (94M)
}
Event: 1.754 {heap Before GC invocations=10 (full 0):
 garbage-first heap   total reserved 4124672K, committed 110592K, used 16234K [0x0000000704400000, 0x0000000800000000)
  region size 2M, 2 eden (4M), 2 survivor (4M), 5 old (10M), 0 humongous (0M), 45 free (90M)
}
Event: 1.757 {heap After GC invocations=11 (full 0):
 garbage-first heap   total reserved 4124672K, committed 110592K, used 14372K [0x0000000704400000, 0x0000000800000000)
  region size 2M, 0 eden (0M), 3 survivor (6M), 5 old (10M), 0 humongous (0M), 46 free (92M)
}
Event: 2.457 {heap Before GC invocations=12 (full 0):
 garbage-first heap   total reserved 4124672K, committed 110592K, used 73764K [0x0000000704400000, 0x0000000800000000)
  region size 2M, 29 eden (58M), 3 survivor (6M), 5 old (10M), 0 humongous (0M), 17 free (34M)
}
Event: 2.465 {heap After GC invocations=13 (full 0):
 garbage-first heap   total reserved 4124672K, committed 110592K, used 19679K [0x0000000704400000, 0x0000000800000000)
  region size 2M, 0 eden (0M), 4 survivor (8M), 6 old (12M), 0 humongous (0M), 44 free (88M)
}
Event: 3.229 {heap Before GC invocations=13 (full 0):
 garbage-first heap   total reserved 4124672K, committed 110592K, used 60639K [0x0000000704400000, 0x0000000800000000)
  region size 2M, 21 eden (42M), 4 survivor (8M), 6 old (12M), 0 humongous (0M), 23 free (46M)
}
Event: 3.236 {heap After GC invocations=14 (full 0):
 garbage-first heap   total reserved 4124672K, committed 110592K, used 24199K [0x0000000704400000, 0x0000000800000000)
  region size 2M, 0 eden (0M), 3 survivor (6M), 10 old (20M), 0 humongous (0M), 41 free (82M)
}
Event: 5.561 {heap Before GC invocations=15 (full 0):
 garbage-first heap   total reserved 4124672K, committed 110592K, used 83591K [0x0000000704400000, 0x0000000800000000)
  region size 2M, 29 eden (58M), 3 survivor (6M), 10 old (20M), 1 humongous (2M), 11 free (22M)
}
Event: 5.566 {heap After GC invocations=16 (full 0):
 garbage-first heap   total reserved 4124672K, committed 110592K, used 32924K [0x0000000704400000, 0x0000000800000000)
  region size 2M, 0 eden (0M), 4 survivor (8M), 12 old (24M), 1 humongous (2M), 37 free (74M)
}
Event: 48.920 {heap Before GC invocations=16 (full 0):
 garbage-first heap   total reserved 4124672K, committed 110592K, used 88220K [0x0000000704400000, 0x0000000800000000)
  region size 2M, 27 eden (54M), 4 survivor (8M), 12 old (24M), 1 humongous (2M), 10 free (20M)
}
Event: 48.938 {heap After GC invocations=17 (full 0):
 garbage-first heap   total reserved 4124672K, committed 110592K, used 37710K [0x0000000704400000, 0x0000000800000000)
  region size 2M, 0 eden (0M), 3 survivor (6M), 16 old (32M), 1 humongous (2M), 34 free (68M)
}

Metaspace Usage History (20 events):
Event: 0.803 {metaspace Before GC invocations=4 (full 0):
 Metaspace       used 9970K, committed 10176K, reserved 1114112K
  class space    used 1272K, committed 1344K, reserved 1048576K
}
Event: 0.808 {metaspace After GC invocations=5 (full 0):
 Metaspace       used 9970K, committed 10176K, reserved 1114112K
  class space    used 1272K, committed 1344K, reserved 1048576K
}
Event: 1.017 {metaspace Before GC invocations=5 (full 0):
 Metaspace       used 12411K, committed 12736K, reserved 1114112K
  class space    used 1673K, committed 1792K, reserved 1048576K
}
Event: 1.020 {metaspace After GC invocations=6 (full 0):
 Metaspace       used 12411K, committed 12736K, reserved 1114112K
  class space    used 1673K, committed 1792K, reserved 1048576K
}
Event: 1.267 {metaspace Before GC invocations=6 (full 0):
 Metaspace       used 15252K, committed 15552K, reserved 1114112K
  class space    used 2179K, committed 2304K, reserved 1048576K
}
Event: 1.273 {metaspace After GC invocations=7 (full 0):
 Metaspace       used 15252K, committed 15552K, reserved 1114112K
  class space    used 2179K, committed 2304K, reserved 1048576K
}
Event: 1.707 {metaspace Before GC invocations=8 (full 0):
 Metaspace       used 25719K, committed 26048K, reserved 1114112K
  class space    used 3507K, committed 3648K, reserved 1048576K
}
Event: 1.711 {metaspace After GC invocations=9 (full 0):
 Metaspace       used 25719K, committed 26048K, reserved 1114112K
  class space    used 3507K, committed 3648K, reserved 1048576K
}
Event: 1.725 {metaspace Before GC invocations=9 (full 0):
 Metaspace       used 26025K, committed 26368K, reserved 1114112K
  class space    used 3551K, committed 3712K, reserved 1048576K
}
Event: 1.731 {metaspace After GC invocations=10 (full 0):
 Metaspace       used 26025K, committed 26368K, reserved 1114112K
  class space    used 3551K, committed 3712K, reserved 1048576K
}
Event: 1.754 {metaspace Before GC invocations=10 (full 0):
 Metaspace       used 26397K, committed 26688K, reserved 1114112K
  class space    used 3599K, committed 3712K, reserved 1048576K
}
Event: 1.757 {metaspace After GC invocations=11 (full 0):
 Metaspace       used 26397K, committed 26688K, reserved 1114112K
  class space    used 3599K, committed 3712K, reserved 1048576K
}
Event: 2.457 {metaspace Before GC invocations=12 (full 0):
 Metaspace       used 35244K, committed 35648K, reserved 1114112K
  class space    used 4927K, committed 5120K, reserved 1048576K
}
Event: 2.465 {metaspace After GC invocations=13 (full 0):
 Metaspace       used 35244K, committed 35648K, reserved 1114112K
  class space    used 4927K, committed 5120K, reserved 1048576K
}
Event: 3.229 {metaspace Before GC invocations=13 (full 0):
 Metaspace       used 44365K, committed 44800K, reserved 1114112K
  class space    used 6060K, committed 6272K, reserved 1048576K
}
Event: 3.236 {metaspace After GC invocations=14 (full 0):
 Metaspace       used 44365K, committed 44800K, reserved 1114112K
  class space    used 6060K, committed 6272K, reserved 1048576K
}
Event: 5.561 {metaspace Before GC invocations=15 (full 0):
 Metaspace       used 55418K, committed 55936K, reserved 1114112K
  class space    used 7429K, committed 7680K, reserved 1048576K
}
Event: 5.566 {metaspace After GC invocations=16 (full 0):
 Metaspace       used 55418K, committed 55936K, reserved 1114112K
  class space    used 7429K, committed 7680K, reserved 1048576K
}
Event: 48.920 {metaspace Before GC invocations=16 (full 0):
 Metaspace       used 62547K, committed 63168K, reserved 1114112K
  class space    used 8475K, committed 8704K, reserved 1048576K
}
Event: 48.938 {metaspace After GC invocations=17 (full 0):
 Metaspace       used 62547K, committed 63168K, reserved 1114112K
  class space    used 8475K, committed 8704K, reserved 1048576K
}

Dll operation events (20 events):
Event: 0.102 Attempting to load shared library C:\Users\User\.jdks\openjdk-ea-26-ea+27-2778\bin\net.dll
Event: 0.102 Loaded shared library C:\Users\User\.jdks\openjdk-ea-26-ea+27-2778\bin\net.dll
Event: 0.103 Attempting to load shared library C:\Users\User\.jdks\openjdk-ea-26-ea+27-2778\bin\nio.dll
Event: 0.103 Loaded shared library C:\Users\User\.jdks\openjdk-ea-26-ea+27-2778\bin\nio.dll
Event: 0.105 Attempting to load shared library C:\Users\User\.jdks\openjdk-ea-26-ea+27-2778\bin\zip.dll
Event: 0.106 Loaded shared library C:\Users\User\.jdks\openjdk-ea-26-ea+27-2778\bin\zip.dll
Event: 0.175 Attempting to load shared library C:\Users\User\.jdks\openjdk-ea-26-ea+27-2778\bin\extnet.dll
Event: 0.175 Loaded shared library C:\Users\User\.jdks\openjdk-ea-26-ea+27-2778\bin\extnet.dll
Event: 0.180 Attempting to load shared library C:\Users\User\.jdks\openjdk-ea-26-ea+27-2778\bin\jimage.dll
Event: 0.180 Loaded shared library C:\Users\User\.jdks\openjdk-ea-26-ea+27-2778\bin\jimage.dll
Event: 0.195 Attempting to load shared library C:\Users\User\.jdks\openjdk-ea-26-ea+27-2778\bin\management.dll
Event: 0.195 Loaded shared library C:\Users\User\.jdks\openjdk-ea-26-ea+27-2778\bin\management.dll
Event: 0.206 Attempting to load shared library C:\Users\User\.jdks\openjdk-ea-26-ea+27-2778\bin\management_ext.dll
Event: 0.207 Loaded shared library C:\Users\User\.jdks\openjdk-ea-26-ea+27-2778\bin\management_ext.dll
Event: 1.548 Attempting to load shared library C:\Users\User\.jdks\openjdk-ea-26-ea+27-2778\bin\sunmscapi.dll
Event: 1.549 Loaded shared library C:\Users\User\.jdks\openjdk-ea-26-ea+27-2778\bin\sunmscapi.dll
Event: 3.928 Attempting to load shared library C:\Users\User\AppData\Local\Temp\idea_libasyncProfiler_dll_temp_folder1\libasyncProfiler.dll
Event: 3.944 Loaded shared library C:\Users\User\AppData\Local\Temp\idea_libasyncProfiler_dll_temp_folder1\libasyncProfiler.dll
Event: 166.015 Attempting to load shared library C:\Users\User\AppData\Local\Temp\idea_libasyncProfiler_dll_temp_folder1\libasyncProfiler.dll
Event: 166.015 Loaded shared library C:\Users\User\AppData\Local\Temp\idea_libasyncProfiler_dll_temp_folder1\libasyncProfiler.dll

Deoptimization events (8 events):
Event: 0.952 Thread 0x00000234c069d560 DEOPT PACKING pc=0x00000234c98eebb4 sp=0x000000ea51dfc4d0
Event: 0.952 Thread 0x00000234c069d560 DEOPT UNPACKING pc=0x00000234c9371a02 sp=0x000000ea51dfb9c8 mode 0
Event: 1.247 Thread 0x00000234c069d560 DEOPT PACKING pc=0x00000234c99a9e84 sp=0x000000ea51dfdd70
Event: 1.247 Thread 0x00000234c069d560 DEOPT UNPACKING pc=0x00000234c9371a02 sp=0x000000ea51dfd2a0 mode 0
Event: 5.414 Thread 0x00000234d5c97100 DEOPT PACKING pc=0x00000234c9b7e03c sp=0x000000ea539fedd0
Event: 5.414 Thread 0x00000234d5c97100 DEOPT UNPACKING pc=0x00000234c9371a02 sp=0x000000ea539fe2a8 mode 0
Event: 6.470 Thread 0x00000234da8d8590 DEOPT PACKING pc=0x00000234c9b7e03c sp=0x000000ea548feef0
Event: 6.470 Thread 0x00000234da8d8590 DEOPT UNPACKING pc=0x00000234c9371a02 sp=0x000000ea548fe3c8 mode 0

Classes loaded (20 events):
Event: 166.072 Loading class jdk/internal/misc/ExtendedMapMode
Event: 166.072 Loading class jdk/internal/misc/ExtendedMapMode done
Event: 166.072 Loading class sun/nio/ch/FileChannelImpl$DefaultUnmapper
Event: 166.072 Loading class sun/nio/ch/FileChannelImpl$Unmapper
Event: 166.072 Loading class jdk/internal/access/foreign/UnmapperProxy
Event: 166.072 Loading class jdk/internal/access/foreign/UnmapperProxy done
Event: 166.072 Loading class sun/nio/ch/FileChannelImpl$Unmapper done
Event: 166.072 Loading class sun/nio/ch/FileChannelImpl$DefaultUnmapper done
Event: 166.074 Loading class java/nio/BufferCleaner
Event: 166.074 Loading class java/nio/BufferCleaner done
Event: 166.074 Loading class java/nio/BufferCleaner$CleanerList
Event: 166.075 Loading class java/nio/BufferCleaner$CleanerList done
Event: 166.075 Loading class java/nio/BufferCleaner$CleanerList$Node
Event: 166.075 Loading class java/nio/BufferCleaner$CleanerList$Node done
Event: 166.075 Loading class java/nio/BufferCleaner$PhantomCleaner
Event: 166.075 Loading class sun/nio/Cleaner
Event: 166.075 Loading class sun/nio/Cleaner done
Event: 166.075 Loading class java/nio/BufferCleaner$PhantomCleaner done
Event: 166.075 Loading class java/nio/BufferCleaner$CleaningRunnable
Event: 166.075 Loading class java/nio/BufferCleaner$CleaningRunnable done

Classes unloaded (0 events):
No events

Classes redefined (0 events):
No events

Internal exceptions (20 events):
Event: 5.763 Thread 0x00000234c069d560 Exception <a 'java/lang/NoSuchMethodError'{0x000000070a2d81b0}: 'int java.lang.invoke.DirectMethodHandle$Holder.invokeStaticInit(java.lang.Object, int, java.lang.Object, java.lang.Object, java.lang.Object, java.lang.Object)'> (0x000000070a2d81b0) 
thrown [s\open\src\hotspot\share\interpreter\linkResolver.cpp, line 804]
Event: 5.837 Thread 0x00000234c069d560 Exception <a 'java/lang/NoSuchMethodError'{0x0000000709c52c88}: 'java.lang.Object java.lang.invoke.DirectMethodHandle$Holder.invokeInterface(java.lang.Object, java.lang.Object, java.lang.Object, java.lang.Object)'> (0x0000000709c52c88) 
thrown [s\open\src\hotspot\share\interpreter\linkResolver.cpp, line 804]
Event: 5.855 Thread 0x00000234c069d560 Exception <a 'java/lang/NoSuchMethodError'{0x0000000709d761c8}: 'java.lang.Object java.lang.invoke.DirectMethodHandle$Holder.newInvokeSpecial(java.lang.Object, java.lang.Object, java.lang.Object, java.lang.Object, java.lang.Object, java.lang.Object, java.lang.Object, java.lang.Object, java.lang.Object, java.lang.Object, java.lang.Object)'> (0x0000000709d761c8) 
thrown [s\open\src\hotspot\share\interpreter\linkResolver.cpp, line 804]
Event: 5.913 Thread 0x00000234c069d560 Exception <a 'java/lang/NoSuchMethodError'{0x00000007099c1a10}: 'java.lang.Object java.lang.invoke.DirectMethodHandle$Holder.invokeVirtual(java.lang.Object, java.lang.Object, java.lang.Object, java.lang.Object, java.lang.Object, java.lang.Object, java.lang.Object, java.lang.Object)'> (0x00000007099c1a10) 
thrown [s\open\src\hotspot\share\interpreter\linkResolver.cpp, line 804]
Event: 5.915 Thread 0x00000234c069d560 Exception <a 'java/lang/NoSuchMethodError'{0x000000070960ba50}: 'java.lang.Object java.lang.invoke.DirectMethodHandle$Holder.invokeStatic(java.lang.Object, java.lang.Object, java.lang.Object, java.lang.Object, java.lang.Object, java.lang.Object, java.lang.Object, java.lang.Object, java.lang.Object, java.lang.Object)'> (0x000000070960ba50) 
thrown [s\open\src\hotspot\share\interpreter\linkResolver.cpp, line 804]
Event: 5.916 Thread 0x00000234c069d560 Exception <a 'java/lang/NoSuchMethodError'{0x000000070963d9a0}: 'java.lang.Object java.lang.invoke.DirectMethodHandle$Holder.invokeStatic(java.lang.Object, java.lang.Object, java.lang.Object, java.lang.Object, java.lang.Object, java.lang.Object, java.lang.Object, java.lang.Object, java.lang.Object, java.lang.Object, java.lang.Object)'> (0x000000070963d9a0) 
thrown [s\open\src\hotspot\share\interpreter\linkResolver.cpp, line 804]
Event: 5.975 Thread 0x00000234c069d560 Exception <a 'java/lang/NoSuchMethodError'{0x000000070959a7a8}: 'java.lang.Object java.lang.invoke.DirectMethodHandle$Holder.invokeVirtual(java.lang.Object, java.lang.Object, java.lang.Object, int)'> (0x000000070959a7a8) 
thrown [s\open\src\hotspot\share\interpreter\linkResolver.cpp, line 804]
Event: 5.997 Thread 0x00000234c069d560 Exception <a 'java/lang/NoSuchMethodError'{0x00000007093783b0}: 'java.lang.Object java.lang.invoke.DirectMethodHandle$Holder.invokeVirtual(java.lang.Object, java.lang.Object, int)'> (0x00000007093783b0) 
thrown [s\open\src\hotspot\share\interpreter\linkResolver.cpp, line 804]
Event: 6.084 Thread 0x00000234c069d560 Exception <a 'java/lang/IncompatibleClassChangeError'{0x0000000708d7e528}: Found class java.lang.Object, but interface was expected> (0x0000000708d7e528) 
thrown [s\open\src\hotspot\share\interpreter\linkResolver.cpp, line 871]
Event: 6.146 Thread 0x00000234c069d560 Exception <a 'java/lang/NoSuchMethodError'{0x0000000708955518}: 'int java.lang.invoke.DirectMethodHandle$Holder.invokeStaticInit(java.lang.Object, java.lang.Object, java.lang.Object, java.lang.Object)'> (0x0000000708955518) 
thrown [s\open\src\hotspot\share\interpreter\linkResolver.cpp, line 804]
Event: 6.182 Thread 0x00000234c069d560 Exception <a 'java/lang/NoSuchMethodError'{0x0000000708757048}: 'java.lang.Object java.lang.invoke.DirectMethodHandle$Holder.invokeVirtual(java.lang.Object, java.lang.Object, java.lang.Object, java.lang.Object, java.lang.Object, java.lang.Object, java.lang.Object, java.lang.Object, java.lang.Object)'> (0x0000000708757048) 
thrown [s\open\src\hotspot\share\interpreter\linkResolver.cpp, line 804]
Event: 6.218 Thread 0x00000234c069d560 Exception <a 'java/lang/NoSuchMethodError'{0x000000070858cfc0}: 'java.lang.Object java.lang.invoke.DirectMethodHandle$Holder.invokeVirtual(java.lang.Object, java.lang.Object, java.lang.Object, java.lang.Object, java.lang.Object, java.lang.Object, java.lang.Object, java.lang.Object, java.lang.Object, java.lang.Object, java.lang.Object, java.lang.Object)'> (0x000000070858cfc0) 
thrown [s\open\src\hotspot\share\interpreter\linkResolver.cpp, line 804]
Event: 6.238 Thread 0x00000234c069d560 Exception <a 'java/lang/NoSuchMethodError'{0x000000070835ab00}: 'java.lang.Object java.lang.invoke.DirectMethodHandle$Holder.invokeStatic(java.lang.Object, java.lang.Object, java.lang.Object, java.lang.Object, java.lang.Object, java.lang.Object, java.lang.Object, java.lang.Object, java.lang.Object, java.lang.Object, java.lang.Object, java.lang.Object)'> (0x000000070835ab00) 
thrown [s\open\src\hotspot\share\interpreter\linkResolver.cpp, line 804]
Event: 6.298 Thread 0x00000234c069d560 Exception <a 'java/lang/IncompatibleClassChangeError'{0x0000000707e09290}: Found class java.lang.Object, but interface was expected> (0x0000000707e09290) 
thrown [s\open\src\hotspot\share\interpreter\linkResolver.cpp, line 871]
Event: 6.324 Thread 0x00000234c069d560 Exception <a 'java/lang/NoSuchMethodError'{0x0000000707fa4e70}: 'java.lang.Object java.lang.invoke.DirectMethodHandle$Holder.newInvokeSpecial(java.lang.Object, java.lang.Object, int, java.lang.Object, java.lang.Object)'> (0x0000000707fa4e70) 
thrown [s\open\src\hotspot\share\interpreter\linkResolver.cpp, line 804]
Event: 6.324 Thread 0x00000234c069d560 Exception <a 'java/lang/NoSuchMethodError'{0x0000000707fad1c0}: 'java.lang.Object java.lang.invoke.Invokers$Holder.linkToTargetMethod(java.lang.Object, int, java.lang.Object, java.lang.Object, java.lang.Object)'> (0x0000000707fad1c0) 
thrown [s\open\src\hotspot\share\interpreter\linkResolver.cpp, line 804]
Event: 6.515 Thread 0x00000234de52fee0 Exception <a 'java/lang/NoSuchMethodError'{0x0000000707a9a8f0}: 'java.lang.Object java.lang.invoke.DirectMethodHandle$Holder.invokeInterface(java.lang.Object, java.lang.Object, java.lang.Object, java.lang.Object, java.lang.Object, java.lang.Object, java.lang.Object)'> (0x0000000707a9a8f0) 
thrown [s\open\src\hotspot\share\interpreter\linkResolver.cpp, line 804]
Event: 166.073 Thread 0x00000234d4d303a0 Exception <a 'java/lang/NoSuchMethodError'{0x000000070a6320f8}: 'long java.lang.invoke.DirectMethodHandle$Holder.invokeStatic(java.lang.Object, java.lang.Object, int)'> (0x000000070a6320f8) 
thrown [s\open\src\hotspot\share\interpreter\linkResolver.cpp, line 804]
Event: 166.073 Thread 0x00000234d4d303a0 Exception <a 'java/lang/NoSuchMethodError'{0x000000070a6423e0}: 'long java.lang.invoke.DelegatingMethodHandle$Holder.reinvoke_L(java.lang.Object, java.lang.Object, int)'> (0x000000070a6423e0) 
thrown [s\open\src\hotspot\share\interpreter\linkResolver.cpp, line 804]
Event: 166.073 Thread 0x00000234d4d303a0 Exception <a 'java/lang/NoSuchMethodError'{0x000000070a65a798}: 'java.lang.Object java.lang.invoke.DelegatingMethodHandle$Holder.reinvoke_L(java.lang.Object, int, long, java.lang.Object, java.lang.Object, int, java.lang.Object)'> (0x000000070a65a798) 
thrown [s\open\src\hotspot\share\interpreter\linkResolver.cpp, line 804]

VM Operations (20 events):
Event: 6.032 Executing non-safepoint VM operation: HandshakeAllThreads (Deoptimize)
Event: 6.032 Executing non-safepoint VM operation: HandshakeAllThreads (Deoptimize) done
Event: 6.036 Executing non-safepoint VM operation: HandshakeAllThreads (Deoptimize)
Event: 6.036 Executing non-safepoint VM operation: HandshakeAllThreads (Deoptimize) done
Event: 6.037 Executing non-safepoint VM operation: HandshakeAllThreads (Deoptimize)
Event: 6.037 Executing non-safepoint VM operation: HandshakeAllThreads (Deoptimize) done
Event: 6.038 Executing non-safepoint VM operation: HandshakeAllThreads (Deoptimize)
Event: 6.038 Executing non-safepoint VM operation: HandshakeAllThreads (Deoptimize) done
Event: 6.097 Executing non-safepoint VM operation: HandshakeAllThreads (Deoptimize)
Event: 6.097 Executing non-safepoint VM operation: HandshakeAllThreads (Deoptimize) done
Event: 6.128 Executing non-safepoint VM operation: HandshakeAllThreads (Deoptimize)
Event: 6.128 Executing non-safepoint VM operation: HandshakeAllThreads (Deoptimize) done
Event: 48.920 Executing safepoint VM operation: G1CollectForAllocation (G1 Evacuation Pause)
Event: 48.938 Executing safepoint VM operation: G1CollectForAllocation (G1 Evacuation Pause) done
Event: 60.048 Executing non-safepoint VM operation: HandshakeAllThreads (DeflationHandshakeClosure)
Event: 60.048 Executing non-safepoint VM operation: HandshakeAllThreads (DeflationHandshakeClosure) done
Event: 60.048 Executing non-safepoint VM operation: RendezvousGCThreads
Event: 60.048 Executing non-safepoint VM operation: RendezvousGCThreads done
Event: 166.030 Executing safepoint VM operation: JFRSafepointWrite
Event: 166.030 Executing safepoint VM operation: JFRSafepointWrite done

Memory protections (0 events):
No events

Nmethod flushes (20 events):
Event: 1.766 Thread 0x00000234d4d1aab0 flushing  nmethod 0x00000234c9887f08
Event: 3.245 Thread 0x00000234d4d1aab0 flushing  nmethod 0x00000234c9984688
Event: 3.245 Thread 0x00000234d4d1aab0 flushing  nmethod 0x00000234c9887188
Event: 3.245 Thread 0x00000234d4d1aab0 flushing  nmethod 0x00000234c961f588
Event: 3.245 Thread 0x00000234d4d1aab0 flushing  nmethod 0x00000234c98a5f08
Event: 3.245 Thread 0x00000234d4d1aab0 flushing  nmethod 0x00000234c98c8c88
Event: 3.245 Thread 0x00000234d4d1aab0 flushing  nmethod 0x00000234c98c8f88
Event: 3.245 Thread 0x00000234d4d1aab0 flushing  nmethod 0x00000234c9991d08
Event: 3.245 Thread 0x00000234d4d1aab0 flushing  nmethod 0x00000234c99ebd08
Event: 3.245 Thread 0x00000234d4d1aab0 flushing  nmethod 0x00000234c99ed208
Event: 3.245 Thread 0x00000234d4d1aab0 flushing  nmethod 0x00000234c9649b88
Event: 3.245 Thread 0x00000234d4d1aab0 flushing  nmethod 0x00000234c964a788
Event: 3.245 Thread 0x00000234d4d1aab0 flushing  nmethod 0x00000234c98ca708
Event: 3.245 Thread 0x00000234d4d1aab0 flushing  nmethod 0x00000234c9a71188
Event: 3.245 Thread 0x00000234d4d1aab0 flushing  nmethod 0x00000234c9a75d88
Event: 3.245 Thread 0x00000234d4d1aab0 flushing  nmethod 0x00000234c958dc88
Event: 3.245 Thread 0x00000234d4d1aab0 flushing  nmethod 0x00000234c9641008
Event: 3.245 Thread 0x00000234d4d1aab0 flushing  nmethod 0x00000234c9883688
Event: 3.245 Thread 0x00000234d4d1aab0 flushing  nmethod 0x00000234c9901708
Event: 3.245 Thread 0x00000234d4d1aab0 flushing  nmethod 0x00000234c99d9208

Events (20 events):
Event: 8.359 Thread 0x00000234d5c31610 Thread exited: 0x00000234d5c31610
Event: 8.660 Thread 0x00000234db86ee00 Thread exited: 0x00000234db86ee00
Event: 8.940 Thread 0x00000234d5c30600 Thread exited: 0x00000234d5c30600
Event: 12.529 Thread 0x00000234d5c29900 Thread exited: 0x00000234d5c29900
Event: 12.682 Thread 0x00000234d5188e80 Thread exited: 0x00000234d5188e80
Event: 14.577 Thread 0x00000234d4d08e90 Thread exited: 0x00000234d4d08e90
Event: 15.285 Thread 0x00000234de0e1390 Thread exited: 0x00000234de0e1390
Event: 23.924 Thread 0x00000234d4d4b560 Thread added: 0x00000234ddf761b0
Event: 25.247 Thread 0x00000234ddf761b0 Thread exited: 0x00000234ddf761b0
Event: 32.401 Thread 0x00000234d4d4b560 Thread added: 0x00000234ddf78a00
Event: 33.289 Thread 0x00000234ddf78a00 Thread exited: 0x00000234ddf78a00
Event: 33.428 Thread 0x00000234d4d4b560 Thread added: 0x00000234ddf759a0
Event: 35.502 Thread 0x00000234ddf759a0 Thread exited: 0x00000234ddf759a0
Event: 57.091 Thread 0x00000234d4d4b560 Thread added: 0x00000234ddf75190
Event: 63.971 Thread 0x00000234ddf75190 Thread exited: 0x00000234ddf75190
Event: 90.465 Thread 0x00000234d5c97100 Thread exited: 0x00000234d5c97100
Event: 166.026 Thread 0x00000234db90fbe0 Thread exited: 0x00000234db90fbe0
Event: 166.027 Thread 0x00000234ddee9010 Thread exited: 0x00000234ddee9010
Event: 166.032 Thread 0x00000234d4d4b560 Thread added: 0x00000234ddf71110
Event: 166.075 Thread 0x00000234d4d303a0 Thread added: 0x00000234de531e20


Dynamic libraries:
0x00007ff7fc910000 - 0x00007ff7fc91e000 	C:\Users\User\.jdks\openjdk-ea-26-ea+27-2778\bin\java.exe
0x00007ff913bc0000 - 0x00007ff913e27000 	C:\WINDOWS\SYSTEM32\ntdll.dll
0x00007ff911a80000 - 0x00007ff911b49000 	C:\WINDOWS\System32\KERNEL32.DLL
0x00007ff910780000 - 0x00007ff910b74000 	C:\WINDOWS\System32\KERNELBASE.dll
0x00007ff9104c0000 - 0x00007ff91060b000 	C:\WINDOWS\System32\ucrtbase.dll
0x00007ff8dfd00000 - 0x00007ff8dfd17000 	C:\Users\User\.jdks\openjdk-ea-26-ea+27-2778\bin\jli.dll
0x00007ff8dfd20000 - 0x00007ff8dfd3e000 	C:\Users\User\.jdks\openjdk-ea-26-ea+27-2778\bin\VCRUNTIME140.dll
0x00007ff913230000 - 0x00007ff9133f5000 	C:\WINDOWS\System32\USER32.dll
0x00007ff910490000 - 0x00007ff9104b7000 	C:\WINDOWS\System32\win32u.dll
0x00007ff8f3800000 - 0x00007ff8f3a93000 	C:\WINDOWS\WinSxS\amd64_microsoft.windows.common-controls_6595b64144ccf1df_6.0.26100.8115_none_3e075c82e3354f9c\COMCTL32.dll
0x00007ff912960000 - 0x00007ff91298b000 	C:\WINDOWS\System32\GDI32.dll
0x00007ff911820000 - 0x00007ff91194b000 	C:\WINDOWS\System32\gdi32full.dll
0x00007ff9119d0000 - 0x00007ff911a79000 	C:\WINDOWS\System32\msvcrt.dll
0x00007ff9116c0000 - 0x00007ff911763000 	C:\WINDOWS\System32\msvcp_win.dll
0x00007ff911de0000 - 0x00007ff911e12000 	C:\WINDOWS\System32\IMM32.DLL
0x00007ff8dfcf0000 - 0x00007ff8dfcfc000 	C:\Users\User\.jdks\openjdk-ea-26-ea+27-2778\bin\vcruntime140_1.dll
0x00007ff886310000 - 0x00007ff88639d000 	C:\Users\User\.jdks\openjdk-ea-26-ea+27-2778\bin\msvcp140.dll
0x00007ff86f290000 - 0x00007ff87015b000 	C:\Users\User\.jdks\openjdk-ea-26-ea+27-2778\bin\server\jvm.dll
0x00007ff9124a0000 - 0x00007ff912556000 	C:\WINDOWS\System32\ADVAPI32.dll
0x00007ff9127e0000 - 0x00007ff912887000 	C:\WINDOWS\System32\sechost.dll
0x00007ff912c80000 - 0x00007ff912d98000 	C:\WINDOWS\System32\RPCRT4.dll
0x00007ff911b50000 - 0x00007ff911bd0000 	C:\WINDOWS\System32\WS2_32.dll
0x00007ff9102f0000 - 0x00007ff91034e000 	C:\WINDOWS\SYSTEM32\POWRPROF.dll
0x00007ff901440000 - 0x00007ff901476000 	C:\WINDOWS\SYSTEM32\WINMM.dll
0x00007ff906f40000 - 0x00007ff906f4b000 	C:\WINDOWS\SYSTEM32\VERSION.dll
0x00007ff9102d0000 - 0x00007ff9102e4000 	C:\WINDOWS\SYSTEM32\UMPDC.dll
0x00007ff90f1e0000 - 0x00007ff90f1fb000 	C:\WINDOWS\SYSTEM32\kernel.appcore.dll
0x00007ff8d7ae0000 - 0x00007ff8d7aea000 	C:\Users\User\.jdks\openjdk-ea-26-ea+27-2778\bin\jimage.dll
0x00007ff90e580000 - 0x00007ff90e7c2000 	C:\WINDOWS\SYSTEM32\DBGHELP.DLL
0x00007ff912030000 - 0x00007ff9123b2000 	C:\WINDOWS\System32\combase.dll
0x00007ff9123c0000 - 0x00007ff912498000 	C:\WINDOWS\System32\OLEAUT32.dll
0x00007ff8f2d30000 - 0x00007ff8f2d6b000 	C:\WINDOWS\SYSTEM32\dbgcore.DLL
0x00007ff911770000 - 0x00007ff911815000 	C:\WINDOWS\System32\bcryptPrimitives.dll
0x00007ff90b4c0000 - 0x00007ff90b4d0000 	C:\Users\User\.jdks\openjdk-ea-26-ea+27-2778\bin\instrument.dll
0x00007ff8864d0000 - 0x00007ff8864ef000 	C:\Users\User\.jdks\openjdk-ea-26-ea+27-2778\bin\java.dll
0x00007ff912990000 - 0x00007ff912b27000 	C:\WINDOWS\System32\ole32.dll
0x00007ff913400000 - 0x00007ff913b67000 	C:\WINDOWS\System32\SHELL32.dll
0x00007ff910610000 - 0x00007ff91077a000 	C:\WINDOWS\System32\wintypes.dll
0x00007ff910b80000 - 0x00007ff9113e8000 	C:\WINDOWS\System32\windows.storage.dll
0x00007ff9126e0000 - 0x00007ff9127d8000 	C:\WINDOWS\System32\SHCORE.dll
0x00007ff912890000 - 0x00007ff9128f6000 	C:\WINDOWS\System32\shlwapi.dll
0x00007ff9103b0000 - 0x00007ff9103d9000 	C:\WINDOWS\SYSTEM32\profapi.dll
0x00007ff883ec0000 - 0x00007ff883ed7000 	C:\Users\User\.jdks\openjdk-ea-26-ea+27-2778\bin\zip.dll
0x00007ff8862f0000 - 0x00007ff886302000 	C:\Users\User\.jdks\openjdk-ea-26-ea+27-2778\bin\net.dll
0x00007ff90f730000 - 0x00007ff90f79c000 	C:\WINDOWS\system32\mswsock.dll
0x00007ff883ee0000 - 0x00007ff883ef6000 	C:\Users\User\.jdks\openjdk-ea-26-ea+27-2778\bin\nio.dll
0x00007ff8f3c90000 - 0x00007ff8f3c99000 	C:\Users\User\.jdks\openjdk-ea-26-ea+27-2778\bin\extnet.dll
0x00007ff90ec00000 - 0x00007ff90ed32000 	C:\WINDOWS\SYSTEM32\DNSAPI.dll
0x00007ff90ebc0000 - 0x00007ff90ebf2000 	C:\WINDOWS\SYSTEM32\IPHLPAPI.DLL
0x00007ff911c70000 - 0x00007ff911c7a000 	C:\WINDOWS\System32\NSI.dll
0x00007ff909020000 - 0x00007ff90902b000 	C:\Windows\System32\rasadhlp.dll
0x00007ff9072b0000 - 0x00007ff907336000 	C:\WINDOWS\System32\fwpuclnt.dll
0x00007ff908180000 - 0x00007ff90818a000 	C:\Users\User\.jdks\openjdk-ea-26-ea+27-2778\bin\management.dll
0x00007ff9081d0000 - 0x00007ff9081dc000 	C:\Users\User\.jdks\openjdk-ea-26-ea+27-2778\bin\management_ext.dll
0x00007ff913b70000 - 0x00007ff913b78000 	C:\WINDOWS\System32\PSAPI.DLL
0x00007ff90fb30000 - 0x00007ff90fb4b000 	C:\WINDOWS\SYSTEM32\CRYPTSP.dll
0x00007ff90f140000 - 0x00007ff90f179000 	C:\WINDOWS\system32\rsaenh.dll
0x00007ff90f7e0000 - 0x00007ff90f813000 	C:\WINDOWS\SYSTEM32\USERENV.dll
0x00007ff910380000 - 0x00007ff9103aa000 	C:\WINDOWS\SYSTEM32\bcrypt.dll
0x00007ff90f990000 - 0x00007ff90f99c000 	C:\WINDOWS\SYSTEM32\CRYPTBASE.dll
0x00007ff8ecf40000 - 0x00007ff8ecf58000 	C:\WINDOWS\system32\napinsp.dll
0x00007ff8ecf20000 - 0x00007ff8ecf33000 	C:\WINDOWS\System32\winrnr.dll
0x00007ff8ecef0000 - 0x00007ff8ecf12000 	C:\WINDOWS\system32\nlansp_c.dll
0x00007ff908440000 - 0x00007ff908456000 	C:\WINDOWS\system32\wshbth.dll
0x00007ff8f3b60000 - 0x00007ff8f3bb6000 	C:\WINDOWS\SYSTEM32\pdh.dll
0x00007ff908190000 - 0x00007ff90819e000 	C:\Users\User\.jdks\openjdk-ea-26-ea+27-2778\bin\sunmscapi.dll
0x00007ff9114b0000 - 0x00007ff911627000 	C:\WINDOWS\System32\CRYPT32.dll
0x00007ff90fc90000 - 0x00007ff90fcc0000 	C:\WINDOWS\SYSTEM32\ncrypt.dll
0x00007ff90fc40000 - 0x00007ff90fc7f000 	C:\WINDOWS\SYSTEM32\NTASN1.dll
0x00007ff908160000 - 0x00007ff908172000 	C:\WINDOWS\System32\perfproc.dll
0x00007ff8c81b0000 - 0x00007ff8c83c1000 	C:\Users\User\AppData\Local\Temp\idea_libasyncProfiler_dll_temp_folder1\libasyncProfiler.dll
0x00007ff8df800000 - 0x00007ff8df808000 	C:\WINDOWS\system32\wshunix.dll

JVMTI agents:
C:\Program Files\JetBrains\IntelliJ IDEA 2025.2.5\lib\idea_rt.jar path:C:\Users\User\.jdks\openjdk-ea-26-ea+27-2778\bin\instrument.dll, loaded, initialized, instrumentlib options:58682
C:\Users\User\AppData\Local\Temp\idea_libasyncProfiler_dll_temp_folder1\libasyncProfiler.dll path:C:\Users\User\.jdks\openjdk-ea-26-ea+27-2778\bin\instrument.dll, loaded, initialized, dynamic options:start,jfr,event=wall,interval=10ms,jfrsync=profile,cstack=no,file=C:\Users\User\IdeaSnapshots\JobSearchRemakeApplication_2026_04_15_201255.jfr,log=C:\Users\User\AppData\Local\Temp\JobSearchRemakeApplication_2026_04_15_201255.jfr.log.txt,loglevel=DEBUG,dbghelppath=C:\Users\User\AppData\Local\Temp\idea_dbghelp_dll_temp_folder\dbghelp.dll

dbghelp: loaded successfully - version: 4.0.5 - missing functions: none
symbol engine: initialized successfully - sym options: 0x614 - pdb path: .;C:\Users\User\.jdks\openjdk-ea-26-ea+27-2778\bin;C:\WINDOWS\SYSTEM32;C:\WINDOWS\WinSxS\amd64_microsoft.windows.common-controls_6595b64144ccf1df_6.0.26100.8115_none_3e075c82e3354f9c;C:\Users\User\.jdks\openjdk-ea-26-ea+27-2778\bin\server;C:\Users\User\AppData\Local\Temp\idea_libasyncProfiler_dll_temp_folder1

VM Arguments:
jvm_args: -XX:TieredStopAtLevel=1 -Dspring.output.ansi.enabled=always -Dcom.sun.management.jmxremote -Dspring.jmx.enabled=true -Dspring.liveBeansView.mbeanDomain -Dspring.application.admin.enabled=true -Dmanagement.endpoints.jmx.exposure.include=* -javaagent:C:\Program Files\JetBrains\IntelliJ IDEA 2025.2.5\lib\idea_rt.jar=58682 -Dfile.encoding=UTF-8 -Dsun.stdout.encoding=UTF-8 -Dsun.stderr.encoding=UTF-8 
java_command: kg.attractor.jobsearch_remake.JobSearchRemakeApplication
java_class_path (initial): C:\Users\User\OneDrive\Desktop\JobSearch_Remake\target\classes;C:\Users\User\.m2\repository\org\springframework\boot\spring-boot-starter-webmvc\4.0.5\spring-boot-starter-webmvc-4.0.5.jar;C:\Users\User\.m2\repository\org\springframework\boot\spring-boot-starter\4.0.5\spring-boot-starter-4.0.5.jar;C:\Users\User\.m2\repository\org\springframework\boot\spring-boot-starter-logging\4.0.5\spring-boot-starter-logging-4.0.5.jar;C:\Users\User\.m2\repository\ch\qos\logback\logback-classic\1.5.32\logback-classic-1.5.32.jar;C:\Users\User\.m2\repository\ch\qos\logback\logback-core\1.5.32\logback-core-1.5.32.jar;C:\Users\User\.m2\repository\org\apache\logging\log4j\log4j-to-slf4j\2.25.3\log4j-to-slf4j-2.25.3.jar;C:\Users\User\.m2\repository\org\apache\logging\log4j\log4j-api\2.25.3\log4j-api-2.25.3.jar;C:\Users\User\.m2\repository\org\slf4j\jul-to-slf4j\2.0.17\jul-to-slf4j-2.0.17.jar;C:\Users\User\.m2\repository\org\springframework\boot\spring-boot-autoconfigure\4.0.5\spring-boot-autoconfigure-4.0.5.jar;C:\Users\User\.m2\repository\jakarta\annotation\jakarta.annotation-api\3.0.0\jakarta.annotation-api-3.0.0.jar;C:\Users\User\.m2\repository\org\yaml\snakeyaml\2.5\snakeyaml-2.5.jar;C:\Users\User\.m2\repository\org\springframework\boot\spring-boot-starter-jackson\4.0.5\spring-boot-starter-jackson-4.0.5.jar;C:\Users\User\.m2\repository\org\springframework\boot\spring-boot-jackson\4.0.5\spring-boot-jackson-4.0.5.jar;C:\Users\User\.m2\repository\tools\jackson\core\jackson-databind\3.1.0\jackson-databind-3.1.0.jar;C:\Users\User\.m2\repository\com\fasterxml\jackson\core\jackson-annotations\2.21\jackson-annotations-2.21.jar;C:\Users\User\.m2\repository\tools\jackson\core\jackson-core\3.1.0\jackson-core-3.1.0.jar;C:\Users\User\.m2\repository\org\springframework\boot\spring-boot-starter-tomcat\4.0.5\spring-boot-starter-tomcat-4.0.5.jar;C:\Users\User\.m2\repository\org\springframework\boot\spring-boot-starter-tomcat-runtime\4.0.5\spring-boot-starter-tomcat-runtime-4.0.5.jar;C:\Users\User\.m2\repository\org\apache\tomcat\embed\tomcat-embed-core\11.0.20\tomcat-embed-core-11.0.20.jar;C:\Users\User\.m2\repository\org\apache\tomcat\embed\tomcat-embed-el\11.0.20\tomcat-embed-el-11.0.20.jar;C:\Users\User\.m2\repository\org\apache\tomcat\embed\tomcat-embed-websocket\11.0.20\tomcat-embed-websocket-11.0.20.jar;C:\Users\User\.m2\repository\org\springframework\boot\spring-boot-tomcat\4.0.5\spring-boot-tomcat-4.0.5.jar;C:\Users\User\.m2\repository\org\springframework\boot\spring-boot-http-converter\4.0.5\spring-boot-http-converter-4.0.5.jar;C:\Users\User\.m2\repository\org\springframework\boot\spring-boot\4.0.5\spring-boot-4.0.5.jar;C:\Users\User\.m2\repository\org\springframework\spring-context\7.0.6\spring-context-7.0.6.jar;C:\Users\User\.m2\repository\org\springframework\spring-web\7.0.6\spring-web-7.0.6.jar;C:\Users\User\.m2\repository\org\springframework\spring-beans\7.0.6\spring-beans-7.0.6.jar;C:\Users\User\.m2\repository\io\micrometer\micrometer-observation\1.16.4\micrometer-observation-1.16.4.jar;C:\Users\User\.m2\repository\io\micrometer\micrometer-commons\1.16.4\micrometer-commons-1.16.4.jar;C:\Users\User\.m2\repository\org\springframework\boot\spring-boot-webmvc\4.0.5\spring-boot-webmvc-4.0.5.jar;C:\Users\User\.m2\repository\org\springframework\boot\spring-boot-servlet\4.0.5\spring-boot-servlet-4.0.5.jar;C:\Users\User\.m2\repository\org\springframework\spring-webmvc\7.0.6\spring-webmvc-7.0.6.jar;C:\Users\User\.m2\repository\org\springframework\spring-aop\7.0.6\spring-aop-7.0.6.jar;C:\Users\User\.m2\repository\org\springframework\spring-expression\7.0.6\spring-expression-7.0.6.jar;C:\Users\User\.m2\repository\org\projectlombok\lombok\1.18.44\lombok-1.18.44.jar;C:\Users\User\.m2\repository\jakarta\xml\bind\jakarta.xml.bind-api\4.0.4\jakarta.xml.bind-api-4.0.4.jar;C:\Users\User\.m2\repository\jakarta\activation\jakarta.activation-api\2.1.4\jakarta.activation-api-2.1.4.jar;C:\Users\User\.m2\repository\org\springframework\spring-core\7.0.6\spring-core-7.0.6.jar;C:\Users\User\.m2\repository\commons-logging\commons-logging\1.3.6\commons-logging-1.3.6.jar;C:\Users\User\.m2\repository\org\springframework\boot\spring-boot-web-server\4.0.5\spring-boot-web-server-4.0.5.jar;C:\Users\User\.m2\repository\com\google\code\gson\gson\2.13.2\gson-2.13.2.jar;C:\Users\User\.m2\repository\com\google\errorprone\error_prone_annotations\2.41.0\error_prone_annotations-2.41.0.jar;C:\Users\User\.m2\repository\org\springdoc\springdoc-openapi-starter-webmvc-ui\3.0.2\springdoc-openapi-starter-webmvc-ui-3.0.2.jar;C:\Users\User\.m2\repository\org\springdoc\springdoc-openapi-starter-webmvc-api\3.0.2\springdoc-openapi-starter-webmvc-api-3.0.2.jar;C:\Users\User\.m2\repository\org\springdoc\springdoc-openapi-starter-common\3.0.2\springdoc-openapi-starter-common-3.0.2.jar;C:\Users\User\.m2\repository\org\springframework\boot\spring-boot-validation\4.0.5\spring-boot-validation-4.0.5.jar;C:\Users\User\.m2\repository\org\hibernate\validator\hibernate-validator\9.0.1.Final\hibernate-validator-9.0.1.Final.jar;C:\Users\User\.m2\repository\org\jboss\logging\jboss-logging\3.6.3.Final\jboss-logging-3.6.3.Final.jar;C:\Users\User\.m2\repository\com\fasterxml\classmate\1.7.3\classmate-1.7.3.jar;C:\Users\User\.m2\repository\io\swagger\core\v3\swagger-core-jakarta\2.2.43\swagger-core-jakarta-2.2.43.jar;C:\Users\User\.m2\repository\io\swagger\core\v3\swagger-annotations-jakarta\2.2.43\swagger-annotations-jakarta-2.2.43.jar;C:\Users\User\.m2\repository\io\swagger\core\v3\swagger-models-jakarta\2.2.43\swagger-models-jakarta-2.2.43.jar;C:\Users\User\.m2\repository\jakarta\validation\jakarta.validation-api\3.1.1\jakarta.validation-api-3.1.1.jar;C:\Users\User\.m2\repository\com\fasterxml\jackson\core\jackson-databind\2.21.2\jackson-databind-2.21.2.jar;C:\Users\User\.m2\repository\com\fasterxml\jackson\core\jackson-core\2.21.2\jackson-core-2.21.2.jar;C:\Users\User\.m2\repository\com\fasterxml\jackson\dataformat\jackson-dataformat-yaml\2.21.2\jackson-dataformat-yaml-2.21.2.jar;C:\Users\User\.m2\repository\com\fasterxml\jackson\datatype\jackson-datatype-jsr310\2.21.2\jackson-datatype-jsr310-2.21.2.jar;C:\Users\User\.m2\repository\org\webjars\swagger-ui\5.32.0\swagger-ui-5.32.0.jar;C:\Users\User\.m2\repository\org\webjars\webjars-locator-lite\1.1.3\webjars-locator-lite-1.1.3.jar;C:\Users\User\.m2\repository\org\jspecify\jspecify\1.0.0\jspecify-1.0.0.jar;C:\Users\User\.m2\repository\com\h2database\h2\2.4.240\h2-2.4.240.jar;C:\Users\User\.m2\repository\org\springframework\boot\spring-boot-starter-jdbc\4.0.3\spring-boot-starter-jdbc-4.0.3.jar;C:\Users\User\.m2\repository\org\springframework\boot\spring-boot-jdbc\4.0.5\spring-boot-jdbc-4.0.5.jar;C:\Users\User\.m2\repository\org\springframework\boot\spring-boot-sql\4.0.5\spring-boot-sql-4.0.5.jar;C:\Users\User\.m2\repository\org\springframework\boot\spring-boot-transaction\4.0.5\spring-boot-transaction-4.0.5.jar;C:\Users\User\.m2\repository\org\springframework\boot\spring-boot-persistence\4.0.5\spring-boot-persistence-4.0.5.jar;C:\Users\User\.m2\repository\org\springframework\spring-tx\7.0.6\spring-tx-7.0.6.jar;C:\Users\User\.m2\repository\org\springframework\spring-jdbc\7.0.6\spring-jdbc-7.0.6.jar;C:\Users\User\.m2\repository\com\zaxxer\HikariCP\7.0.2\HikariCP-7.0.2.jar;C:\Users\User\.m2\repository\org\slf4j\slf4j-api\2.0.17\slf4j-api-2.0.17.jar;C:\Users\User\.m2\repository\org\springframework\boot\spring-boot-starter-liquibase\4.1.0-M3\spring-boot-starter-liquibase-4.1.0-M3.jar;C:\Users\User\.m2\repository\org\springframework\boot\spring-boot-liquibase\4.0.5\spring-boot-liquibase-4.0.5.jar;C:\Users\User\.m2\repository\org\liquibase\liquibase-core\5.0.2\liquibase-core-5.0.2.jar;C:\Users\User\.m2\repository\org\apache\commons\commons-collections4\4.5.0\commons-collections4-4.5.0.jar;C:\Users\User\.m2\repository\org\apache\commons\commons-text\1.15.0\commons-text-1.15.0.jar;C:\Users\User\.m2\repository\com\opencsv\opencsv\5.12.0\opencsv-5.12.0.jar;C:\Users\User\.m2\repository\org\apache\commons\commons-lang3\3.19.0\commons-lang3-3.19.0.jar;C:\Users\User\.m2\repository\commons-io\commons-io\2.21.0\commons-io-2.21.0.jar
Launcher Type: SUN_STANDARD

[Global flags]
     bool AOTAdapterCaching                        = false                                  {diagnostic} {ergonomic}
     bool AOTInvokeDynamicLinking                  = false                                  {diagnostic} {ergonomic}
     bool AOTRecordTraining                        = false                                  {diagnostic} {ergonomic}
     bool AOTReplayTraining                        = false                                  {diagnostic} {ergonomic}
     bool AOTStubCaching                           = false                                  {diagnostic} {ergonomic}
     intx CICompilerCount                          = 8                                         {product} {ergonomic}
     uint ConcGCThreads                            = 3                                         {product} {ergonomic}
     bool FlightRecorder                           = true                                      {product} {management}
     uint G1ConcRefinementThreads                  = 13                                        {product} {ergonomic}
     uint G1EagerReclaimRemSetThreshold            = 16                                   {experimental} {ergonomic}
   size_t G1HeapRegionSize                         = 2097152                                   {product} {ergonomic}
     uint G1RemSetArrayOfCardsEntries              = 16                                   {experimental} {ergonomic}
     uint G1RemSetHowlMaxNumBuckets                = 8                                    {experimental} {ergonomic}
     uint G1RemSetHowlNumBuckets                   = 8                                    {experimental} {ergonomic}
   size_t InitialHeapSize                          = 8388608                                   {product} {ergonomic}
     bool IntelJccErratumMitigation                = false                             {ARCH diagnostic} {ergonomic}
     bool ManagementServer                         = true                                      {product} {command line}
   size_t MarkStackSize                            = 4194304                                   {product} {ergonomic}
   size_t MarkStackSizeMax                         = 536870912                                 {product} {ergonomic}
   size_t MaxHeapSize                              = 4223664128                                {product} {ergonomic}
   size_t MaxNewSize                               = 2533359616                                {product} {ergonomic}
 uint64_t MaxRAM                                   = 16890519552                               {product} {ergonomic}
   size_t MinHeapDeltaBytes                        = 2097152                                   {product} {ergonomic}
   size_t MinHeapSize                              = 8388608                                   {product} {ergonomic}
   size_t NonNMethodCodeHeapSize                   = 4096                                   {pd product} {ergonomic}
   size_t NonProfiledCodeHeapSize                  = 0                                      {pd product} {ergonomic}
     bool ProfileInterpreter                       = false                                  {pd product} {command line}
   size_t ProfiledCodeHeapSize                     = 0                                      {pd product} {ergonomic}
   size_t SoftMaxHeapSize                          = 4223664128                             {manageable} {ergonomic}
     intx TieredStopAtLevel                        = 1                                         {product} {command line}
     bool UseCompressedOops                        = true                           {product lp64_product} {ergonomic}
     bool UseCondCardMark                          = true                                      {product} {ergonomic}
     bool UseFastUnorderedTimeStamps               = true                                 {experimental} {ergonomic}
     bool UseG1GC                                  = true                                      {product} {ergonomic}
     bool UseLargePagesIndividualAllocation        = false                                  {pd product} {ergonomic}
      int X86ICacheSync                            = 3                                 {ARCH diagnostic} {ergonomic}

Logging:
Log output configuration:
 #0: stdout all=warning uptime,level,tags foldmultilines=false
 #1: stderr all=off uptime,level,tags foldmultilines=false

Release file:
IMPLEMENTOR="Oracle Corporation" 
JAVA_RUNTIME_VERSION="26-ea+27-2778" 
JAVA_VERSION="26" 
JAVA_VERSION_DATE="2026-03-17" 
LIBC="default" 
MODULES="java.base java.compiler java.datatransfer java.xml java.prefs java.desktop java.instrument java.logging java.management java.security.sasl java.naming java.rmi java.management.rmi java.net.http java.scripting java.security.jgss java.transaction.xa java.sql java.sql.rowset java.xml.crypto java.se java.smartcardio jdk.accessibility jdk.internal.jvmstat jdk.attach jdk.charsets jdk.internal.opt jdk.zipfs jdk.compiler jdk.crypto.cryptoki jdk.crypto.ec jdk.crypto.mscapi jdk.dynalink jdk.internal.ed jdk.editpad jdk.internal.vm.ci jdk.graal.compiler jdk.graal.compiler.management jdk.hotspot.agent jdk.httpserver jdk.incubator.vector jdk.internal.le jdk.internal.md jdk.jartool jdk.javadoc jdk.jcmd jdk.management jdk.management.agent jdk.jconsole jdk.jdeps jdk.jdwp.agent jdk.jdi jdk.jfr jdk.jlink jdk.jpackage jdk.jshell jdk.jstatd jdk.localedata jdk.management.jfr jdk.naming.dns jdk.naming.rmi jdk.net jdk.nio.mapmode jdk.sctp jdk.security.auth jdk.security.jgss jdk.unsupported jdk.unsupported.desktop jdk.xml.dom" 
OS_ARCH="x86_64" 
OS_NAME="Windows" 
SOURCE=".:git:45dcc0e7e26b" 

Environment Variables:
PATH=C:\Program Files\Common Files\Oracle\Java\javapath;C:\Program Files (x86)\Common Files\Oracle\Java\javapath;C:\Program Files (x86)\Common Files\Intel\Shared Libraries\redist\intel64_win\compiler;C:\WINDOWS\system32;C:\WINDOWS;C:\WINDOWS\System32\Wbem;C:\WINDOWS\System32\WindowsPowerShell\v1.0\;C:\WINDOWS\System32\OpenSSH\;C:\Program Files (x86)\NVIDIA Corporation\PhysX\Common;C:\Program Files\dotnet\;C:\Program Files\Git\cmd;C:\Program Files\NVIDIA Corporation\NVIDIA App\NvDLISR;C:\Users\User\AppData\Local\Microsoft\WindowsApps;C:\Users\User\AppData\Local\Programs\Microsoft VS Code\bin;C:\Program Files\JetBrains\IntelliJ IDEA 2025.2.5\bin;C:\ProgramData\User\GitHubDesktop\bin;C:\Users\User\AppData\Local\GitHubDesktop\bin
USERNAME=User
OS=Windows_NT
PROCESSOR_IDENTIFIER=Intel64 Family 6 Model 186 Stepping 2, GenuineIntel
TMP=C:\Users\User\AppData\Local\Temp
TEMP=C:\Users\User\AppData\Local\Temp




Compilation memory statistics disabled.

Periodic native trim disabled

---------------  S Y S T E M  ---------------

OS:
 Windows 11 , 64 bit Build 26100 (10.0.26100.8246)
OS uptime: 0 days 0:33 hours
Hyper-V role detected

CPU: total 16 (initial active 16) (hybrid) family 6 model 186 stepping 2 microcode 0x410e, cx8, cmov, fxsr, ht, mmx, 3dnowpref, sse, sse2, sse3, ssse3, sse4.1, sse4.2, popcnt, lzcnt, tsc, tscinvbit, avx, avx2, aes, erms, clmul, bmi1, bmi2, adx, sha, fma, vzeroupper, clflush, clflushopt, clwb, hv, serialize, rdtscp, rdpid, fsrm, gfni, f16c, cet_ibt, cet_ss, hybrid
Processor Information for processor 0
  Max Mhz: 2400, Current Mhz: 1520, Mhz Limit: 2400
Processor Information for processor 1
  Max Mhz: 2400, Current Mhz: 2400, Mhz Limit: 2400
Processor Information for processor 2
  Max Mhz: 2400, Current Mhz: 1520, Mhz Limit: 2400
Processor Information for processor 3
  Max Mhz: 2400, Current Mhz: 1520, Mhz Limit: 2400
Processor Information for processor 4
  Max Mhz: 2400, Current Mhz: 2400, Mhz Limit: 2400
Processor Information for processor 5
  Max Mhz: 2400, Current Mhz: 2400, Mhz Limit: 2400
Processor Information for processor 6
  Max Mhz: 2400, Current Mhz: 1520, Mhz Limit: 2400
Processor Information for processor 7
  Max Mhz: 2400, Current Mhz: 1520, Mhz Limit: 2400
Processor Information for processor 8
  Max Mhz: 2400, Current Mhz: 2400, Mhz Limit: 2400
Processor Information for processor 9
  Max Mhz: 2400, Current Mhz: 2400, Mhz Limit: 2400
Processor Information for processor 10
  Max Mhz: 2400, Current Mhz: 2400, Mhz Limit: 2400
Processor Information for processor 11
  Max Mhz: 2400, Current Mhz: 1520, Mhz Limit: 2400
Processor Information for processor 12
  Max Mhz: 2400, Current Mhz: 1500, Mhz Limit: 1800
Processor Information for processor 13
  Max Mhz: 2400, Current Mhz: 1500, Mhz Limit: 1800
Processor Information for processor 14
  Max Mhz: 2400, Current Mhz: 1500, Mhz Limit: 1800
Processor Information for processor 15
  Max Mhz: 2400, Current Mhz: 1500, Mhz Limit: 1800

Memory: 4k page, system-wide physical 16108M (5293M free)
TotalPageFile size 20204M (AvailPageFile size 5870M)
current process WorkingSet (physical memory assigned to process): 274M, peak: 274M
current process commit charge ("private bytes"): 349M, peak: 349M

vm_info: OpenJDK 64-Bit Server VM (26-ea+27-2778) for windows-amd64 JRE (26-ea+27-2778), built on 2025-12-04T18:43:15Z with MS VC++ 17.13 (VS2022)

END.
