#
# A fatal error has been detected by the Java Runtime Environment:
#
#  EXCEPTION_ACCESS_VIOLATION (0xc0000005) at pc=0x00007ffe795d6fd4, pid=24340, tid=18544
#
# JRE version: OpenJDK Runtime Environment (26.0+27) (build 26-ea+27-2778)
# Java VM: OpenJDK 64-Bit Server VM (26-ea+27-2778, mixed mode, emulated-client, sharing, tiered, compressed oops, compressed class ptrs, g1 gc, windows-amd64)
# Problematic frame:
# C  [libasyncProfiler.dll+0x46fd4]
#
# No core dump will be written. Minidumps are not enabled by default on client versions of Windows
#
# If you would like to submit a bug report, please visit:
#   https://bugreport.java.com/bugreport/crash.jsp
# The crash happened outside the Java Virtual Machine in native code.
# See problematic frame for where to report the bug.
#

---------------  S U M M A R Y ------------

Command Line: -XX:TieredStopAtLevel=1 -Dspring.output.ansi.enabled=always -Dcom.sun.management.jmxremote -Dspring.jmx.enabled=true -Dspring.liveBeansView.mbeanDomain -Dspring.application.admin.enabled=true -Dmanagement.endpoints.jmx.exposure.include=* -javaagent:C:\Program Files\JetBrains\IntelliJ IDEA 2025.2.5\lib\idea_rt.jar=65068 -Dfile.encoding=UTF-8 -Dsun.stdout.encoding=UTF-8 -Dsun.stderr.encoding=UTF-8 kg.attractor.jobsearch_remake.JobSearchRemakeApplication

Host: 13th Gen Intel(R) Core(TM) i7-13620H, 16 cores, 15G,  Windows 11 , 64 bit Build 26100 (10.0.26100.7920)
Time: Wed Apr 15 17:22:37 2026 elapsed time: 13.775778 seconds (0d 0h 0m 13s)

---------------  T H R E A D  ---------------

Current thread (0x0000021af89872e0):  JavaThread "Attach Listener" daemon [_thread_in_native, id=18544, stack(0x000000dd22600000,0x000000dd22700000) (1024K)]

Stack: [0x000000dd22600000,0x000000dd22700000],  sp=0x000000dd226fef50,  free space=1019k
Native frames: (J=compiled Java code, j=interpreted, Vv=VM code, C=native code)
C  [libasyncProfiler.dll+0x46fd4]  (no source info available)
C  [libasyncProfiler.dll+0x4a10c]  (no source info available)
C  [libasyncProfiler.dll+0x4fb2d]  (no source info available)
C  [libasyncProfiler.dll+0x4bd31]  (no source info available)
C  [libasyncProfiler.dll+0x47f86]  (no source info available)
C  [libasyncProfiler.dll+0x45ab7]  (no source info available)
C  [libasyncProfiler.dll+0x4b1ba]  (no source info available)
C  [libasyncProfiler.dll+0x81596]  (no source info available)
C  [libasyncProfiler.dll+0x7f84d]  (no source info available)
C  [libasyncProfiler.dll+0x7f6b3]  (no source info available)
C  [libasyncProfiler.dll+0x86aae]  (no source info available)
V  [jvm.dll+0x61beb6]  (no source info available)
V  [jvm.dll+0x61cbf7]  (no source info available)
V  [jvm.dll+0x1a6777]  (no source info available)
V  [jvm.dll+0x1a8204]  (no source info available)
V  [jvm.dll+0x4a3cf1]  (no source info available)
V  [jvm.dll+0x94ec89]  (no source info available)
V  [jvm.dll+0x7d6988]  (no source info available)
C  [ucrtbase.dll+0x37b0]  (no source info available)
C  [KERNEL32.DLL+0x2e8d7]  (no source info available)
C  [ntdll.dll+0x8c48c]  (no source info available)


siginfo: EXCEPTION_ACCESS_VIOLATION (0xc0000005), reading address 0x00000000000166ac


Registers:
RAX=0x00000000fffffffd, RBX=0x00000000000166ac, RCX=0x000000dd226ff120, RDX=0x0000021affc82018
RSP=0x000000dd226fef50, RBP=0x000000dd226ff120, RSI=0x0000021affc82018, RDI=0x0000000000000000
R8 =0x00000000000166ac, R9 =0x0000000000000001, R10=0x0000021a81e3b5e0, R11=0x0000021affc81ff0
R12=0x0000021a81e3b5c8, R13=0x0000021a80240c90, R14=0x00000000000166ac, R15=0x0000000000000001
RIP=0x00007ffe795d6fd4, EFLAGS=0x0000000000010202

XMM[0]=0x0000000000000000 0x0000021affc82770
XMM[1]=0x736154206369646f 0x697265502052464a
XMM[2]=0x736b736154206369 0x646f697265502052
XMM[3]=0x0000000000000000 0x0000000000000000
XMM[4]=0x0000000000000000 0x0000000000000000
XMM[5]=0x616d65525f686372 0x616553626f4a2f70
XMM[6]=0x0000000000000000 0x0000000000000000
XMM[7]=0x0000000000000000 0x0000000000000000
XMM[8]=0x0000000000000000 0x0000000000000000
XMM[9]=0x0000000000000000 0x0000000000000000
XMM[10]=0x0000000000000000 0x0000000000000000
XMM[11]=0x0000000000000000 0x0000000000000000
XMM[12]=0x0000000000000000 0x0000000000000000
XMM[13]=0x0000000000000000 0x0000000000000000
XMM[14]=0x0000000000000000 0x0000000000000000
XMM[15]=0x0000000000000000 0x0000000000000000
  MXCSR=0x00001fa0


Register to memory mapping:

RAX=0x00000000fffffffd is an unknown value
RBX=0x00000000000166ac is an unknown value
RCX=0x000000dd226ff120 is pointing into the stack for thread: 0x0000021af89872e0
RDX=0x0000021affc82018 points into unknown readable memory: 0x0000000163657801 | 01 78 65 63 01 00 00 00
RSP=0x000000dd226fef50 is pointing into the stack for thread: 0x0000021af89872e0
RBP=0x000000dd226ff120 is pointing into the stack for thread: 0x0000021af89872e0
RSI=0x0000021affc82018 points into unknown readable memory: 0x0000000163657801 | 01 78 65 63 01 00 00 00
RDI=0x0 is null
R8 =0x00000000000166ac is an unknown value
R9 =0x0000000000000001 is an unknown value
R10=0x0000021a81e3b5e0 points into unknown readable memory: 0x000000003f800000 | 00 00 80 3f 00 00 00 00
R11=0x0000021affc81ff0 points into unknown readable memory: 0x0000021affc82770 | 70 27 c8 ff 1a 02 00 00
R12=0x0000021a81e3b5c8 points into unknown readable memory: 0x0000021affc82770 | 70 27 c8 ff 1a 02 00 00
R13=0x0000021a80240c90 points into unknown readable memory: 0x00000000fffffffd | fd ff ff ff 00 00 00 00
R14=0x00000000000166ac is an unknown value
R15=0x0000000000000001 is an unknown value

Top of Stack: (sp=0x000000dd226fef50)
0x000000dd226fef50:   0000000000000000 00007ffe796ee3ec   ..........ny....
0x000000dd226fef60:   0000021aff933448 0000000000000058   H4......X.......
0x000000dd226fef70:   0000021affc82770 0000000000000108   p'..............
0x000000dd226fef80:   0000000000000058 00007ffe7967a557   X.......W.gy....
0x000000dd226fef90:   0000021a81d33040 0000000000000118   @0..............
0x000000dd226fefa0:   0000021affc82770 000000dd226ff120   p'...... .o"....
0x000000dd226fefb0:   0000021affc82018 00007ffe795da10c   . ........]y....
0x000000dd226fefc0:   00000000000166ac 0000000000000000   .f..............
0x000000dd226fefd0:   0000021aff933340 000000dd226ff030   @3......0.o"....
0x000000dd226fefe0:   0000021a81e3b5e0 00007ffe795e09c8   ..........^y....
0x000000dd226feff0:   0000021affc82770 0000000000000000   p'..............
0x000000dd226ff000:   0000021afd8dfa50 0000021affc82770   P.......p'......
0x000000dd226ff010:   0000000000000000 0000021aff933340   ........@3......
0x000000dd226ff020:   0000021aff933458 000075806bc7451e   X4.......E.k.u..
0x000000dd226ff030:   0000021a80240c90 0000000000000000   ..$.............
0x000000dd226ff040:   0000021af898fad0 0000021a80240c88   ..........$.....
0x000000dd226ff050:   0000021a81d33040 000000dd226ff1b0   @0........o"....
0x000000dd226ff060:   0000021a81d33040 00007ffe795dfb2d   @0......-.]y....
0x000000dd226ff070:   0000021a81b80720 0000000000000001    ...............
0x000000dd226ff080:   0000021a81e33040 000000dd226ff120   @0...... .o"....
0x000000dd226ff090:   0000021a81b80220 0000000000001008    ...............
0x000000dd226ff0a0:   000075806bc7452e 00007ffe796bc587   .E.k.u....ky....
0x000000dd226ff0b0:   0000000000000000 000000dd226ff1b0   ..........o"....
0x000000dd226ff0c0:   0000021af898fad0 0000000000000000   ................
0x000000dd226ff0d0:   0000021a81d33040 000000dd226ff1c0   @0........o"....
0x000000dd226ff0e0:   0000021a81d33040 00007ffe795dbd31   @0......1.]y....
0x000000dd226ff0f0:   00007ffe795921f8 0000000000000000   .!Yy............
0x000000dd226ff100:   000000dd226ff120 000000dd226ff1b0    .o"......o"....
0x000000dd226ff110:   000000dd226ff1c0 00007ffe00000000   ..o"............
0x000000dd226ff120:   0000021a81e3b5c8 0000021affd10640   ........@.......
0x000000dd226ff130:   0000021afd8dfac0 0000021a81be1fa0   ................
0x000000dd226ff140:   0000000000000001 0000021a81be2fb0   ........./......

Instructions: (pc=0x00007ffe795d6fd4)
  0x00007ffe795d6ed4:   08 8b 8b 6c 05 10 00 eb 06 8b 8b 68 05 10 00 48
  0x00007ffe795d6ee4:   8d 57 04 e8 a9 d9 fb ff 85 c0 7e 0b 48 98 f0 48
  0x00007ffe795d6ef4:   0f c1 83 f0 86 10 00 c7 07 00 00 00 00 48 8b 0d
  0x00007ffe795d6f04:   18 71 1a 00 49 03 ce e8 31 b5 fb ff b9 ff ff ff
  0x00007ffe795d6f14:   ff f0 0f c1 08 49 83 c6 04 48 81 c7 00 00 01 00
  0x00007ffe795d6f24:   49 83 ed 01 0f 85 52 ff ff ff 4c 8b 74 24 20 4c
  0x00007ffe795d6f34:   8b 6c 24 28 4c 8b 64 24 30 48 8b 7c 24 38 48 8b
  0x00007ffe795d6f44:   74 24 40 48 8b 6c 24 68 48 83 c4 48 41 5f 5b c3
  0x00007ffe795d6f54:   cc cc cc cc cc cc cc cc cc cc cc cc cc cc cc cc
  0x00007ffe795d6f64:   cc cc cc cc cc cc cc cc cc cc cc cc cc cc cc cc
  0x00007ffe795d6f74:   cc cc cc cc cc cc cc cc cc cc cc cc cc cc cc cc
  0x00007ffe795d6f84:   cc cc cc cc cc cc cc cc cc cc cc cc cc cc cc cc
  0x00007ffe795d6f94:   cc cc cc cc cc cc cc cc cc cc cc cc cc cc cc cc
  0x00007ffe795d6fa4:   cc cc cc cc cc cc cc cc cc cc cc cc 48 89 6c 24
  0x00007ffe795d6fb4:   20 56 41 56 41 57 48 83 ec 50 80 3d f4 71 1a 00
  0x00007ffe795d6fc4:   00 45 0f b6 f9 4d 8b f0 48 8b f2 48 8b e9 74 26
=>0x00007ffe795d6fd4:   49 8b 08 48 85 c9 74 0a e8 b6 a4 fb ff 48 85 c0
  0x00007ffe795d6fe4:   75 14 32 c0 48 8b ac 24 88 00 00 00 48 83 c4 50
  0x00007ffe795d6ff4:   41 5f 41 5e 5e c3 48 89 5c 24 70 4c 8d 4c 24 38
  0x00007ffe795d7004:   48 89 7c 24 78 4c 8d 44 24 40 48 8b 3d 4b 71 1a
  0x00007ffe795d7014:   00 49 8b d6 4c 89 a4 24 80 00 00 00 48 8b cf 45
  0x00007ffe795d7024:   33 e4 4c 89 64 24 30 4c 89 64 24 48 4c 89 64 24
  0x00007ffe795d7034:   40 4c 89 64 24 38 48 8b 07 4c 89 64 24 20 4c 8b
  0x00007ffe795d7044:   90 f8 01 00 00 41 ff d2 85 c0 0f 85 7d 00 00 00
  0x00007ffe795d7054:   48 8b 07 4c 8d 44 24 30 49 8b d6 48 8b cf 4c 8b
  0x00007ffe795d7064:   88 00 02 00 00 41 ff d1 85 c0 75 61 48 8b 07 4c
  0x00007ffe795d7074:   8d 44 24 48 48 8b 54 24 30 45 33 c9 48 8b cf 4c
  0x00007ffe795d7084:   8b 90 78 01 00 00 41 ff d2 85 c0 75 40 48 8b 54
  0x00007ffe795d7094:   24 48 49 c7 c0 ff ff ff ff 0f 1f 00 49 ff c0 46
  0x00007ffe795d70a4:   38 24 02 75 f7 48 8b 4d 10 49 83 e8 02 48 ff c2
  0x00007ffe795d70b4:   e8 14 cd fb ff 48 8b 54 24 40 48 8d 4d 28 89 46
  0x00007ffe795d70c4:   08 e8 97 01 fc ff 48 8b 54 24 38 eb 2a 48 8b 4d


Stack slot to memory mapping:

stack at sp + 0 slots: 0x0 is null
stack at sp + 1 slots: 0x00007ffe796ee3ec libasyncProfiler.dll
stack at sp + 2 slots: 0x0000021aff933448 points into unknown readable memory: 0x00005efc00005e90 | 90 5e 00 00 fc 5e 00 00
stack at sp + 3 slots: 0x0000000000000058 is an unknown value
stack at sp + 4 slots: 0x0000021affc82770 points into unknown readable memory: 0x0000021affc81ff0 | f0 1f c8 ff 1a 02 00 00
stack at sp + 5 slots: 0x0000000000000108 is an unknown value
stack at sp + 6 slots: 0x0000000000000058 is an unknown value
stack at sp + 7 slots: 0x00007ffe7967a557 libasyncProfiler.dll

Lock stack of current Java thread (top to bottom):


---------------  P R O C E S S  ---------------

Threads class SMR info:
_java_thread_list=0x0000021a81b8afe0, length=43, elements={
0x0000021af89817a0, 0x0000021af8981f50, 0x0000021af8985ad0, 0x0000021af89872e0,
0x0000021af8987a90, 0x0000021af89906f0, 0x0000021af899b820, 0x0000021afd0e5590,
0x0000021afd333320, 0x0000021afd333f10, 0x0000021afdac7420, 0x0000021afdaee9e0,
0x0000021afdb52a90, 0x0000021afdb74600, 0x0000021afdf67220, 0x0000021afdf6d7b0,
0x0000021afdf6df80, 0x0000021aff323ce0, 0x0000021aff323510, 0x0000021aff327390,
0x0000021aff324c80, 0x0000021aff325c20, 0x0000021aff32a270, 0x0000021aff5206b0,
0x0000021aff51dfa0, 0x0000021aff51fee0, 0x0000021aff521650, 0x0000021aff51e770,
0x0000021aff5254d0, 0x0000021aff5225f0, 0x0000021aff523590, 0x0000021aff524d00,
0x0000021aff523d60, 0x0000021afdf69930, 0x0000021aff8e1e90, 0x0000021aff9247a0,
0x0000021aff923800, 0x0000021aff923030, 0x0000021aff927e50, 0x0000021afd0fc170,
0x0000021afff364c0, 0x0000021aff927680, 0x0000021aff328b00
}

Java Threads: ( => current thread )
  0x0000021af89817a0 JavaThread "Reference Handler"          daemon [_thread_blocked, id=4688, stack(0x000000dd22300000,0x000000dd22400000) (1024K)]
  0x0000021af8981f50 JavaThread "Finalizer"                  daemon [_thread_blocked, id=1328, stack(0x000000dd22400000,0x000000dd22500000) (1024K)]
  0x0000021af8985ad0 JavaThread "Signal Dispatcher"          daemon [_thread_blocked, id=22288, stack(0x000000dd22500000,0x000000dd22600000) (1024K)]
=>0x0000021af89872e0 JavaThread "Attach Listener"            daemon [_thread_in_native, id=18544, stack(0x000000dd22600000,0x000000dd22700000) (1024K)]
  0x0000021af8987a90 JavaThread "Service Thread"             daemon [_thread_blocked, id=19368, stack(0x000000dd22700000,0x000000dd22800000) (1024K)]
  0x0000021af89906f0 JavaThread "Monitor Deflation Thread"   daemon [_thread_blocked, id=16324, stack(0x000000dd22800000,0x000000dd22900000) (1024K)]
  0x0000021af899b820 JavaThread "C1 CompilerThread0"         daemon [_thread_blocked, id=10156, stack(0x000000dd22900000,0x000000dd22a00000) (1024K)]
  0x0000021afd0e5590 JavaThread "Common-Cleaner"             daemon [_thread_blocked, id=20472, stack(0x000000dd22c00000,0x000000dd22d00000) (1024K)]
  0x0000021afd333320 JavaThread "Monitor Ctrl-Break"         daemon [_thread_in_native, id=21768, stack(0x000000dd22e00000,0x000000dd22f00000) (1024K)]
  0x0000021afd333f10 JavaThread "Notification Thread"        daemon [_thread_blocked, id=18516, stack(0x000000dd22f00000,0x000000dd23000000) (1024K)]
  0x0000021afdac7420 JavaThread "RMI TCP Accept-0"           daemon [_thread_in_native, id=5200, stack(0x000000dd23200000,0x000000dd23300000) (1024K)]
  0x0000021afdaee9e0 JavaThread "RMI TCP Connection(1)-192.168.0.103" daemon [_thread_in_native, id=15348, stack(0x000000dd23300000,0x000000dd23400000) (1024K)]
  0x0000021afdb52a90 JavaThread "RMI Scheduler(0)"           daemon [_thread_blocked, id=23604, stack(0x000000dd23800000,0x000000dd23900000) (1024K)]
  0x0000021afdb74600 JavaThread "JMX server connection timeout 42" daemon [_thread_blocked, id=14164, stack(0x000000dd23900000,0x000000dd23a00000) (1024K)]
  0x0000021afdf67220 JavaThread "Catalina-utility-1"                [_thread_blocked, id=18588, stack(0x000000dd23d00000,0x000000dd23e00000) (1024K)]
  0x0000021afdf6d7b0 JavaThread "Catalina-utility-2"                [_thread_blocked, id=12336, stack(0x000000dd24400000,0x000000dd24500000) (1024K)]
  0x0000021afdf6df80 JavaThread "container-0"                       [_thread_blocked, id=11160, stack(0x000000dd24500000,0x000000dd24600000) (1024K)]
  0x0000021aff323ce0 JavaThread "RMI TCP Connection(2)-192.168.0.103" daemon [_thread_in_native, id=21944, stack(0x000000dd24600000,0x000000dd24700000) (1024K)]
  0x0000021aff323510 JavaThread "H2 File Lock Watchdog C:/Users/User/OneDrive/Desktop/JobSearch_Remake/db/test.lock.db" daemon [_thread_blocked, id=23212, stack(0x000000dd24700000,0x000000dd24800000) (1024K)]
  0x0000021aff327390 JavaThread "H2 TCP Server (tcp://192.168.0.103:65079)" daemon [_thread_in_native, id=12064, stack(0x000000dd24800000,0x000000dd24900000) (1024K)]
  0x0000021aff324c80 JavaThread "MVStore background writer C:/Users/User/OneDrive/Desktop/JobSearch_Remake/db/test.mv.db" daemon [_thread_blocked, id=24008, stack(0x000000dd24a00000,0x000000dd24b00000) (1024K)]
  0x0000021aff325c20 JavaThread "HikariPool-1:housekeeper"   daemon [_thread_blocked, id=5492, stack(0x000000dd24b00000,0x000000dd24c00000) (1024K)]
  0x0000021aff32a270 JavaThread "H2-serialization"           daemon [_thread_blocked, id=8336, stack(0x000000dd24d00000,0x000000dd24e00000) (1024K)]
  0x0000021aff5206b0 JavaThread "H2-save"                    daemon [_thread_blocked, id=24484, stack(0x000000dd24e00000,0x000000dd24f00000) (1024K)]
  0x0000021aff51dfa0 JavaThread "Keep-Alive-Timer"           daemon [_thread_blocked, id=12200, stack(0x000000dd24f00000,0x000000dd25000000) (1024K)]
  0x0000021aff51fee0 JavaThread "http-nio-9092-exec-1"       daemon [_thread_blocked, id=15532, stack(0x000000dd25000000,0x000000dd25100000) (1024K)]
  0x0000021aff521650 JavaThread "http-nio-9092-exec-2"       daemon [_thread_blocked, id=3428, stack(0x000000dd25100000,0x000000dd25200000) (1024K)]
  0x0000021aff51e770 JavaThread "http-nio-9092-exec-3"       daemon [_thread_blocked, id=1160, stack(0x000000dd25200000,0x000000dd25300000) (1024K)]
  0x0000021aff5254d0 JavaThread "http-nio-9092-exec-4"       daemon [_thread_blocked, id=19608, stack(0x000000dd25300000,0x000000dd25400000) (1024K)]
  0x0000021aff5225f0 JavaThread "http-nio-9092-exec-5"       daemon [_thread_blocked, id=3860, stack(0x000000dd25400000,0x000000dd25500000) (1024K)]
  0x0000021aff523590 JavaThread "http-nio-9092-exec-6"       daemon [_thread_blocked, id=6860, stack(0x000000dd25500000,0x000000dd25600000) (1024K)]
  0x0000021aff524d00 JavaThread "http-nio-9092-exec-7"       daemon [_thread_blocked, id=2252, stack(0x000000dd25600000,0x000000dd25700000) (1024K)]
  0x0000021aff523d60 JavaThread "http-nio-9092-exec-8"       daemon [_thread_blocked, id=17288, stack(0x000000dd25700000,0x000000dd25800000) (1024K)]
  0x0000021afdf69930 JavaThread "http-nio-9092-exec-9"       daemon [_thread_blocked, id=24000, stack(0x000000dd25800000,0x000000dd25900000) (1024K)]
  0x0000021aff8e1e90 JavaThread "http-nio-9092-exec-10"      daemon [_thread_blocked, id=5388, stack(0x000000dd25900000,0x000000dd25a00000) (1024K)]
  0x0000021aff9247a0 JavaThread "http-nio-9092-Poller"       daemon [_thread_in_native, id=22532, stack(0x000000dd25a00000,0x000000dd25b00000) (1024K)]
  0x0000021aff923800 JavaThread "http-nio-9092-Acceptor"     daemon [_thread_in_native, id=11512, stack(0x000000dd25b00000,0x000000dd25c00000) (1024K)]
  0x0000021aff923030 JavaThread "DestroyJavaVM"                     [_thread_blocked, id=24316, stack(0x000000dd21a00000,0x000000dd21b00000) (1024K)]
  0x0000021aff927e50 JavaThread "JFR Recorder Thread"        daemon [_thread_in_native, id=19948, stack(0x000000dd22a00000,0x000000dd22b00000) (1024K)]
  0x0000021afd0fc170 JavaThread "C1 CompilerThread1"         daemon [_thread_blocked, id=21676, stack(0x000000dd22b00000,0x000000dd22c00000) (1024K)]
  0x0000021afff364c0 JavaThread "C1 CompilerThread2"         daemon [_thread_blocked, id=22112, stack(0x000000dd23000000,0x000000dd23100000) (1024K)]
  0x0000021aff927680 JavaThread "JFR Periodic Tasks"         daemon [_thread_blocked, id=24368, stack(0x000000dd23100000,0x000000dd23200000) (1024K)]
  0x0000021aff328b00 JavaThread "InnocuousThread-1"          daemon [_thread_blocked, id=22588, stack(0x000000dd24c00000,0x000000dd24d00000) (1024K)]
Total: 43

Other Threads:
  0x0000021af896fc30 VMThread "VM Thread"                           [id=21964, stack(0x000000dd22200000,0x000000dd22300000) (1024K)]
  0x0000021af895e700 WatcherThread "VM Periodic Task Thread"        [id=24208, stack(0x000000dd22100000,0x000000dd22200000) (1024K)]
  0x0000021ae41cb8b0 WorkerThread "GC Thread#0"                     [id=11636, stack(0x000000dd21b00000,0x000000dd21c00000) (1024K)]
  0x0000021afd32e8e0 WorkerThread "GC Thread#1"                     [id=19260, stack(0x000000dd22d00000,0x000000dd22e00000) (1024K)]
  0x0000021afdb36080 WorkerThread "GC Thread#2"                     [id=1080, stack(0x000000dd23400000,0x000000dd23500000) (1024K)]
  0x0000021afdb364a0 WorkerThread "GC Thread#3"                     [id=14044, stack(0x000000dd23500000,0x000000dd23600000) (1024K)]
  0x0000021afdb36cd0 WorkerThread "GC Thread#4"                     [id=7932, stack(0x000000dd23600000,0x000000dd23700000) (1024K)]
  0x0000021afdb370f0 WorkerThread "GC Thread#5"                     [id=18852, stack(0x000000dd23700000,0x000000dd23800000) (1024K)]
  0x0000021afdd7e800 WorkerThread "GC Thread#6"                     [id=7576, stack(0x000000dd23a00000,0x000000dd23b00000) (1024K)]
  0x0000021afdda7dd0 WorkerThread "GC Thread#7"                     [id=7680, stack(0x000000dd23b00000,0x000000dd23c00000) (1024K)]
  0x0000021afde86ed0 WorkerThread "GC Thread#8"                     [id=15600, stack(0x000000dd23c00000,0x000000dd23d00000) (1024K)]
  0x0000021afde85d90 WorkerThread "GC Thread#9"                     [id=2884, stack(0x000000dd23e00000,0x000000dd23f00000) (1024K)]
  0x0000021afde895a0 WorkerThread "GC Thread#10"                    [id=4808, stack(0x000000dd23f00000,0x000000dd24000000) (1024K)]
  0x0000021afde86a80 WorkerThread "GC Thread#11"                    [id=19176, stack(0x000000dd24000000,0x000000dd24100000) (1024K)]
  0x0000021afde88010 WorkerThread "GC Thread#12"                    [id=22820, stack(0x000000dd24100000,0x000000dd24200000) (1024K)]
  0x0000021ae41e5160 ConcurrentGCThread "G1 Main Marker"            [id=17676, stack(0x000000dd21c00000,0x000000dd21d00000) (1024K)]
  0x0000021ae41e6cf0 WorkerThread "G1 Conc#0"                       [id=9924, stack(0x000000dd21d00000,0x000000dd21e00000) (1024K)]
  0x0000021afde88460 WorkerThread "G1 Conc#1"                       [id=20876, stack(0x000000dd24200000,0x000000dd24300000) (1024K)]
  0x0000021afde888b0 WorkerThread "G1 Conc#2"                       [id=23624, stack(0x000000dd24300000,0x000000dd24400000) (1024K)]
  0x0000021af88255b0 WorkerThread "G1 Refinement Workers#0"         [id=18984, stack(0x000000dd21f00000,0x000000dd22000000) (1024K)]
  0x0000021af88249f0 ConcurrentGCThread "G1 Refine Control"         [id=23540, stack(0x000000dd21e00000,0x000000dd21f00000) (1024K)]
  0x0000021ae422d7a0 ConcurrentGCThread "G1 Service"                [id=7240, stack(0x000000dd22000000,0x000000dd22100000) (1024K)]
Total: 22

Threads with active compile tasks:
Total: 0

VM state: not at safepoint (normal execution)

VM Mutex/Monitor currently owned by a thread: None

Heap address: 0x0000000704400000, size: 4028 MB, Compressed Oops mode: Zero based, Oop shift amount: 3

CDS archive(s) mapped at: [0x0000000014000000-0x0000000014de0000-0x0000000014de0000), size 14548992, SharedBaseAddress: 0x0000000014000000, ArchiveRelocationMode: 1.
Compressed class space mapped at: 0x0000000015000000-0x0000000055000000, reserved size: 1073741824
UseCompressedClassPointers 1, UseCompactObjectHeaders 0
Narrow klass pointer bits 32, Max shift 3
Narrow klass base: 0x0000000014000000, Narrow klass shift: 0
Encoding Range: [0x0000000014000000 - 0x0000000114000000), (4294967296 bytes)
Klass Range:    [0x0000000014000000 - 0x0000000055000000), (1090519040 bytes)
Klass ID Range:  [8 - 1090519033) (1090519025)
Protection zone: [0x0000000014000000 - 0x0000000014010000), (65536 bytes)

GC Precious Log:
 CardTable entry size: 512
 Card Set container configuration: InlinePtr #cards 4 size 8 Array Of Cards #cards 16 size 48 Howl #buckets 8 coarsen threshold 3686 Howl Bitmap #cards 512 size 80 coarsen threshold 460 Card regions per heap region 1 cards per card region 4096
 CPUs: 16 total, 16 available
 Memory: 16108M
 Large Page Support: Disabled
 NUMA Support: Disabled
 Compressed Oops: Enabled (Zero based)
 Heap Region Size: 2M
 Heap Min Capacity: 8M
 Heap Initial Capacity: 8M
 Heap Max Capacity: 4028M
 Pre-touch: Disabled
 Parallel Workers: 13
 Concurrent Workers: 3
 Concurrent Refinement Workers: 13
 Periodic GC: Disabled

Heap:
 garbage-first heap   total reserved 4124672K, committed 61440K, used 45685K [0x0000000704400000, 0x0000000800000000)
  region size 2M, 6 eden (12M), 1 survivor (2M), 16 old (32M), 1 humongous (2M), 6 free (12M)

Heap Regions: E=young(eden), S=young(survivor), O=old, HS=humongous(starts), HC=humongous(continues), CS=collection set, F=free, TAMS=top-at-mark-start, PB=parsable bottom
|    0|0x0000000704400000, 0x0000000704600000, 0x0000000704600000|100%| O|  |TAMS 0x0000000704400000| PB 0x0000000704400000| Untracked |  0
|    1|0x0000000704600000, 0x0000000704800000, 0x0000000704800000|100%| O|  |TAMS 0x0000000704600000| PB 0x0000000704600000| Untracked |  0
|    2|0x0000000704800000, 0x0000000704a00000, 0x0000000704a00000|100%| O|  |TAMS 0x0000000704800000| PB 0x0000000704800000| Untracked |  0
|    3|0x0000000704a00000, 0x0000000704c00000, 0x0000000704c00000|100%| O|  |TAMS 0x0000000704a00000| PB 0x0000000704a00000| Untracked |  0
|    4|0x0000000704c00000, 0x0000000704e00000, 0x0000000704e00000|100%| O|  |TAMS 0x0000000704c00000| PB 0x0000000704c00000| Untracked |  0
|    5|0x0000000704e00000, 0x0000000705000000, 0x0000000705000000|100%| O|  |TAMS 0x0000000704e00000| PB 0x0000000704e00000| Untracked |  0
|    6|0x0000000705000000, 0x0000000705200000, 0x0000000705200000|100%| O|  |TAMS 0x0000000705000000| PB 0x0000000705000000| Untracked |  0
|    7|0x0000000705200000, 0x0000000705400000, 0x0000000705400000|100%| O|  |TAMS 0x0000000705200000| PB 0x0000000705200000| Untracked |  0
|    8|0x0000000705400000, 0x0000000705400000, 0x0000000705600000|  0%| F|  |TAMS 0x0000000705400000| PB 0x0000000705400000| Untracked |  0
|    9|0x0000000705600000, 0x0000000705800000, 0x0000000705800000|100%| O|  |TAMS 0x0000000705600000| PB 0x0000000705600000| Untracked |  0
|   10|0x0000000705800000, 0x0000000705a00000, 0x0000000705a00000|100%|HS|  |TAMS 0x0000000705800000| PB 0x0000000705800000| Complete  |  0
|   11|0x0000000705a00000, 0x0000000705c00000, 0x0000000705c00000|100%| O|  |TAMS 0x0000000705a00000| PB 0x0000000705a00000| Untracked |  0
|   12|0x0000000705c00000, 0x0000000705e00000, 0x0000000705e00000|100%| O|  |TAMS 0x0000000705c00000| PB 0x0000000705c00000| Untracked |  0
|   13|0x0000000705e00000, 0x0000000706000000, 0x0000000706000000|100%| O|  |TAMS 0x0000000705e00000| PB 0x0000000705e00000| Untracked |  0
|   14|0x0000000706000000, 0x0000000706000000, 0x0000000706200000|  0%| F|  |TAMS 0x0000000706000000| PB 0x0000000706000000| Untracked |  0
|   15|0x0000000706200000, 0x0000000706400000, 0x0000000706400000|100%| O|  |TAMS 0x0000000706200000| PB 0x0000000706200000| Untracked |  0
|   16|0x0000000706400000, 0x0000000706400000, 0x0000000706600000|  0%| F|  |TAMS 0x0000000706400000| PB 0x0000000706400000| Untracked |  0
|   17|0x0000000706600000, 0x00000007067a2da0, 0x0000000706800000| 81%| S|CS|TAMS 0x0000000706600000| PB 0x0000000706600000| Complete  |  0
|   18|0x0000000706800000, 0x0000000706800000, 0x0000000706a00000|  0%| F|  |TAMS 0x0000000706800000| PB 0x0000000706800000| Untracked |  0
|   19|0x0000000706a00000, 0x0000000706a00000, 0x0000000706c00000|  0%| F|  |TAMS 0x0000000706a00000| PB 0x0000000706a00000| Untracked |  0
|   20|0x0000000706c00000, 0x0000000706c00000, 0x0000000706e00000|  0%| F|  |TAMS 0x0000000706c00000| PB 0x0000000706c00000| Untracked |  0
|   21|0x0000000706e00000, 0x0000000706eae7f0, 0x0000000707000000| 34%| E|CS|TAMS 0x0000000706e00000| PB 0x0000000706e00000| Complete  |  0
|   22|0x0000000707000000, 0x0000000707200000, 0x0000000707200000|100%| E|CS|TAMS 0x0000000707000000| PB 0x0000000707000000| Complete  |  0
|   23|0x0000000707200000, 0x0000000707400000, 0x0000000707400000|100%| E|CS|TAMS 0x0000000707200000| PB 0x0000000707200000| Complete  |  0
|   24|0x0000000707400000, 0x0000000707600000, 0x0000000707600000|100%| E|CS|TAMS 0x0000000707400000| PB 0x0000000707400000| Complete  |  0
|   25|0x0000000707600000, 0x0000000707800000, 0x0000000707800000|100%| E|CS|TAMS 0x0000000707600000| PB 0x0000000707600000| Complete  |  0
| 2010|0x00000007ff800000, 0x00000007ff8fa688, 0x00000007ffa00000| 48%| O|  |TAMS 0x00000007ff800000| PB 0x00000007ff800000| Untracked |  0
| 2011|0x00000007ffa00000, 0x00000007ffc00000, 0x00000007ffc00000|100%| O|  |TAMS 0x00000007ffa00000| PB 0x00000007ffa00000| Untracked |  0
| 2012|0x00000007ffc00000, 0x00000007ffe00000, 0x00000007ffe00000|100%| O|  |TAMS 0x00000007ffc00000| PB 0x00000007ffc00000| Untracked |  0
| 2013|0x00000007ffe00000, 0x0000000800000000, 0x0000000800000000|100%| E|CS|TAMS 0x00000007ffe00000| PB 0x00000007ffe00000| Complete  |  0

Card table byte_map: [0x0000021af0d60000,0x0000021af1540000] _byte_map_base: 0x0000021aed53e000
Refinement table byte_map: [0x0000021af1540000,0x0000021af1d20000] _byte_map_base: 0x0000021aedd1e000

Marking Bits: (CMBitMap*) 0x0000021ae41cc030
 Bits: [0x0000021af1d20000, 0x0000021af5c10000)

Polling page: 0x0000021ae1f90000

Metaspace:
Metaspace        used 62528K, committed 63168K, reserved 1114112K
 class space     used 8505K, committed 8768K, reserved 1048576K

Usage:
  Non-class:     52.76 MB used.
      Class:      8.31 MB used.
       Both:     61.06 MB used.

Virtual space:
  Non-class space:       64.00 MB reserved,      53.12 MB ( 83%) committed,  1 nodes.
      Class space:        1.00 GB reserved,       8.56 MB ( <1%) committed,  1 nodes.
             Both:        1.06 GB reserved,      61.69 MB (  6%) committed. 

Chunk freelists:
   Non-Class:  10.62 MB
       Class:  7.45 MB
        Both:  18.07 MB

MaxMetaspaceSize: unlimited
CompressedClassSpaceSize: 1.00 GB
Initial GC threshold: 21.00 MB
Current GC threshold: 93.06 MB
CDS: on
 - commit_granule_bytes: 65536.
 - commit_granule_words: 8192.
 - virtual_space_node_default_size: 8388608.
 - enlarge_chunks_in_place: 1.
UseCompressedClassPointers 1, UseCompactObjectHeaders 0
Narrow klass pointer bits 32, Max shift 3
Narrow klass base: 0x0000000014000000, Narrow klass shift: 0
Encoding Range: [0x0000000014000000 - 0x0000000114000000), (4294967296 bytes)
Klass Range:    [0x0000000014000000 - 0x0000000055000000), (1090519040 bytes)
Klass ID Range:  [8 - 1090519033) (1090519025)
Protection zone: [0x0000000014000000 - 0x0000000014010000), (65536 bytes)


Internal statistics:

num_allocs_failed_limit: 8.
num_arena_births: 892.
num_arena_deaths: 0.
num_vsnodes_births: 2.
num_vsnodes_deaths: 0.
num_space_committed: 987.
num_space_uncommitted: 0.
num_chunks_returned_to_freelist: 8.
num_chunks_taken_from_freelist: 2898.
num_chunk_merges: 5.
num_chunk_splits: 2078.
num_chunks_enlarged: 1641.
num_inconsistent_stats: 0.

CodeCache: size=49152Kb used=10598Kb max_used=11445Kb free=38553Kb
 bounds [0x0000021aece00000, 0x0000021aed930000, 0x0000021aefe00000]
 total_blobs=7916, nmethods=7181, adapters=658, full_count=0
Compilation: enabled, stopped_count=0, restarted_count=0

Compilation events (20 events):
Event: 13.755 Thread 0x0000021afd0fc170 7235       1       jdk.jfr.internal.settings.EnabledSetting::apply (32 bytes)
Event: 13.755 Thread 0x0000021afd0fc170 nmethod 7235 0x0000021aed1ef508 code [0x0000021aed1ef600, 0x0000021aed1ef720]
Event: 13.755 Thread 0x0000021afd0fc170 7238       1       jdk.jfr.internal.Control::isType (17 bytes)
Event: 13.755 Thread 0x0000021af899b820 nmethod 7234 0x0000021aed1ef208 code [0x0000021aed1ef300, 0x0000021aed1ef4f0]
Event: 13.755 Thread 0x0000021af899b820 7236       1       jdk.jfr.internal.settings.EnabledSetting::getValue (5 bytes)
Event: 13.755 Thread 0x0000021afd0fc170 nmethod 7238 0x0000021aed1eef08 code [0x0000021aed1ef000, 0x0000021aed1ef0e8]
Event: 13.755 Thread 0x0000021afd0fc170 7239       1       jdk.jfr.internal.Control::getDefaultValue (5 bytes)
Event: 13.755 Thread 0x0000021af899b820 nmethod 7236 0x0000021aed1eec08 code [0x0000021aed1eed00, 0x0000021aed1eedb8]
Event: 13.755 Thread 0x0000021afd0fc170 nmethod 7239 0x0000021aed1ee908 code [0x0000021aed1eea00, 0x0000021aed1eeab8]
Event: 13.755 Thread 0x0000021af899b820 7237       1       jdk.jfr.internal.settings.PeriodSetting::getValue (5 bytes)
Event: 13.755 Thread 0x0000021afff364c0 nmethod 7232 0x0000021aed1ee588 code [0x0000021aed1ee680, 0x0000021aed1ee8d0]
Event: 13.755 Thread 0x0000021af899b820 nmethod 7237 0x0000021aed1ee288 code [0x0000021aed1ee380, 0x0000021aed1ee438]
Event: 13.760 Thread 0x0000021afff364c0 7240       1       java.io.FileCleanable::register (49 bytes)
Event: 13.760 Thread 0x0000021afd0fc170 7241       1       java.io.FileDescriptor$1::getHandle (5 bytes)
Event: 13.760 Thread 0x0000021af899b820 7242       1       java.io.FileCleanable::<init> (18 bytes)
Event: 13.760 Thread 0x0000021afd0fc170 nmethod 7241 0x0000021aed1edf88 code [0x0000021aed1ee080, 0x0000021aed1ee140]
Event: 13.760 Thread 0x0000021afd0fc170 7243  s    1       java.io.FileDescriptor::registerCleanup (27 bytes)
Event: 13.760 Thread 0x0000021af899b820 nmethod 7242 0x0000021aed1edc88 code [0x0000021aed1edd80, 0x0000021aed1ede78]
Event: 13.760 Thread 0x0000021afd0fc170 nmethod 7243 0x0000021aed1ed808 code [0x0000021aed1ed900, 0x0000021aed1edc60]
Event: 13.760 Thread 0x0000021afff364c0 nmethod 7240 0x0000021aed1ed308 code [0x0000021aed1ed400, 0x0000021aed1ed800]

GC Heap Usage History (20 events):
Event: 1.143 {heap Before GC invocations=9 (full 0):
 garbage-first heap   total reserved 4124672K, committed 55296K, used 37698K [0x0000000704400000, 0x0000000800000000)
  region size 2M, 14 eden (28M), 2 survivor (4M), 5 old (10M), 0 humongous (0M), 6 free (12M)
}
Event: 1.145 {heap After GC invocations=10 (full 0):
 garbage-first heap   total reserved 4124672K, committed 55296K, used 14290K [0x0000000704400000, 0x0000000800000000)
  region size 2M, 0 eden (0M), 2 survivor (4M), 6 old (12M), 0 humongous (0M), 19 free (38M)
}
Event: 1.299 {heap Before GC invocations=10 (full 0):
 garbage-first heap   total reserved 4124672K, committed 55296K, used 42962K [0x0000000704400000, 0x0000000800000000)
  region size 2M, 14 eden (28M), 2 survivor (4M), 6 old (12M), 0 humongous (0M), 5 free (10M)
}
Event: 1.303 {heap After GC invocations=11 (full 0):
 garbage-first heap   total reserved 4124672K, committed 55296K, used 17741K [0x0000000704400000, 0x0000000800000000)
  region size 2M, 0 eden (0M), 2 survivor (4M), 7 old (14M), 0 humongous (0M), 18 free (36M)
}
Event: 1.556 {heap Before GC invocations=11 (full 0):
 garbage-first heap   total reserved 4124672K, committed 55296K, used 44365K [0x0000000704400000, 0x0000000800000000)
  region size 2M, 13 eden (26M), 2 survivor (4M), 7 old (14M), 0 humongous (0M), 5 free (10M)
}
Event: 1.560 {heap After GC invocations=12 (full 0):
 garbage-first heap   total reserved 4124672K, committed 55296K, used 20329K [0x0000000704400000, 0x0000000800000000)
  region size 2M, 0 eden (0M), 2 survivor (4M), 9 old (18M), 0 humongous (0M), 16 free (32M)
}
Event: 1.570 {heap Before GC invocations=12 (full 0):
 garbage-first heap   total reserved 4124672K, committed 55296K, used 22377K [0x0000000704400000, 0x0000000800000000)
  region size 2M, 2 eden (4M), 2 survivor (4M), 9 old (18M), 0 humongous (0M), 14 free (28M)
}
Event: 1.573 {heap After GC invocations=13 (full 0):
 garbage-first heap   total reserved 4124672K, committed 55296K, used 20644K [0x0000000704400000, 0x0000000800000000)
  region size 2M, 0 eden (0M), 1 survivor (2M), 10 old (20M), 0 humongous (0M), 16 free (32M)
}
Event: 1.934 {heap Before GC invocations=14 (full 0):
 garbage-first heap   total reserved 4124672K, committed 55296K, used 45220K [0x0000000704400000, 0x0000000800000000)
  region size 2M, 13 eden (26M), 1 survivor (2M), 10 old (20M), 0 humongous (0M), 3 free (6M)
}
Event: 1.936 {heap After GC invocations=15 (full 0):
 garbage-first heap   total reserved 4124672K, committed 55296K, used 23315K [0x0000000704400000, 0x0000000800000000)
  region size 2M, 0 eden (0M), 2 survivor (4M), 10 old (20M), 0 humongous (0M), 15 free (30M)
}
Event: 2.263 {heap Before GC invocations=15 (full 0):
 garbage-first heap   total reserved 4124672K, committed 55296K, used 47891K [0x0000000704400000, 0x0000000800000000)
  region size 2M, 12 eden (24M), 2 survivor (4M), 10 old (20M), 0 humongous (0M), 3 free (6M)
}
Event: 2.266 {heap After GC invocations=16 (full 0):
 garbage-first heap   total reserved 4124672K, committed 57344K, used 26186K [0x0000000704400000, 0x0000000800000000)
  region size 2M, 0 eden (0M), 2 survivor (4M), 12 old (24M), 0 humongous (0M), 14 free (28M)
}
Event: 3.966 {heap Before GC invocations=16 (full 0):
 garbage-first heap   total reserved 4124672K, committed 57344K, used 50762K [0x0000000704400000, 0x0000000800000000)
  region size 2M, 11 eden (22M), 2 survivor (4M), 12 old (24M), 1 humongous (2M), 2 free (4M)
}
Event: 3.968 {heap After GC invocations=17 (full 0):
 garbage-first heap   total reserved 4124672K, committed 59392K, used 30289K [0x0000000704400000, 0x0000000800000000)
  region size 2M, 0 eden (0M), 2 survivor (4M), 13 old (26M), 1 humongous (2M), 13 free (26M)
}
Event: 4.162 {heap Before GC invocations=17 (full 0):
 garbage-first heap   total reserved 4124672K, committed 59392K, used 50769K [0x0000000704400000, 0x0000000800000000)
  region size 2M, 10 eden (20M), 2 survivor (4M), 13 old (26M), 1 humongous (2M), 3 free (6M)
}
Event: 4.163 {heap After GC invocations=18 (full 0):
 garbage-first heap   total reserved 4124672K, committed 59392K, used 32336K [0x0000000704400000, 0x0000000800000000)
  region size 2M, 0 eden (0M), 2 survivor (4M), 13 old (26M), 1 humongous (2M), 13 free (26M)
}
Event: 4.334 {heap Before GC invocations=19 (full 0):
 garbage-first heap   total reserved 4124672K, committed 59392K, used 52816K [0x0000000704400000, 0x0000000800000000)
  region size 2M, 10 eden (20M), 2 survivor (4M), 13 old (26M), 1 humongous (2M), 3 free (6M)
}
Event: 4.337 {heap After GC invocations=20 (full 0):
 garbage-first heap   total reserved 4124672K, committed 59392K, used 34323K [0x0000000704400000, 0x0000000800000000)
  region size 2M, 0 eden (0M), 2 survivor (4M), 14 old (28M), 1 humongous (2M), 12 free (24M)
}
Event: 4.944 {heap Before GC invocations=20 (full 0):
 garbage-first heap   total reserved 4124672K, committed 59392K, used 52755K [0x0000000704400000, 0x0000000800000000)
  region size 2M, 9 eden (18M), 2 survivor (4M), 14 old (28M), 1 humongous (2M), 3 free (6M)
}
Event: 4.948 {heap After GC invocations=21 (full 0):
 garbage-first heap   total reserved 4124672K, committed 61440K, used 35445K [0x0000000704400000, 0x0000000800000000)
  region size 2M, 0 eden (0M), 1 survivor (2M), 16 old (32M), 1 humongous (2M), 12 free (24M)
}

Metaspace Usage History (20 events):
Event: 1.143 {metaspace Before GC invocations=9 (full 0):
 Metaspace       used 27187K, committed 27584K, reserved 1114112K
  class space    used 3735K, committed 3904K, reserved 1048576K
}
Event: 1.145 {metaspace After GC invocations=10 (full 0):
 Metaspace       used 27187K, committed 27584K, reserved 1114112K
  class space    used 3735K, committed 3904K, reserved 1048576K
}
Event: 1.299 {metaspace Before GC invocations=10 (full 0):
 Metaspace       used 31021K, committed 31296K, reserved 1114112K
  class space    used 4355K, committed 4480K, reserved 1048576K
}
Event: 1.303 {metaspace After GC invocations=11 (full 0):
 Metaspace       used 31021K, committed 31296K, reserved 1114112K
  class space    used 4355K, committed 4480K, reserved 1048576K
}
Event: 1.556 {metaspace Before GC invocations=11 (full 0):
 Metaspace       used 35500K, committed 35904K, reserved 1114112K
  class space    used 4973K, committed 5184K, reserved 1048576K
}
Event: 1.560 {metaspace After GC invocations=12 (full 0):
 Metaspace       used 35500K, committed 35904K, reserved 1114112K
  class space    used 4973K, committed 5184K, reserved 1048576K
}
Event: 1.570 {metaspace Before GC invocations=12 (full 0):
 Metaspace       used 35743K, committed 36160K, reserved 1114112K
  class space    used 5047K, committed 5248K, reserved 1048576K
}
Event: 1.573 {metaspace After GC invocations=13 (full 0):
 Metaspace       used 35743K, committed 36160K, reserved 1114112K
  class space    used 5047K, committed 5248K, reserved 1048576K
}
Event: 1.934 {metaspace Before GC invocations=14 (full 0):
 Metaspace       used 41533K, committed 41984K, reserved 1114112K
  class space    used 5741K, committed 5952K, reserved 1048576K
}
Event: 1.936 {metaspace After GC invocations=15 (full 0):
 Metaspace       used 41533K, committed 41984K, reserved 1114112K
  class space    used 5741K, committed 5952K, reserved 1048576K
}
Event: 2.263 {metaspace Before GC invocations=15 (full 0):
 Metaspace       used 48571K, committed 48960K, reserved 1114112K
  class space    used 6540K, committed 6720K, reserved 1048576K
}
Event: 2.266 {metaspace After GC invocations=16 (full 0):
 Metaspace       used 48571K, committed 48960K, reserved 1114112K
  class space    used 6540K, committed 6720K, reserved 1048576K
}
Event: 3.966 {metaspace Before GC invocations=16 (full 0):
 Metaspace       used 53696K, committed 54144K, reserved 1114112K
  class space    used 7218K, committed 7424K, reserved 1048576K
}
Event: 3.968 {metaspace After GC invocations=17 (full 0):
 Metaspace       used 53696K, committed 54144K, reserved 1114112K
  class space    used 7218K, committed 7424K, reserved 1048576K
}
Event: 4.162 {metaspace Before GC invocations=17 (full 0):
 Metaspace       used 56587K, committed 57088K, reserved 1114112K
  class space    used 7587K, committed 7808K, reserved 1048576K
}
Event: 4.163 {metaspace After GC invocations=18 (full 0):
 Metaspace       used 56587K, committed 57088K, reserved 1114112K
  class space    used 7587K, committed 7808K, reserved 1048576K
}
Event: 4.334 {metaspace Before GC invocations=19 (full 0):
 Metaspace       used 58902K, committed 59456K, reserved 1114112K
  class space    used 7953K, committed 8192K, reserved 1048576K
}
Event: 4.337 {metaspace After GC invocations=20 (full 0):
 Metaspace       used 58902K, committed 59456K, reserved 1114112K
  class space    used 7953K, committed 8192K, reserved 1048576K
}
Event: 4.944 {metaspace Before GC invocations=20 (full 0):
 Metaspace       used 61438K, committed 62080K, reserved 1114112K
  class space    used 8349K, committed 8640K, reserved 1048576K
}
Event: 4.948 {metaspace After GC invocations=21 (full 0):
 Metaspace       used 61438K, committed 62080K, reserved 1114112K
  class space    used 8349K, committed 8640K, reserved 1048576K
}

Dll operation events (20 events):
Event: 0.067 Attempting to load shared library C:\Users\User\.jdks\openjdk-ea-26-ea+27-2778\bin\net.dll
Event: 0.067 Loaded shared library C:\Users\User\.jdks\openjdk-ea-26-ea+27-2778\bin\net.dll
Event: 0.068 Attempting to load shared library C:\Users\User\.jdks\openjdk-ea-26-ea+27-2778\bin\nio.dll
Event: 0.068 Loaded shared library C:\Users\User\.jdks\openjdk-ea-26-ea+27-2778\bin\nio.dll
Event: 0.070 Attempting to load shared library C:\Users\User\.jdks\openjdk-ea-26-ea+27-2778\bin\zip.dll
Event: 0.070 Loaded shared library C:\Users\User\.jdks\openjdk-ea-26-ea+27-2778\bin\zip.dll
Event: 0.112 Attempting to load shared library C:\Users\User\.jdks\openjdk-ea-26-ea+27-2778\bin\extnet.dll
Event: 0.112 Loaded shared library C:\Users\User\.jdks\openjdk-ea-26-ea+27-2778\bin\extnet.dll
Event: 0.116 Attempting to load shared library C:\Users\User\.jdks\openjdk-ea-26-ea+27-2778\bin\jimage.dll
Event: 0.116 Loaded shared library C:\Users\User\.jdks\openjdk-ea-26-ea+27-2778\bin\jimage.dll
Event: 0.125 Attempting to load shared library C:\Users\User\.jdks\openjdk-ea-26-ea+27-2778\bin\management.dll
Event: 0.125 Loaded shared library C:\Users\User\.jdks\openjdk-ea-26-ea+27-2778\bin\management.dll
Event: 0.132 Attempting to load shared library C:\Users\User\.jdks\openjdk-ea-26-ea+27-2778\bin\management_ext.dll
Event: 0.132 Loaded shared library C:\Users\User\.jdks\openjdk-ea-26-ea+27-2778\bin\management_ext.dll
Event: 0.995 Attempting to load shared library C:\Users\User\.jdks\openjdk-ea-26-ea+27-2778\bin\sunmscapi.dll
Event: 0.996 Loaded shared library C:\Users\User\.jdks\openjdk-ea-26-ea+27-2778\bin\sunmscapi.dll
Event: 13.403 Attempting to load shared library C:\Users\User\AppData\Local\Temp\idea_libasyncProfiler_dll_temp_folder1\libasyncProfiler.dll
Event: 13.414 Loaded shared library C:\Users\User\AppData\Local\Temp\idea_libasyncProfiler_dll_temp_folder1\libasyncProfiler.dll
Event: 13.739 Attempting to load shared library C:\Users\User\AppData\Local\Temp\idea_libasyncProfiler_dll_temp_folder1\libasyncProfiler.dll
Event: 13.739 Loaded shared library C:\Users\User\AppData\Local\Temp\idea_libasyncProfiler_dll_temp_folder1\libasyncProfiler.dll

Deoptimization events (6 events):
Event: 0.630 Thread 0x0000021ae417c6b0 DEOPT PACKING pc=0x0000021aed309bb4 sp=0x000000dd21afc5e0
Event: 0.630 Thread 0x0000021ae417c6b0 DEOPT UNPACKING pc=0x0000021aece51a02 sp=0x000000dd21afbad8 mode 0
Event: 0.801 Thread 0x0000021ae417c6b0 DEOPT PACKING pc=0x0000021aed36d704 sp=0x000000dd21afde80
Event: 0.801 Thread 0x0000021ae417c6b0 DEOPT UNPACKING pc=0x0000021aece51a02 sp=0x000000dd21afd3b0 mode 0
Event: 3.939 Thread 0x0000021aff323ce0 DEOPT PACKING pc=0x0000021aed5ce9bc sp=0x000000dd246fef30
Event: 3.939 Thread 0x0000021aff323ce0 DEOPT UNPACKING pc=0x0000021aece51a02 sp=0x000000dd246fe408 mode 0

Classes loaded (20 events):
Event: 13.760 Loading class jdk/internal/misc/ExtendedMapMode
Event: 13.760 Loading class jdk/internal/misc/ExtendedMapMode done
Event: 13.760 Loading class sun/nio/ch/FileChannelImpl$DefaultUnmapper
Event: 13.760 Loading class sun/nio/ch/FileChannelImpl$Unmapper
Event: 13.760 Loading class jdk/internal/access/foreign/UnmapperProxy
Event: 13.760 Loading class jdk/internal/access/foreign/UnmapperProxy done
Event: 13.760 Loading class sun/nio/ch/FileChannelImpl$Unmapper done
Event: 13.760 Loading class sun/nio/ch/FileChannelImpl$DefaultUnmapper done
Event: 13.761 Loading class java/nio/BufferCleaner
Event: 13.762 Loading class java/nio/BufferCleaner done
Event: 13.762 Loading class java/nio/BufferCleaner$CleanerList
Event: 13.762 Loading class java/nio/BufferCleaner$CleanerList done
Event: 13.762 Loading class java/nio/BufferCleaner$CleanerList$Node
Event: 13.762 Loading class java/nio/BufferCleaner$CleanerList$Node done
Event: 13.762 Loading class java/nio/BufferCleaner$PhantomCleaner
Event: 13.762 Loading class sun/nio/Cleaner
Event: 13.762 Loading class sun/nio/Cleaner done
Event: 13.762 Loading class java/nio/BufferCleaner$PhantomCleaner done
Event: 13.762 Loading class java/nio/BufferCleaner$CleaningRunnable
Event: 13.762 Loading class java/nio/BufferCleaner$CleaningRunnable done

Classes unloaded (0 events):
No events

Classes redefined (0 events):
No events

Internal exceptions (20 events):
Event: 4.246 Thread 0x0000021ae417c6b0 Exception <a 'java/lang/NoSuchMethodError'{0x0000000706e207c0}: 'java.lang.Object java.lang.invoke.DirectMethodHandle$Holder.invokeStatic(java.lang.Object, java.lang.Object, java.lang.Object, java.lang.Object, java.lang.Object, java.lang.Object, java.lang.Object, java.lang.Object, java.lang.Object, java.lang.Object, java.lang.Object)'> (0x0000000706e207c0) 
thrown [s\open\src\hotspot\share\interpreter\linkResolver.cpp, line 804]
Event: 4.275 Thread 0x0000021ae417c6b0 Exception <a 'java/lang/NoSuchMethodError'{0x0000000706d399e8}: 'java.lang.Object java.lang.invoke.DirectMethodHandle$Holder.invokeVirtual(java.lang.Object, java.lang.Object, java.lang.Object, int)'> (0x0000000706d399e8) 
thrown [s\open\src\hotspot\share\interpreter\linkResolver.cpp, line 804]
Event: 4.288 Thread 0x0000021ae417c6b0 Exception <a 'java/lang/NoSuchMethodError'{0x0000000706b0f600}: 'java.lang.Object java.lang.invoke.DirectMethodHandle$Holder.invokeVirtual(java.lang.Object, java.lang.Object, int)'> (0x0000000706b0f600) 
thrown [s\open\src\hotspot\share\interpreter\linkResolver.cpp, line 804]
Event: 4.343 Thread 0x0000021ae417c6b0 Exception <a 'java/lang/IncompatibleClassChangeError'{0x00000007ffec1768}: Found class java.lang.Object, but interface was expected> (0x00000007ffec1768) 
thrown [s\open\src\hotspot\share\interpreter\linkResolver.cpp, line 871]
Event: 4.382 Thread 0x0000021ae417c6b0 Exception <a 'java/lang/NoSuchMethodError'{0x00000007074b9cd8}: 'int java.lang.invoke.DirectMethodHandle$Holder.invokeStaticInit(java.lang.Object, java.lang.Object, java.lang.Object, java.lang.Object)'> (0x00000007074b9cd8) 
thrown [s\open\src\hotspot\share\interpreter\linkResolver.cpp, line 804]
Event: 4.403 Thread 0x0000021ae417c6b0 Exception <a 'java/lang/NoSuchMethodError'{0x00000007072beea8}: 'java.lang.Object java.lang.invoke.DirectMethodHandle$Holder.invokeVirtual(java.lang.Object, java.lang.Object, java.lang.Object, java.lang.Object, java.lang.Object, java.lang.Object, java.lang.Object, java.lang.Object, java.lang.Object)'> (0x00000007072beea8) 
thrown [s\open\src\hotspot\share\interpreter\linkResolver.cpp, line 804]
Event: 4.425 Thread 0x0000021ae417c6b0 Exception <a 'java/lang/NoSuchMethodError'{0x0000000707122e88}: 'java.lang.Object java.lang.invoke.DirectMethodHandle$Holder.invokeVirtual(java.lang.Object, java.lang.Object, java.lang.Object, java.lang.Object, java.lang.Object, java.lang.Object, java.lang.Object, java.lang.Object, java.lang.Object, java.lang.Object, java.lang.Object, java.lang.Object)'> (0x0000000707122e88) 
thrown [s\open\src\hotspot\share\interpreter\linkResolver.cpp, line 804]
Event: 4.435 Thread 0x0000021ae417c6b0 Exception <a 'java/lang/NoSuchMethodError'{0x0000000706ef8da8}: 'java.lang.Object java.lang.invoke.DirectMethodHandle$Holder.invokeStatic(java.lang.Object, java.lang.Object, java.lang.Object, java.lang.Object, java.lang.Object, java.lang.Object, java.lang.Object, java.lang.Object, java.lang.Object, java.lang.Object, java.lang.Object, java.lang.Object)'> (0x0000000706ef8da8) 
thrown [s\open\src\hotspot\share\interpreter\linkResolver.cpp, line 804]
Event: 4.468 Thread 0x0000021ae417c6b0 Exception <a 'java/lang/IncompatibleClassChangeError'{0x0000000706db1410}: Found class java.lang.Object, but interface was expected> (0x0000000706db1410) 
thrown [s\open\src\hotspot\share\interpreter\linkResolver.cpp, line 871]
Event: 4.481 Thread 0x0000021ae417c6b0 Exception <a 'java/lang/NoSuchMethodError'{0x0000000706b2e590}: 'java.lang.Object java.lang.invoke.DirectMethodHandle$Holder.newInvokeSpecial(java.lang.Object, java.lang.Object, int, java.lang.Object, java.lang.Object)'> (0x0000000706b2e590) 
thrown [s\open\src\hotspot\share\interpreter\linkResolver.cpp, line 804]
Event: 4.481 Thread 0x0000021ae417c6b0 Exception <a 'java/lang/NoSuchMethodError'{0x0000000706b368e0}: 'java.lang.Object java.lang.invoke.Invokers$Holder.linkToTargetMethod(java.lang.Object, int, java.lang.Object, java.lang.Object, java.lang.Object)'> (0x0000000706b368e0) 
thrown [s\open\src\hotspot\share\interpreter\linkResolver.cpp, line 804]
Event: 4.939 Thread 0x0000021aff323ce0 Exception <a 'java/lang/NoSuchMethodError'{0x000000070699bdd0}: 'java.lang.Object java.lang.invoke.DirectMethodHandle$Holder.invokeInterface(java.lang.Object, java.lang.Object, java.lang.Object, java.lang.Object, java.lang.Object, java.lang.Object, java.lang.Object)'> (0x000000070699bdd0) 
thrown [s\open\src\hotspot\share\interpreter\linkResolver.cpp, line 804]
Event: 13.476 Thread 0x0000021af89872e0 Exception <a 'java/lang/NoSuchMethodError'{0x000000070728ea68}: 'void java.lang.invoke.DirectMethodHandle$Holder.invokeSpecial(java.lang.Object, java.lang.Object, int)'> (0x000000070728ea68) 
thrown [s\open\src\hotspot\share\interpreter\linkResolver.cpp, line 804]
Event: 13.476 Thread 0x0000021af89872e0 Exception <a 'java/lang/NoSuchMethodError'{0x00000007072966c0}: 'void java.lang.invoke.Invokers$Holder.invokeExact_MT(java.lang.Object, int, java.lang.Object)'> (0x00000007072966c0) 
thrown [s\open\src\hotspot\share\interpreter\linkResolver.cpp, line 804]
Event: 13.477 Thread 0x0000021af89872e0 Exception <a 'sun/nio/fs/WindowsException'{0x00000007072be138}> (0x00000007072be138) 
thrown [s\open\src\hotspot\share\prims\jni.cpp, line 514]
Event: 13.478 Thread 0x0000021af89872e0 Exception <a 'sun/nio/fs/WindowsException'{0x00000007072bf7c0}> (0x00000007072bf7c0) 
thrown [s\open\src\hotspot\share\prims\jni.cpp, line 514]
Event: 13.479 Thread 0x0000021af89872e0 Exception <a 'sun/nio/fs/WindowsException'{0x00000007072d7378}> (0x00000007072d7378) 
thrown [s\open\src\hotspot\share\prims\jni.cpp, line 514]
Event: 13.760 Thread 0x0000021af89872e0 Exception <a 'java/lang/NoSuchMethodError'{0x0000000706e2e040}: 'long java.lang.invoke.DirectMethodHandle$Holder.invokeStatic(java.lang.Object, java.lang.Object, int)'> (0x0000000706e2e040) 
thrown [s\open\src\hotspot\share\interpreter\linkResolver.cpp, line 804]
Event: 13.761 Thread 0x0000021af89872e0 Exception <a 'java/lang/NoSuchMethodError'{0x0000000706e3e328}: 'long java.lang.invoke.DelegatingMethodHandle$Holder.reinvoke_L(java.lang.Object, java.lang.Object, int)'> (0x0000000706e3e328) 
thrown [s\open\src\hotspot\share\interpreter\linkResolver.cpp, line 804]
Event: 13.761 Thread 0x0000021af89872e0 Exception <a 'java/lang/NoSuchMethodError'{0x0000000706e56940}: 'java.lang.Object java.lang.invoke.DelegatingMethodHandle$Holder.reinvoke_L(java.lang.Object, int, long, java.lang.Object, java.lang.Object, int, java.lang.Object)'> (0x0000000706e56940) 
thrown [s\open\src\hotspot\share\interpreter\linkResolver.cpp, line 804]

VM Operations (20 events):
Event: 4.310 Executing non-safepoint VM operation: HandshakeAllThreads (Deoptimize)
Event: 4.310 Executing non-safepoint VM operation: HandshakeAllThreads (Deoptimize) done
Event: 4.312 Executing non-safepoint VM operation: HandshakeAllThreads (Deoptimize)
Event: 4.312 Executing non-safepoint VM operation: HandshakeAllThreads (Deoptimize) done
Event: 4.313 Executing non-safepoint VM operation: HandshakeAllThreads (Deoptimize)
Event: 4.313 Executing non-safepoint VM operation: HandshakeAllThreads (Deoptimize) done
Event: 4.313 Executing non-safepoint VM operation: HandshakeAllThreads (Deoptimize)
Event: 4.313 Executing non-safepoint VM operation: HandshakeAllThreads (Deoptimize) done
Event: 4.334 Executing safepoint VM operation: G1CollectForAllocation (G1 Evacuation Pause)
Event: 4.337 Executing safepoint VM operation: G1CollectForAllocation (G1 Evacuation Pause) done
Event: 4.352 Executing non-safepoint VM operation: HandshakeAllThreads (Deoptimize)
Event: 4.352 Executing non-safepoint VM operation: HandshakeAllThreads (Deoptimize) done
Event: 4.371 Executing non-safepoint VM operation: HandshakeAllThreads (Deoptimize)
Event: 4.371 Executing non-safepoint VM operation: HandshakeAllThreads (Deoptimize) done
Event: 4.944 Executing safepoint VM operation: G1CollectForAllocation (G1 Evacuation Pause)
Event: 4.948 Executing safepoint VM operation: G1CollectForAllocation (G1 Evacuation Pause) done
Event: 13.489 Executing safepoint VM operation: JFRSafepointClear
Event: 13.489 Executing safepoint VM operation: JFRSafepointClear done
Event: 13.753 Executing safepoint VM operation: JFRSafepointWrite
Event: 13.753 Executing safepoint VM operation: JFRSafepointWrite done

Memory protections (0 events):
No events

Nmethod flushes (20 events):
Event: 1.585 Thread 0x0000021af896fc30 flushing  nmethod 0x0000021aed3b0488
Event: 1.585 Thread 0x0000021af896fc30 flushing  nmethod 0x0000021aed431608
Event: 4.173 Thread 0x0000021af896fc30 flushing  nmethod 0x0000021aed2ec108
Event: 4.173 Thread 0x0000021af896fc30 flushing  nmethod 0x0000021aed39d208
Event: 4.173 Thread 0x0000021af896fc30 flushing  nmethod 0x0000021aed26b208
Event: 4.173 Thread 0x0000021af896fc30 flushing  nmethod 0x0000021aed4b9108
Event: 4.173 Thread 0x0000021af896fc30 flushing  nmethod 0x0000021aed53a408
Event: 4.173 Thread 0x0000021af896fc30 flushing  nmethod 0x0000021aed584788
Event: 4.173 Thread 0x0000021af896fc30 flushing  nmethod 0x0000021aed0de588
Event: 4.173 Thread 0x0000021af896fc30 flushing  nmethod 0x0000021aed349408
Event: 4.173 Thread 0x0000021af896fc30 flushing  nmethod 0x0000021aed3c2308
Event: 4.173 Thread 0x0000021af896fc30 flushing  nmethod 0x0000021aed4e9d88
Event: 4.173 Thread 0x0000021af896fc30 flushing  nmethod 0x0000021aed512088
Event: 4.173 Thread 0x0000021af896fc30 flushing  nmethod 0x0000021aed52f688
Event: 4.173 Thread 0x0000021af896fc30 flushing  nmethod 0x0000021aed54b088
Event: 4.173 Thread 0x0000021af896fc30 flushing  nmethod 0x0000021aed579d88
Event: 4.173 Thread 0x0000021af896fc30 flushing  nmethod 0x0000021aed610b88
Event: 4.173 Thread 0x0000021af896fc30 flushing  nmethod 0x0000021aed32b688
Event: 4.173 Thread 0x0000021af896fc30 flushing  nmethod 0x0000021aed4c2908
Event: 4.173 Thread 0x0000021af896fc30 flushing  nmethod 0x0000021aed5aba08

Events (20 events):
Event: 4.929 Thread 0x0000021aff323ce0 Thread added: 0x0000021aff925740
Event: 4.935 Thread 0x0000021aff925740 Thread exited: 0x0000021aff925740
Event: 4.936 Thread 0x0000021aff323ce0 Thread added: 0x0000021aff922090
Event: 4.941 Thread 0x0000021aff922090 Thread exited: 0x0000021aff922090
Event: 4.942 Thread 0x0000021aff323ce0 Thread added: 0x0000021aff925740
Event: 4.951 Thread 0x0000021aff925740 Thread exited: 0x0000021aff925740
Event: 7.442 Thread 0x0000021aff328b00 Thread exited: 0x0000021aff328b00
Event: 8.053 Thread 0x0000021afda48c90 Thread exited: 0x0000021afda48c90
Event: 9.046 Thread 0x0000021afda45ea0 Thread exited: 0x0000021afda45ea0
Event: 9.046 Thread 0x0000021afd0a1e60 Thread exited: 0x0000021afd0a1e60
Event: 10.154 Thread 0x0000021af895ef10 Thread exited: 0x0000021af895ef10
Event: 13.444 Thread 0x0000021af89872e0 Thread added: 0x0000021aff927e50
Event: 13.455 Thread 0x0000021af899b820 Thread added: 0x0000021afd0fc170
Event: 13.455 Thread 0x0000021af899b820 Thread added: 0x0000021afff364c0
Event: 13.476 Thread 0x0000021af89872e0 Thread added: 0x0000021aff927680
Event: 13.516 Thread 0x0000021aff928620 Thread added: 0x0000021aff928620
Event: 13.516 Thread 0x0000021af89872e0 Thread added: 0x0000021a81b7a090
Event: 13.751 Thread 0x0000021aff928620 Thread exited: 0x0000021aff928620
Event: 13.751 Thread 0x0000021a81b7a090 Thread exited: 0x0000021a81b7a090
Event: 13.762 Thread 0x0000021af89872e0 Thread added: 0x0000021aff328b00


Dynamic libraries:
0x00007ff670610000 - 0x00007ff67061e000 	C:\Users\User\.jdks\openjdk-ea-26-ea+27-2778\bin\java.exe
0x00007ffe8bf40000 - 0x00007ffe8c1a7000 	C:\WINDOWS\SYSTEM32\ntdll.dll
0x00007ffe8ab70000 - 0x00007ffe8ac39000 	C:\WINDOWS\System32\KERNEL32.DLL
0x00007ffe88850000 - 0x00007ffe88c41000 	C:\WINDOWS\System32\KERNELBASE.dll
0x00007ffe88c50000 - 0x00007ffe88d9b000 	C:\WINDOWS\System32\ucrtbase.dll
0x00007ffe84620000 - 0x00007ffe84637000 	C:\Users\User\.jdks\openjdk-ea-26-ea+27-2778\bin\jli.dll
0x00007ffe84600000 - 0x00007ffe8461e000 	C:\Users\User\.jdks\openjdk-ea-26-ea+27-2778\bin\VCRUNTIME140.dll
0x00007ffe8bbb0000 - 0x00007ffe8bd75000 	C:\WINDOWS\System32\USER32.dll
0x00007ffe88820000 - 0x00007ffe88847000 	C:\WINDOWS\System32\win32u.dll
0x00007ffe71d50000 - 0x00007ffe71fe3000 	C:\WINDOWS\WinSxS\amd64_microsoft.windows.common-controls_6595b64144ccf1df_6.0.26100.8037_none_3e092faae333b53b\COMCTL32.dll
0x00007ffe8a1b0000 - 0x00007ffe8a1db000 	C:\WINDOWS\System32\GDI32.dll
0x00007ffe8b500000 - 0x00007ffe8b5a9000 	C:\WINDOWS\System32\msvcrt.dll
0x00007ffe89810000 - 0x00007ffe8993b000 	C:\WINDOWS\System32\gdi32full.dll
0x00007ffe89ab0000 - 0x00007ffe89b53000 	C:\WINDOWS\System32\msvcp_win.dll
0x00007ffe8a170000 - 0x00007ffe8a1a1000 	C:\WINDOWS\System32\IMM32.DLL
0x00007ffe85b10000 - 0x00007ffe85b1c000 	C:\Users\User\.jdks\openjdk-ea-26-ea+27-2778\bin\vcruntime140_1.dll
0x00007ffe79bc0000 - 0x00007ffe79c4d000 	C:\Users\User\.jdks\openjdk-ea-26-ea+27-2778\bin\msvcp140.dll
0x00007ffdc00b0000 - 0x00007ffdc0f7b000 	C:\Users\User\.jdks\openjdk-ea-26-ea+27-2778\bin\server\jvm.dll
0x00007ffe8b310000 - 0x00007ffe8b3cb000 	C:\WINDOWS\System32\ADVAPI32.dll
0x00007ffe8aac0000 - 0x00007ffe8ab67000 	C:\WINDOWS\System32\sechost.dll
0x00007ffe8a1e0000 - 0x00007ffe8a2f8000 	C:\WINDOWS\System32\RPCRT4.dll
0x00007ffe8b3e0000 - 0x00007ffe8b454000 	C:\WINDOWS\System32\WS2_32.dll
0x00007ffe810c0000 - 0x00007ffe810cb000 	C:\WINDOWS\SYSTEM32\VERSION.dll
0x00007ffe88410000 - 0x00007ffe8846e000 	C:\WINDOWS\SYSTEM32\POWRPROF.dll
0x00007ffe785d0000 - 0x00007ffe78605000 	C:\WINDOWS\SYSTEM32\WINMM.dll
0x00007ffe883f0000 - 0x00007ffe88404000 	C:\WINDOWS\SYSTEM32\UMPDC.dll
0x00007ffe87570000 - 0x00007ffe8758b000 	C:\WINDOWS\SYSTEM32\kernel.appcore.dll
0x00007ffe845f0000 - 0x00007ffe845fa000 	C:\Users\User\.jdks\openjdk-ea-26-ea+27-2778\bin\jimage.dll
0x00007ffe86760000 - 0x00007ffe869a2000 	C:\WINDOWS\SYSTEM32\DBGHELP.DLL
0x00007ffe8b820000 - 0x00007ffe8bba2000 	C:\WINDOWS\System32\combase.dll
0x00007ffe8b740000 - 0x00007ffe8b817000 	C:\WINDOWS\System32\OLEAUT32.dll
0x00007ffe6e360000 - 0x00007ffe6e39b000 	C:\WINDOWS\SYSTEM32\dbgcore.DLL
0x00007ffe89760000 - 0x00007ffe89805000 	C:\WINDOWS\System32\bcryptPrimitives.dll
0x00007ffe82aa0000 - 0x00007ffe82ab0000 	C:\Users\User\.jdks\openjdk-ea-26-ea+27-2778\bin\instrument.dll
0x00007ffe84590000 - 0x00007ffe845af000 	C:\Users\User\.jdks\openjdk-ea-26-ea+27-2778\bin\java.dll
0x00007ffe8ae40000 - 0x00007ffe8afd5000 	C:\WINDOWS\System32\ole32.dll
0x00007ffe8a300000 - 0x00007ffe8aa5f000 	C:\WINDOWS\System32\SHELL32.dll
0x00007ffe89940000 - 0x00007ffe89aaa000 	C:\WINDOWS\System32\wintypes.dll
0x00007ffe88e30000 - 0x00007ffe89694000 	C:\WINDOWS\System32\windows.storage.dll
0x00007ffe8bd80000 - 0x00007ffe8be77000 	C:\WINDOWS\System32\SHCORE.dll
0x00007ffe8b5b0000 - 0x00007ffe8b617000 	C:\WINDOWS\System32\shlwapi.dll
0x00007ffe88740000 - 0x00007ffe88769000 	C:\WINDOWS\SYSTEM32\profapi.dll
0x00007ffe815d0000 - 0x00007ffe815e7000 	C:\Users\User\.jdks\openjdk-ea-26-ea+27-2778\bin\zip.dll
0x00007ffe84570000 - 0x00007ffe84582000 	C:\Users\User\.jdks\openjdk-ea-26-ea+27-2778\bin\net.dll
0x00007ffe87ac0000 - 0x00007ffe87b2b000 	C:\WINDOWS\system32\mswsock.dll
0x00007ffe84550000 - 0x00007ffe84566000 	C:\Users\User\.jdks\openjdk-ea-26-ea+27-2778\bin\nio.dll
0x00007ffe80910000 - 0x00007ffe80919000 	C:\Users\User\.jdks\openjdk-ea-26-ea+27-2778\bin\extnet.dll
0x00007ffe86fa0000 - 0x00007ffe870ca000 	C:\WINDOWS\SYSTEM32\DNSAPI.dll
0x00007ffe86f60000 - 0x00007ffe86f93000 	C:\WINDOWS\SYSTEM32\IPHLPAPI.DLL
0x00007ffe8ac40000 - 0x00007ffe8ac4a000 	C:\WINDOWS\System32\NSI.dll
0x00007ffe7d460000 - 0x00007ffe7d46b000 	C:\Windows\System32\rasadhlp.dll
0x00007ffe7ec90000 - 0x00007ffe7ed16000 	C:\WINDOWS\System32\fwpuclnt.dll
0x00007ffe7f8d0000 - 0x00007ffe7f8da000 	C:\Users\User\.jdks\openjdk-ea-26-ea+27-2778\bin\management.dll
0x00007ffe79bb0000 - 0x00007ffe79bbc000 	C:\Users\User\.jdks\openjdk-ea-26-ea+27-2778\bin\management_ext.dll
0x00007ffe8ac50000 - 0x00007ffe8ac58000 	C:\WINDOWS\System32\PSAPI.DLL
0x00007ffe87ec0000 - 0x00007ffe87edb000 	C:\WINDOWS\SYSTEM32\CRYPTSP.dll
0x00007ffe874d0000 - 0x00007ffe87509000 	C:\WINDOWS\system32\rsaenh.dll
0x00007ffe87b70000 - 0x00007ffe87ba2000 	C:\WINDOWS\SYSTEM32\USERENV.dll
0x00007ffe88710000 - 0x00007ffe8873a000 	C:\WINDOWS\SYSTEM32\bcrypt.dll
0x00007ffe87d20000 - 0x00007ffe87d2c000 	C:\WINDOWS\SYSTEM32\CRYPTBASE.dll
0x00007ffe61aa0000 - 0x00007ffe61ab8000 	C:\WINDOWS\system32\napinsp.dll
0x00007ffe61250000 - 0x00007ffe61262000 	C:\WINDOWS\System32\winrnr.dll
0x00007ffe61c40000 - 0x00007ffe61c62000 	C:\WINDOWS\system32\nlansp_c.dll
0x00007ffe81240000 - 0x00007ffe81256000 	C:\WINDOWS\system32\wshbth.dll
0x00007ffe722c0000 - 0x00007ffe72316000 	C:\WINDOWS\SYSTEM32\pdh.dll
0x00007ffe5aaa0000 - 0x00007ffe5aab2000 	C:\WINDOWS\System32\perfproc.dll
0x00007ffe5a570000 - 0x00007ffe5a581000 	C:\WINDOWS\System32\perfos.dll
0x00007ffe85d60000 - 0x00007ffe85d72000 	C:\WINDOWS\SYSTEM32\pfclient.dll
0x00007ffe81f20000 - 0x00007ffe81f2e000 	C:\Users\User\.jdks\openjdk-ea-26-ea+27-2778\bin\sunmscapi.dll
0x00007ffe89b60000 - 0x00007ffe89cd7000 	C:\WINDOWS\System32\CRYPT32.dll
0x00007ffe88090000 - 0x00007ffe880c0000 	C:\WINDOWS\SYSTEM32\ncrypt.dll
0x00007ffe88040000 - 0x00007ffe8807f000 	C:\WINDOWS\SYSTEM32\NTASN1.dll
0x00007ffe58e90000 - 0x00007ffe58e98000 	C:\WINDOWS\system32\wshunix.dll
0x00007ffe79590000 - 0x00007ffe797a1000 	C:\Users\User\AppData\Local\Temp\idea_libasyncProfiler_dll_temp_folder1\libasyncProfiler.dll

JVMTI agents:
C:\Program Files\JetBrains\IntelliJ IDEA 2025.2.5\lib\idea_rt.jar path:C:\Users\User\.jdks\openjdk-ea-26-ea+27-2778\bin\instrument.dll, loaded, initialized, instrumentlib options:65068
C:\Users\User\AppData\Local\Temp\idea_libasyncProfiler_dll_temp_folder1\libasyncProfiler.dll path:C:\Users\User\.jdks\openjdk-ea-26-ea+27-2778\bin\instrument.dll, loaded, initialized, dynamic options:start,jfr,event=wall,interval=10ms,jfrsync=profile,cstack=no,file=C:\Users\User\IdeaSnapshots\JobSearchRemakeApplication_2026_04_15_172236.jfr,log=C:\Users\User\AppData\Local\Temp\JobSearchRemakeApplication_2026_04_15_172236.jfr.log.txt,loglevel=DEBUG,dbghelppath=C:\Users\User\AppData\Local\Temp\idea_dbghelp_dll_temp_folder\dbghelp.dll

dbghelp: loaded successfully - version: 4.0.5 - missing functions: none
symbol engine: initialized successfully - sym options: 0x614 - pdb path: .;C:\Users\User\.jdks\openjdk-ea-26-ea+27-2778\bin;C:\WINDOWS\SYSTEM32;C:\WINDOWS\WinSxS\amd64_microsoft.windows.common-controls_6595b64144ccf1df_6.0.26100.8037_none_3e092faae333b53b;C:\Users\User\.jdks\openjdk-ea-26-ea+27-2778\bin\server;C:\Users\User\AppData\Local\Temp\idea_libasyncProfiler_dll_temp_folder1

VM Arguments:
jvm_args: -XX:TieredStopAtLevel=1 -Dspring.output.ansi.enabled=always -Dcom.sun.management.jmxremote -Dspring.jmx.enabled=true -Dspring.liveBeansView.mbeanDomain -Dspring.application.admin.enabled=true -Dmanagement.endpoints.jmx.exposure.include=* -javaagent:C:\Program Files\JetBrains\IntelliJ IDEA 2025.2.5\lib\idea_rt.jar=65068 -Dfile.encoding=UTF-8 -Dsun.stdout.encoding=UTF-8 -Dsun.stderr.encoding=UTF-8 
java_command: kg.attractor.jobsearch_remake.JobSearchRemakeApplication
java_class_path (initial): C:\Users\User\OneDrive\Desktop\JobSearch_Remake\target\classes;C:\Users\User\.m2\repository\org\springframework\boot\spring-boot-starter-webmvc\4.0.5\spring-boot-starter-webmvc-4.0.5.jar;C:\Users\User\.m2\repository\org\springframework\boot\spring-boot-starter\4.0.5\spring-boot-starter-4.0.5.jar;C:\Users\User\.m2\repository\org\springframework\boot\spring-boot-starter-logging\4.0.5\spring-boot-starter-logging-4.0.5.jar;C:\Users\User\.m2\repository\ch\qos\logback\logback-classic\1.5.32\logback-classic-1.5.32.jar;C:\Users\User\.m2\repository\ch\qos\logback\logback-core\1.5.32\logback-core-1.5.32.jar;C:\Users\User\.m2\repository\org\apache\logging\log4j\log4j-to-slf4j\2.25.3\log4j-to-slf4j-2.25.3.jar;C:\Users\User\.m2\repository\org\apache\logging\log4j\log4j-api\2.25.3\log4j-api-2.25.3.jar;C:\Users\User\.m2\repository\org\slf4j\jul-to-slf4j\2.0.17\jul-to-slf4j-2.0.17.jar;C:\Users\User\.m2\repository\org\springframework\boot\spring-boot-autoconfigure\4.0.5\spring-boot-autoconfigure-4.0.5.jar;C:\Users\User\.m2\repository\jakarta\annotation\jakarta.annotation-api\3.0.0\jakarta.annotation-api-3.0.0.jar;C:\Users\User\.m2\repository\org\yaml\snakeyaml\2.5\snakeyaml-2.5.jar;C:\Users\User\.m2\repository\org\springframework\boot\spring-boot-starter-jackson\4.0.5\spring-boot-starter-jackson-4.0.5.jar;C:\Users\User\.m2\repository\org\springframework\boot\spring-boot-jackson\4.0.5\spring-boot-jackson-4.0.5.jar;C:\Users\User\.m2\repository\tools\jackson\core\jackson-databind\3.1.0\jackson-databind-3.1.0.jar;C:\Users\User\.m2\repository\com\fasterxml\jackson\core\jackson-annotations\2.21\jackson-annotations-2.21.jar;C:\Users\User\.m2\repository\tools\jackson\core\jackson-core\3.1.0\jackson-core-3.1.0.jar;C:\Users\User\.m2\repository\org\springframework\boot\spring-boot-starter-tomcat\4.0.5\spring-boot-starter-tomcat-4.0.5.jar;C:\Users\User\.m2\repository\org\springframework\boot\spring-boot-starter-tomcat-runtime\4.0.5\spring-boot-starter-tomcat-runtime-4.0.5.jar;C:\Users\User\.m2\repository\org\apache\tomcat\embed\tomcat-embed-core\11.0.20\tomcat-embed-core-11.0.20.jar;C:\Users\User\.m2\repository\org\apache\tomcat\embed\tomcat-embed-el\11.0.20\tomcat-embed-el-11.0.20.jar;C:\Users\User\.m2\repository\org\apache\tomcat\embed\tomcat-embed-websocket\11.0.20\tomcat-embed-websocket-11.0.20.jar;C:\Users\User\.m2\repository\org\springframework\boot\spring-boot-tomcat\4.0.5\spring-boot-tomcat-4.0.5.jar;C:\Users\User\.m2\repository\org\springframework\boot\spring-boot-http-converter\4.0.5\spring-boot-http-converter-4.0.5.jar;C:\Users\User\.m2\repository\org\springframework\boot\spring-boot\4.0.5\spring-boot-4.0.5.jar;C:\Users\User\.m2\repository\org\springframework\spring-context\7.0.6\spring-context-7.0.6.jar;C:\Users\User\.m2\repository\org\springframework\spring-web\7.0.6\spring-web-7.0.6.jar;C:\Users\User\.m2\repository\org\springframework\spring-beans\7.0.6\spring-beans-7.0.6.jar;C:\Users\User\.m2\repository\io\micrometer\micrometer-observation\1.16.4\micrometer-observation-1.16.4.jar;C:\Users\User\.m2\repository\io\micrometer\micrometer-commons\1.16.4\micrometer-commons-1.16.4.jar;C:\Users\User\.m2\repository\org\springframework\boot\spring-boot-webmvc\4.0.5\spring-boot-webmvc-4.0.5.jar;C:\Users\User\.m2\repository\org\springframework\boot\spring-boot-servlet\4.0.5\spring-boot-servlet-4.0.5.jar;C:\Users\User\.m2\repository\org\springframework\spring-webmvc\7.0.6\spring-webmvc-7.0.6.jar;C:\Users\User\.m2\repository\org\springframework\spring-aop\7.0.6\spring-aop-7.0.6.jar;C:\Users\User\.m2\repository\org\springframework\spring-expression\7.0.6\spring-expression-7.0.6.jar;C:\Users\User\.m2\repository\org\projectlombok\lombok\1.18.44\lombok-1.18.44.jar;C:\Users\User\.m2\repository\jakarta\xml\bind\jakarta.xml.bind-api\4.0.4\jakarta.xml.bind-api-4.0.4.jar;C:\Users\User\.m2\repository\jakarta\activation\jakarta.activation-api\2.1.4\jakarta.activation-api-2.1.4.jar;C:\Users\User\.m2\repository\org\springframework\spring-core\7.0.6\spring-core-7.0.6.jar;C:\Users\User\.m2\repository\commons-logging\commons-logging\1.3.6\commons-logging-1.3.6.jar;C:\Users\User\.m2\repository\org\springframework\boot\spring-boot-web-server\4.0.5\spring-boot-web-server-4.0.5.jar;C:\Users\User\.m2\repository\com\google\code\gson\gson\2.13.2\gson-2.13.2.jar;C:\Users\User\.m2\repository\com\google\errorprone\error_prone_annotations\2.41.0\error_prone_annotations-2.41.0.jar;C:\Users\User\.m2\repository\org\springdoc\springdoc-openapi-starter-webmvc-ui\3.0.2\springdoc-openapi-starter-webmvc-ui-3.0.2.jar;C:\Users\User\.m2\repository\org\springdoc\springdoc-openapi-starter-webmvc-api\3.0.2\springdoc-openapi-starter-webmvc-api-3.0.2.jar;C:\Users\User\.m2\repository\org\springdoc\springdoc-openapi-starter-common\3.0.2\springdoc-openapi-starter-common-3.0.2.jar;C:\Users\User\.m2\repository\org\springframework\boot\spring-boot-validation\4.0.5\spring-boot-validation-4.0.5.jar;C:\Users\User\.m2\repository\org\hibernate\validator\hibernate-validator\9.0.1.Final\hibernate-validator-9.0.1.Final.jar;C:\Users\User\.m2\repository\org\jboss\logging\jboss-logging\3.6.3.Final\jboss-logging-3.6.3.Final.jar;C:\Users\User\.m2\repository\com\fasterxml\classmate\1.7.3\classmate-1.7.3.jar;C:\Users\User\.m2\repository\io\swagger\core\v3\swagger-core-jakarta\2.2.43\swagger-core-jakarta-2.2.43.jar;C:\Users\User\.m2\repository\io\swagger\core\v3\swagger-annotations-jakarta\2.2.43\swagger-annotations-jakarta-2.2.43.jar;C:\Users\User\.m2\repository\io\swagger\core\v3\swagger-models-jakarta\2.2.43\swagger-models-jakarta-2.2.43.jar;C:\Users\User\.m2\repository\jakarta\validation\jakarta.validation-api\3.1.1\jakarta.validation-api-3.1.1.jar;C:\Users\User\.m2\repository\com\fasterxml\jackson\core\jackson-databind\2.21.2\jackson-databind-2.21.2.jar;C:\Users\User\.m2\repository\com\fasterxml\jackson\core\jackson-core\2.21.2\jackson-core-2.21.2.jar;C:\Users\User\.m2\repository\com\fasterxml\jackson\dataformat\jackson-dataformat-yaml\2.21.2\jackson-dataformat-yaml-2.21.2.jar;C:\Users\User\.m2\repository\com\fasterxml\jackson\datatype\jackson-datatype-jsr310\2.21.2\jackson-datatype-jsr310-2.21.2.jar;C:\Users\User\.m2\repository\org\webjars\swagger-ui\5.32.0\swagger-ui-5.32.0.jar;C:\Users\User\.m2\repository\org\webjars\webjars-locator-lite\1.1.3\webjars-locator-lite-1.1.3.jar;C:\Users\User\.m2\repository\org\jspecify\jspecify\1.0.0\jspecify-1.0.0.jar;C:\Users\User\.m2\repository\com\h2database\h2\2.4.240\h2-2.4.240.jar;C:\Users\User\.m2\repository\org\springframework\boot\spring-boot-starter-jdbc\4.0.3\spring-boot-starter-jdbc-4.0.3.jar;C:\Users\User\.m2\repository\org\springframework\boot\spring-boot-jdbc\4.0.5\spring-boot-jdbc-4.0.5.jar;C:\Users\User\.m2\repository\org\springframework\boot\spring-boot-sql\4.0.5\spring-boot-sql-4.0.5.jar;C:\Users\User\.m2\repository\org\springframework\boot\spring-boot-transaction\4.0.5\spring-boot-transaction-4.0.5.jar;C:\Users\User\.m2\repository\org\springframework\boot\spring-boot-persistence\4.0.5\spring-boot-persistence-4.0.5.jar;C:\Users\User\.m2\repository\org\springframework\spring-tx\7.0.6\spring-tx-7.0.6.jar;C:\Users\User\.m2\repository\org\springframework\spring-jdbc\7.0.6\spring-jdbc-7.0.6.jar;C:\Users\User\.m2\repository\com\zaxxer\HikariCP\7.0.2\HikariCP-7.0.2.jar;C:\Users\User\.m2\repository\org\slf4j\slf4j-api\2.0.17\slf4j-api-2.0.17.jar;C:\Users\User\.m2\repository\org\springframework\boot\spring-boot-starter-liquibase\4.1.0-M3\spring-boot-starter-liquibase-4.1.0-M3.jar;C:\Users\User\.m2\repository\org\springframework\boot\spring-boot-liquibase\4.0.5\spring-boot-liquibase-4.0.5.jar;C:\Users\User\.m2\repository\org\liquibase\liquibase-core\5.0.2\liquibase-core-5.0.2.jar;C:\Users\User\.m2\repository\org\apache\commons\commons-collections4\4.5.0\commons-collections4-4.5.0.jar;C:\Users\User\.m2\repository\org\apache\commons\commons-text\1.15.0\commons-text-1.15.0.jar;C:\Users\User\.m2\repository\com\opencsv\opencsv\5.12.0\opencsv-5.12.0.jar;C:\Users\User\.m2\repository\org\apache\commons\commons-lang3\3.19.0\commons-lang3-3.19.0.jar;C:\Users\User\.m2\repository\commons-io\commons-io\2.21.0\commons-io-2.21.0.jar
Launcher Type: SUN_STANDARD

[Global flags]
     bool AOTAdapterCaching                        = false                                  {diagnostic} {ergonomic}
     bool AOTInvokeDynamicLinking                  = false                                  {diagnostic} {ergonomic}
     bool AOTRecordTraining                        = false                                  {diagnostic} {ergonomic}
     bool AOTReplayTraining                        = false                                  {diagnostic} {ergonomic}
     bool AOTStubCaching                           = false                                  {diagnostic} {ergonomic}
     intx CICompilerCount                          = 8                                         {product} {ergonomic}
     uint ConcGCThreads                            = 3                                         {product} {ergonomic}
     bool FlightRecorder                           = true                                      {product} {management}
     uint G1ConcRefinementThreads                  = 13                                        {product} {ergonomic}
     uint G1EagerReclaimRemSetThreshold            = 16                                   {experimental} {ergonomic}
   size_t G1HeapRegionSize                         = 2097152                                   {product} {ergonomic}
     uint G1RemSetArrayOfCardsEntries              = 16                                   {experimental} {ergonomic}
     uint G1RemSetHowlMaxNumBuckets                = 8                                    {experimental} {ergonomic}
     uint G1RemSetHowlNumBuckets                   = 8                                    {experimental} {ergonomic}
   size_t InitialHeapSize                          = 8388608                                   {product} {ergonomic}
     bool IntelJccErratumMitigation                = false                             {ARCH diagnostic} {ergonomic}
     bool ManagementServer                         = true                                      {product} {command line}
   size_t MarkStackSize                            = 4194304                                   {product} {ergonomic}
   size_t MarkStackSizeMax                         = 536870912                                 {product} {ergonomic}
   size_t MaxHeapSize                              = 4223664128                                {product} {ergonomic}
   size_t MaxNewSize                               = 2533359616                                {product} {ergonomic}
 uint64_t MaxRAM                                   = 16890519552                               {product} {ergonomic}
   size_t MinHeapDeltaBytes                        = 2097152                                   {product} {ergonomic}
   size_t MinHeapSize                              = 8388608                                   {product} {ergonomic}
   size_t NonNMethodCodeHeapSize                   = 4096                                   {pd product} {ergonomic}
   size_t NonProfiledCodeHeapSize                  = 0                                      {pd product} {ergonomic}
     bool ProfileInterpreter                       = false                                  {pd product} {command line}
   size_t ProfiledCodeHeapSize                     = 0                                      {pd product} {ergonomic}
   size_t SoftMaxHeapSize                          = 4223664128                             {manageable} {ergonomic}
     intx TieredStopAtLevel                        = 1                                         {product} {command line}
     bool UseCompressedOops                        = true                           {product lp64_product} {ergonomic}
     bool UseCondCardMark                          = true                                      {product} {ergonomic}
     bool UseFastUnorderedTimeStamps               = true                                 {experimental} {ergonomic}
     bool UseG1GC                                  = true                                      {product} {ergonomic}
     bool UseLargePagesIndividualAllocation        = false                                  {pd product} {ergonomic}
      int X86ICacheSync                            = 3                                 {ARCH diagnostic} {ergonomic}

Logging:
Log output configuration:
 #0: stdout all=warning uptime,level,tags foldmultilines=false
 #1: stderr all=off uptime,level,tags foldmultilines=false

Release file:
IMPLEMENTOR="Oracle Corporation" 
JAVA_RUNTIME_VERSION="26-ea+27-2778" 
JAVA_VERSION="26" 
JAVA_VERSION_DATE="2026-03-17" 
LIBC="default" 
MODULES="java.base java.compiler java.datatransfer java.xml java.prefs java.desktop java.instrument java.logging java.management java.security.sasl java.naming java.rmi java.management.rmi java.net.http java.scripting java.security.jgss java.transaction.xa java.sql java.sql.rowset java.xml.crypto java.se java.smartcardio jdk.accessibility jdk.internal.jvmstat jdk.attach jdk.charsets jdk.internal.opt jdk.zipfs jdk.compiler jdk.crypto.cryptoki jdk.crypto.ec jdk.crypto.mscapi jdk.dynalink jdk.internal.ed jdk.editpad jdk.internal.vm.ci jdk.graal.compiler jdk.graal.compiler.management jdk.hotspot.agent jdk.httpserver jdk.incubator.vector jdk.internal.le jdk.internal.md jdk.jartool jdk.javadoc jdk.jcmd jdk.management jdk.management.agent jdk.jconsole jdk.jdeps jdk.jdwp.agent jdk.jdi jdk.jfr jdk.jlink jdk.jpackage jdk.jshell jdk.jstatd jdk.localedata jdk.management.jfr jdk.naming.dns jdk.naming.rmi jdk.net jdk.nio.mapmode jdk.sctp jdk.security.auth jdk.security.jgss jdk.unsupported jdk.unsupported.desktop jdk.xml.dom" 
OS_ARCH="x86_64" 
OS_NAME="Windows" 
SOURCE=".:git:45dcc0e7e26b" 

Environment Variables:
PATH=C:\Program Files\Common Files\Oracle\Java\javapath;C:\Program Files (x86)\Common Files\Oracle\Java\javapath;C:\Program Files (x86)\Common Files\Intel\Shared Libraries\redist\intel64_win\compiler;C:\WINDOWS\system32;C:\WINDOWS;C:\WINDOWS\System32\Wbem;C:\WINDOWS\System32\WindowsPowerShell\v1.0\;C:\WINDOWS\System32\OpenSSH\;C:\Program Files (x86)\NVIDIA Corporation\PhysX\Common;C:\Program Files\dotnet\;C:\Program Files\Git\cmd;C:\Program Files\NVIDIA Corporation\NVIDIA App\NvDLISR;C:\Users\User\AppData\Local\Microsoft\WindowsApps;C:\Users\User\AppData\Local\Programs\Microsoft VS Code\bin;C:\Program Files\JetBrains\IntelliJ IDEA 2025.2.5\bin;C:\ProgramData\User\GitHubDesktop\bin;C:\Users\User\AppData\Local\GitHubDesktop\bin
USERNAME=User
OS=Windows_NT
PROCESSOR_IDENTIFIER=Intel64 Family 6 Model 186 Stepping 2, GenuineIntel
TMP=C:\Users\User\AppData\Local\Temp
TEMP=C:\Users\User\AppData\Local\Temp




Compilation memory statistics disabled.

Periodic native trim disabled

---------------  S Y S T E M  ---------------

OS:
 Windows 11 , 64 bit Build 26100 (10.0.26100.7920)
OS uptime: 0 days 10:01 hours
Hyper-V role detected

CPU: total 16 (initial active 16) (hybrid) family 6 model 186 stepping 2 microcode 0x410e, cx8, cmov, fxsr, ht, mmx, 3dnowpref, sse, sse2, sse3, ssse3, sse4.1, sse4.2, popcnt, lzcnt, tsc, tscinvbit, avx, avx2, aes, erms, clmul, bmi1, bmi2, adx, sha, fma, vzeroupper, clflush, clflushopt, clwb, hv, serialize, rdtscp, rdpid, fsrm, gfni, f16c, cet_ibt, cet_ss, hybrid
Processor Information for processor 0
  Max Mhz: 2400, Current Mhz: 2400, Mhz Limit: 2400
Processor Information for processor 1
  Max Mhz: 2400, Current Mhz: 2400, Mhz Limit: 2400
Processor Information for processor 2
  Max Mhz: 2400, Current Mhz: 1520, Mhz Limit: 2400
Processor Information for processor 3
  Max Mhz: 2400, Current Mhz: 2400, Mhz Limit: 2400
Processor Information for processor 4
  Max Mhz: 2400, Current Mhz: 2400, Mhz Limit: 2400
Processor Information for processor 5
  Max Mhz: 2400, Current Mhz: 2400, Mhz Limit: 2400
Processor Information for processor 6
  Max Mhz: 2400, Current Mhz: 2400, Mhz Limit: 2400
Processor Information for processor 7
  Max Mhz: 2400, Current Mhz: 2400, Mhz Limit: 2400
Processor Information for processor 8
  Max Mhz: 2400, Current Mhz: 2400, Mhz Limit: 2400
Processor Information for processor 9
  Max Mhz: 2400, Current Mhz: 2400, Mhz Limit: 2400
Processor Information for processor 10
  Max Mhz: 2400, Current Mhz: 2400, Mhz Limit: 2400
Processor Information for processor 11
  Max Mhz: 2400, Current Mhz: 2400, Mhz Limit: 2400
Processor Information for processor 12
  Max Mhz: 2400, Current Mhz: 1500, Mhz Limit: 1800
Processor Information for processor 13
  Max Mhz: 2400, Current Mhz: 1500, Mhz Limit: 1800
Processor Information for processor 14
  Max Mhz: 2400, Current Mhz: 1500, Mhz Limit: 1800
Processor Information for processor 15
  Max Mhz: 2400, Current Mhz: 1500, Mhz Limit: 1800

Memory: 4k page, system-wide physical 16108M (4110M free)
TotalPageFile size 20204M (AvailPageFile size 2598M)
current process WorkingSet (physical memory assigned to process): 221M, peak: 221M
current process commit charge ("private bytes"): 294M, peak: 294M

vm_info: OpenJDK 64-Bit Server VM (26-ea+27-2778) for windows-amd64 JRE (26-ea+27-2778), built on 2025-12-04T18:43:15Z with MS VC++ 17.13 (VS2022)

END.
